2018/3/1 22:02:12 房间 2：幽灵之花于(985,242)被生成
2018/3/1 22:02:12 房间 2：恶魔于(985,242)被生成
2018/3/1 22:02:12 房间 2：幽灵之花于(985,318)被生成
2018/3/1 22:02:12 房间 2：幽灵之花于(985,242)被生成
2018/3/1 22:02:12 房间 2：魔蝠于(985,318)被生成
2018/3/1 22:02:12 房间 2：裂空玩偶于(985,90)被生成
2018/3/1 22:02:12 房间 2：病毒于(985,394)被生成
2018/3/1 22:02:12 房间 2：魔蝠于(985,90)被生成
2018/3/1 22:02:12 房间 2：裂空玩偶于(985,242)被生成
2018/3/1 22:02:12 房间 2：巫师于(985,166)被生成
2018/3/1 22:02:12 房间 2：魔蝠于(985,394)被生成
2018/3/1 22:02:12 房间 2：裂空玩偶于(985,242)被生成
2018/3/1 22:02:12 房间 2：幽灵之花于(985,90)被生成
2018/3/1 22:02:12 房间 2：幽灵之花于(985,394)被生成
2018/3/1 22:02:12 房间 2：幽灵之花于(985,394)被生成
2018/3/1 22:02:12 房间 2：巫师于(985,242)被生成
2018/3/1 22:02:12 房间 2：幽灵之花于(985,166)被生成
2018/3/1 22:02:12 房间 2：深空莲花于(985,90)被生成
2018/3/1 22:02:12 房间 2：巫师于(985,318)被生成
2018/3/1 22:02:12 房间 2：恶魔于(985,318)被生成
2018/3/1 22:02:12 房间 2：蜘蛛怪于(573.4,318)被生成
2018/3/1 22:02:12 房间 2：蜘蛛怪于(747.4,166)被生成
2018/3/1 22:02:12 房间 2：蜘蛛怪于(680.4,166)被生成
2018/3/1 22:02:12 房间 2：蜘蛛怪于(676.4,166)被生成
2018/3/1 22:02:12 房间 2：蜘蛛怪于(747.4,166)被生成
2018/3/1 22:02:08 房间 2：敌对魔兽6被加上Buff fire
2018/3/1 22:02:06 房间 2：敌对魔兽1被加上Buff ice
2018/3/1 22:02:05 房间 2：敌对魔兽8被加上Buff ice
2018/3/1 22:02:03 房间 2：敌对魔兽6被加上Buff ice
2018/3/1 22:02:02 房间 2：魔蝠于(981.5,394)被生成
2018/3/1 22:02:02 房间 2：巫师于(985,394)被生成
2018/3/1 22:02:02 房间 2：幽灵之花于(985,318)被生成
2018/3/1 22:02:02 房间 2：幽灵之花于(985,242)被生成
2018/3/1 22:02:01 房间 2：深空莲花于(985,242)被生成
2018/3/1 22:01:56 房间 2：电视于(686.4,318)被生成
2018/3/1 22:01:54 房间 2：玩家2把黑鹰放在了(244,242)
2018/3/1 22:01:52 房间 2：敌对魔兽1被加上Buff ice
2018/3/1 22:01:52 房间 2：魔蝠于(1057.5,394)被生成
2018/3/1 22:01:52 房间 2：魔蝠于(1057.5,90)被生成
2018/3/1 22:01:52 房间 2：恶魔于(985,242)被生成
2018/3/1 22:01:52 房间 2：裂空玩偶于(985,394)被生成
2018/3/1 22:01:52 房间 2：裂空玩偶于(985,90)被生成
2018/3/1 22:01:52 房间 2：巫师于(985,394)被生成
2018/3/1 22:01:41 房间 2：幽灵之花于(985,242)被生成
2018/3/1 22:01:41 房间 2：幽灵之花于(985,318)被生成
2018/3/1 22:01:41 房间 2：魔花于(985,242)被生成
2018/3/1 22:01:41 房间 2：魔花于(985,90)被生成
2018/3/1 22:01:40 房间 2：电视于(613.4,90)被生成
2018/3/1 22:01:37 房间 2：敌对魔兽25被加上Buff fire
2018/3/1 22:01:36 房间 2：敌对魔兽1被加上Buff fire
2018/3/1 22:01:34 房间 2：敌对魔兽4被加上Buff ice
2018/3/1 22:01:33 房间 2：敌对魔兽1被加上Buff fire
2018/3/1 22:01:33 房间 2：敌对魔兽2被加上Buff ice
2018/3/1 22:01:32 玩家1 退出了游戏 .
2018/3/1 22:01:32 房间 2：幽灵之花于(985,166)被生成
2018/3/1 22:01:32 房间 2：魔花于(985,394)被生成
2018/3/1 22:01:32 房间 2：幽灵之花于(985,90)被生成
2018/3/1 22:01:32 房间 2：幽灵之花于(985,318)被生成
2018/3/1 22:01:32 房间 2：幽灵之花于(985,242)被生成
2018/3/1 22:01:32 房间 2：幽灵之花于(985,166)被生成
2018/3/1 22:01:32 房间 2：幽灵之花于(985,166)被生成
2018/3/1 22:01:32 房间 2：幽灵之花于(985,166)被生成
2018/3/1 22:01:32 房间 2：魔花于(985,166)被生成
2018/3/1 22:01:32 房间 2：幽灵之花于(985,394)被生成
2018/3/1 22:01:32 房间 2：幽灵之花于(985,242)被生成
2018/3/1 22:01:31 房间 2：幽灵之花于(985,318)被生成
2018/3/1 22:01:31 房间 2：幽灵之花于(985,318)被生成
2018/3/1 22:01:31 房间 2：幽灵之花于(985,394)被生成
2018/3/1 22:01:31 房间 2：幽灵之花于(985,242)被生成
2018/3/1 22:01:31 房间 2：魔花于(985,166)被生成
2018/3/1 22:01:31 房间 2：幽灵之花于(985,166)被生成
2018/3/1 22:01:31 房间 2：魔花于(985,394)被生成
2018/3/1 22:01:31 房间 2：幽灵之花于(985,394)被生成
2018/3/1 22:01:31 房间 2：幽灵之花于(985,318)被生成
2018/3/1 22:01:31 房间 2：幽灵之花于(985,318)被生成
2018/3/1 22:01:31 房间 2：幽灵之花于(985,318)被生成
2018/3/1 22:01:31 房间 2：幽灵之花于(985,318)被生成
2018/3/1 22:01:31 房间 2：幽灵之花于(985,166)被生成
2018/3/1 22:01:31 房间 2：蜘蛛怪于(731.4,318)被生成
2018/3/1 22:01:31 房间 2：蜘蛛怪于(656.4,242)被生成
2018/3/1 22:01:31 房间 2：蜘蛛怪于(666.4,394)被生成
2018/3/1 22:01:31 房间 2：蜘蛛怪于(614.4,242)被生成
2018/3/1 22:01:31 房间 2：蜘蛛怪于(677.4,166)被生成
2018/3/1 22:01:31 房间 2：敌对魔兽4被加上Buff ice
2018/3/1 22:01:24 房间 2：敌对魔兽5被加上Buff ice
2018/3/1 22:01:23 房间 2：敌对魔兽1被加上Buff ice
2018/3/1 22:01:22 房间 2：敌对魔兽16被加上Buff ice
2018/3/1 22:01:21 房间 2：幽灵之花于(985,166)被生成
2018/3/1 22:01:21 房间 2：幽灵之花于(985,166)被生成
2018/3/1 22:01:21 房间 2：幽灵之花于(985,242)被生成
2018/3/1 22:01:21 房间 2：魔花于(985,242)被生成
2018/3/1 22:01:19 房间 2：敌对魔兽16被加上Buff ice
2018/3/1 22:01:15 房间 2：敌对魔兽8被加上Buff ice
2018/3/1 22:01:14 房间 2：敌对魔兽33被加上Buff fire
2018/3/1 22:01:13 房间 2：敌对魔兽2被加上Buff ice
2018/3/1 22:01:11 房间 2：幽灵之花于(985,242)被生成
2018/3/1 22:01:11 房间 2：幽灵之花于(985,394)被生成
2018/3/1 22:01:11 房间 2：幽灵之花于(985,166)被生成
2018/3/1 22:01:11 房间 2：幽灵之花于(985,242)被生成
2018/3/1 22:01:01 房间 2：幽灵之花于(985,166)被生成
2018/3/1 22:01:01 房间 2：魔花于(985,166)被生成
2018/3/1 22:01:01 房间 2：幽灵之花于(985,394)被生成
2018/3/1 22:01:01 房间 2：幽灵之花于(985,318)被生成
2018/3/1 22:00:55 房间 2：敌对魔兽2被加上Buff fire
2018/3/1 22:00:54 房间 2：玩家2把黑鹰放在了(244,394)
2018/3/1 22:00:54 房间 2：敌对魔兽7被加上Buff ice
2018/3/1 22:00:53 房间 2：敌对魔兽2被加上Buff fire
2018/3/1 22:00:53 房间 2：幽灵之花于(985,166)被生成
2018/3/1 22:00:53 房间 2：幽灵之花于(985,318)被生成
2018/3/1 22:00:53 房间 2：幽灵之花于(985,166)被生成
2018/3/1 22:00:53 房间 2：幽灵之花于(985,394)被生成
2018/3/1 22:00:53 房间 2：幽灵之花于(985,166)被生成
2018/3/1 22:00:53 房间 2：幽灵之花于(985,166)被生成
2018/3/1 22:00:53 房间 2：幽灵之花于(985,394)被生成
2018/3/1 22:00:52 房间 2：幽灵之花于(985,318)被生成
2018/3/1 22:00:52 房间 2：魔花于(985,394)被生成
2018/3/1 22:00:52 房间 2：幽灵之花于(985,90)被生成
2018/3/1 22:00:52 房间 2：魔花于(985,318)被生成
2018/3/1 22:00:52 房间 2：魔花于(985,394)被生成
2018/3/1 22:00:52 房间 2：幽灵之花于(985,90)被生成
2018/3/1 22:00:52 日志太长了，已经将它保存并且清空了屏幕。

