2018/3/1 21:54:55 房间 2：幽灵之花于(985,394)被生成
2018/3/1 21:54:55 房间 2：敌对魔兽1被加上Buff ice
2018/3/1 21:54:55 房间 2：玩家1把失落的滑稽放在了(548,90)
2018/3/1 21:54:53 房间 2：敌对魔兽25被加上Buff fire
2018/3/1 21:54:53 房间 2：敌对魔兽1被加上Buff fire
2018/3/1 21:54:52 房间 2：玩家2把黑鹰放在了(396,166)
2018/3/1 21:54:52 房间 2：玩家1把迪莫放在了(320,166)
2018/3/1 21:54:52 房间 2：敌对魔兽19被加上Buff fire
2018/3/1 21:54:51 房间 2：敌对魔兽1被加上Buff fire
2018/3/1 21:54:51 房间 2：敌对魔兽17被加上Buff fire
2018/3/1 21:54:51 房间 2：敌对魔兽13被加上Buff fire
2018/3/1 21:54:50 房间 2：敌对魔兽3被加上Buff fire
2018/3/1 21:54:50 房间 2：敌对魔兽6被加上Buff fire
2018/3/1 21:54:49 房间 2：敌对魔兽28被加上Buff fire
2018/3/1 21:54:49 房间 2：敌对魔兽23被加上Buff fire
2018/3/1 21:54:49 房间 2：敌对魔兽22被加上Buff fire
2018/3/1 21:54:49 房间 2：敌对魔兽18被加上Buff fire
2018/3/1 21:54:49 房间 2：敌对魔兽9被加上Buff fire
2018/3/1 21:54:48 房间 2：敌对魔兽12被加上Buff ice
2018/3/1 21:54:48 房间 2：敌对魔兽24被加上Buff fire
2018/3/1 21:54:48 房间 2：敌对魔兽8被加上Buff fire
2018/3/1 21:54:47 房间 2：敌对魔兽3被加上Buff fire
2018/3/1 21:54:47 房间 2：敌对魔兽7被加上Buff fire
2018/3/1 21:54:46 房间 2：魔兽17被删除
2018/3/1 21:54:45 房间 2：幽灵之花于(985,318)被生成
2018/3/1 21:54:45 房间 2：幽灵之花于(985,242)被生成
2018/3/1 21:54:45 房间 2：幽灵之花于(985,242)被生成
2018/3/1 21:54:45 房间 2：幽灵之花于(985,90)被生成
2018/3/1 21:54:45 房间 2：幽灵之花于(985,318)被生成
2018/3/1 21:54:45 房间 2：魔花于(985,242)被生成
2018/3/1 21:54:45 房间 2：幽灵之花于(985,242)被生成
2018/3/1 21:54:45 房间 2：魔花于(985,90)被生成
2018/3/1 21:54:45 房间 2：幽灵之花于(985,242)被生成
2018/3/1 21:54:45 房间 2：幽灵之花于(985,394)被生成
2018/3/1 21:54:45 房间 2：魔花于(985,166)被生成
2018/3/1 21:54:45 房间 2：魔花于(985,242)被生成
2018/3/1 21:54:45 房间 2：幽灵之花于(985,318)被生成
2018/3/1 21:54:45 房间 2：魔花于(985,242)被生成
2018/3/1 21:54:45 房间 2：魔花于(985,242)被生成
2018/3/1 21:54:45 房间 2：幽灵之花于(985,394)被生成
2018/3/1 21:54:45 房间 2：幽灵之花于(985,90)被生成
2018/3/1 21:54:45 房间 2：魔花于(985,318)被生成
2018/3/1 21:54:45 房间 2：幽灵之花于(985,242)被生成
2018/3/1 21:54:45 房间 2：魔花于(985,242)被生成
2018/3/1 21:54:45 房间 2：幽灵之花于(985,318)被生成
2018/3/1 21:54:45 房间 2：魔花于(985,166)被生成
2018/3/1 21:54:45 房间 2：幽灵之花于(985,394)被生成
2018/3/1 21:54:45 房间 2：幽灵之花于(985,242)被生成
2018/3/1 21:54:45 房间 2：蜘蛛怪于(660.4,394)被生成
2018/3/1 21:54:45 房间 2：蜘蛛怪于(746.4,394)被生成
2018/3/1 21:54:45 房间 2：蜘蛛怪于(635.4,166)被生成
2018/3/1 21:54:45 房间 2：蜘蛛怪于(628.4,90)被生成
2018/3/1 21:54:45 房间 2：蜘蛛怪于(584.4,242)被生成
2018/3/1 21:54:45 房间 2：贞子于(721.4,318)被生成
2018/3/1 21:54:45 房间 2：贞子于(714.4,318)被生成
2018/3/1 21:54:42 房间 2：魔兽1被删除
2018/3/1 21:54:41 房间 2：敌对魔兽1被加上Buff ice
2018/3/1 21:54:41 房间 2：敌对魔兽1被加上Buff ice
2018/3/1 21:54:40 房间 2：玩家1把迪莫放在了(396,90)
2018/3/1 21:54:39 房间 2：玩家1把黑嘴放在了(320,90)
2018/3/1 21:54:38 房间 2：敌对魔兽4被加上Buff fire
2018/3/1 21:54:38 房间 2：玩家2把冰棍放在了(244,394)
2018/3/1 21:54:37 房间 2：敌对魔兽1被加上Buff ice
2018/3/1 21:54:37 房间 2：敌对魔兽3被加上Buff ice
2018/3/1 21:54:36 房间 2：电视于(757.4,318)被生成
2018/3/1 21:54:35 房间 2：魔兽6被删除
2018/3/1 21:54:35 房间 2：幽灵之花于(985,318)被生成
2018/3/1 21:54:35 房间 2：幽灵之花于(985,166)被生成
2018/3/1 21:54:35 房间 2：幽灵之花于(985,166)被生成
2018/3/1 21:54:35 房间 2：魔花于(985,242)被生成
2018/3/1 21:54:35 房间 2：玩家1把天人放在了(396,394)
2018/3/1 21:54:31 房间 2：敌对魔兽4被加上Buff fire
2018/3/1 21:54:31 房间 2：电视于(750.4,318)被生成
2018/3/1 21:54:31 房间 2：敌对魔兽3被加上Buff fire
2018/3/1 21:54:31 房间 2：玩家1把麒麟放在了(396,318)
2018/3/1 21:54:30 房间 2：玩家2把黑鹰放在了(320,166)
2018/3/1 21:54:30 房间 2：电视于(681.4,166)被生成
2018/3/1 21:54:29 房间 2：敌对魔兽3被加上Buff fire
2018/3/1 21:54:27 房间 2：玩家1把无面花放在了(320,318)
2018/3/1 21:54:25 房间 2：玩家2把麒麟放在了(320,242)
2018/3/1 21:54:25 房间 2：魔花于(985,242)被生成
2018/3/1 21:54:25 房间 2：幽灵之花于(985,242)被生成
2018/3/1 21:54:25 房间 2：幽灵之花于(985,394)被生成
2018/3/1 21:54:25 房间 2：幽灵之花于(985,166)被生成
2018/3/1 21:54:20 房间 2：敌对魔兽3被加上Buff fire
2018/3/1 21:54:20 房间 2：敌对魔兽2被加上Buff ice
2018/3/1 21:54:19 房间 2：玩家2把深海之女放在了(320,90)
2018/3/1 21:54:17 房间 2：玩家2把冰棍放在了(320,394)
2018/3/1 21:54:15 房间 2：幽灵之花于(985,318)被生成
2018/3/1 21:54:15 房间 2：幽灵之花于(985,166)被生成
2018/3/1 21:54:15 房间 2：幽灵之花于(985,394)被生成
2018/3/1 21:54:15 房间 2：幽灵之花于(985,90)被生成
2018/3/1 21:54:15 房间 2：敌对魔兽1被加上Buff fire
2018/3/1 21:54:12 房间 2：玩家1把无面花放在了(244,318)
2018/3/1 21:54:10 房间 2：玩家2把黑鹰放在了(244,90)
2018/3/1 21:54:10 房间 2：玩家1把黑嘴放在了(244,90)
2018/3/1 21:54:07 房间 2：玩家2把麒麟放在了(244,242)
2018/3/1 21:54:04 房间 2：玩家2把坚硬的球放在了(548,242)
2018/3/1 21:54:03 房间 2：敌对魔兽3被加上Buff fire
2018/3/1 21:54:03 房间 2：敌对魔兽2被加上Buff ice
2018/3/1 21:54:01 房间 2：敌对魔兽1被加上Buff fire
2018/3/1 21:54:00 房间 2：电视于(704.4,242)被生成
2018/3/1 21:53:58 房间 2：敌对魔兽1被加上Buff fire
2018/3/1 21:53:58 房间 2：玩家2把黑鹰放在了(244,166)
2018/3/1 21:53:54 房间 2：玩家1把天人放在了(244,394)
2018/3/1 21:53:53 房间 2：敌对魔兽2被加上Buff ice
2018/3/1 21:53:51 房间 2：玩家2把冰棍放在了(168,394)
2018/3/1 21:53:49 房间 2：玩家1把无面花放在了(168,318)
2018/3/1 21:53:48 房间 2：电视于(598.4,166)被生成
2018/3/1 21:53:47 房间 2：玩家2把麒麟放在了(168,242)
2018/3/1 21:53:44 房间 2：玩家2把黑鹰放在了(168,166)
2018/3/1 21:53:35 房间 2：玩家1把无面花放在了(168,90)
2018/3/1 21:53:32 房间 2：电视于(574.4,394)被生成
2018/3/1 21:53:29 获取玩家3的名字为请输入...
2018/3/1 21:53:29 玩家3创建了房间
2018/3/1 21:53:29 玩家3 连接到了服务器。
2018/3/1 21:53:26 房间 2：电视于(650.4,90)被生成
2018/3/1 21:53:24 获取玩家1的名字为404
2018/3/1 21:53:24 玩家1加入了房间2，开始战斗。
2018/3/1 21:53:24 玩家1 连接到了服务器。
2018/3/1 21:53:09 获取玩家2的名字为小小白
2018/3/1 21:53:09 日志太长了，已经将它保存并且清空了屏幕。

