2018/3/1 21:24:16 房间 2：玩家1把微软放在了(320,166)
2018/3/1 21:24:11 玩家2 退出了游戏 .
2018/3/1 21:24:09 房间 2：玩家1把骑士放在了(320,90)
2018/3/1 21:24:07 房间 2：幽灵之花于(985,242)被生成
2018/3/1 21:24:07 房间 2：魔花于(985,166)被生成
2018/3/1 21:24:07 房间 2：幽灵之花于(985,166)被生成
2018/3/1 21:24:07 房间 2：魔花于(985,90)被生成
2018/3/1 21:24:07 房间 2：魔花于(985,166)被生成
2018/3/1 21:24:07 房间 2：魔花于(985,318)被生成
2018/3/1 21:24:07 房间 2：幽灵之花于(985,90)被生成
2018/3/1 21:24:07 房间 2：幽灵之花于(985,90)被生成
2018/3/1 21:24:07 房间 2：魔花于(985,166)被生成
2018/3/1 21:24:07 房间 2：幽灵之花于(985,242)被生成
2018/3/1 21:24:07 房间 2：幽灵之花于(985,90)被生成
2018/3/1 21:24:07 房间 2：魔花于(985,394)被生成
2018/3/1 21:24:07 房间 2：魔花于(985,242)被生成
2018/3/1 21:24:07 房间 2：幽灵之花于(985,394)被生成
2018/3/1 21:24:07 房间 2：幽灵之花于(985,166)被生成
2018/3/1 21:24:07 房间 2：幽灵之花于(985,318)被生成
2018/3/1 21:24:07 房间 2：幽灵之花于(985,394)被生成
2018/3/1 21:24:07 房间 2：魔花于(985,318)被生成
2018/3/1 21:24:07 房间 2：魔花于(985,166)被生成
2018/3/1 21:24:07 房间 2：幽灵之花于(985,242)被生成
2018/3/1 21:24:07 房间 2：魔花于(985,90)被生成
2018/3/1 21:24:07 房间 2：幽灵之花于(985,394)被生成
2018/3/1 21:24:07 房间 2：魔花于(985,394)被生成
2018/3/1 21:24:07 房间 2：幽灵之花于(985,242)被生成
2018/3/1 21:24:07 房间 2：蜘蛛怪于(610.4,90)被生成
2018/3/1 21:24:07 房间 2：蜘蛛怪于(638.4,394)被生成
2018/3/1 21:24:07 房间 2：蜘蛛怪于(734.4,242)被生成
2018/3/1 21:24:07 房间 2：蜘蛛怪于(698.4,166)被生成
2018/3/1 21:24:07 房间 2：蜘蛛怪于(715.4,242)被生成
2018/3/1 21:24:07 房间 2：贞子于(686.4,242)被生成
2018/3/1 21:24:07 房间 2：贞子于(651.4,318)被生成
2018/3/1 21:24:07 房间 2：贞子于(672.4,394)被生成
2018/3/1 21:24:07 房间 2：贞子于(597.4,242)被生成
2018/3/1 21:24:07 房间 2：贞子于(713.4,242)被生成
2018/3/1 21:24:07 房间 2：贞子于(560.4,90)被生成
2018/3/1 21:24:07 房间 2：贞子于(704.4,318)被生成
2018/3/1 21:24:04 房间 2：玩家1把微软放在了(320,242)
2018/3/1 21:23:57 房间 2：魔花于(985,318)被生成
2018/3/1 21:23:57 房间 2：魔花于(985,394)被生成
2018/3/1 21:23:57 房间 2：幽灵之花于(985,318)被生成
2018/3/1 21:23:57 房间 2：魔花于(985,242)被生成
2018/3/1 21:23:54 房间 2：玩家1把滑稽之花放在了(244,394)
2018/3/1 21:23:49 房间 2：玩家1把微软放在了(320,318)
2018/3/1 21:23:48 房间 2：电视于(596.4,90)被生成
2018/3/1 21:23:47 房间 2：玩家1把滑稽之花放在了(244,90)
2018/3/1 21:23:46 房间 2：魔花于(985,90)被生成
2018/3/1 21:23:46 房间 2：幽灵之花于(985,242)被生成
2018/3/1 21:23:46 房间 2：幽灵之花于(985,90)被生成
2018/3/1 21:23:46 房间 2：幽灵之花于(985,242)被生成
2018/3/1 21:23:46 房间 2：电视于(708.4,394)被生成
2018/3/1 21:23:46 房间 2：电视于(687.4,318)被生成
2018/3/1 21:23:46 房间 2：电视于(722.4,242)被生成
2018/3/1 21:23:46 房间 2：玩家1把微软放在了(244,166)
2018/3/1 21:23:46 房间 2：幽灵之花于(985,318)被生成
2018/3/1 21:23:46 房间 2：幽灵之花于(985,166)被生成
2018/3/1 21:23:46 房间 2：魔花于(985,394)被生成
2018/3/1 21:23:46 房间 2：幽灵之花于(985,318)被生成
2018/3/1 21:23:34 房间 2：玩家1把滑稽之花放在了(168,394)
2018/3/1 21:23:33 房间 2：电视于(576.4,318)被生成
2018/3/1 21:23:30 房间 2：电视于(703.4,166)被生成
2018/3/1 21:23:26 房间 2：幽灵之花于(985,242)被生成
2018/3/1 21:23:26 房间 2：魔花于(985,90)被生成
2018/3/1 21:23:26 房间 2：魔花于(985,90)被生成
2018/3/1 21:23:26 房间 2：魔花于(985,318)被生成
2018/3/1 21:23:26 房间 2：幽灵之花于(985,166)被生成
2018/3/1 21:23:26 房间 2：幽灵之花于(985,242)被生成
2018/3/1 21:23:26 房间 2：幽灵之花于(985,318)被生成
2018/3/1 21:23:26 房间 2：幽灵之花于(985,394)被生成
2018/3/1 21:23:26 房间 2：幽灵之花于(985,166)被生成
2018/3/1 21:23:26 房间 2：幽灵之花于(985,318)被生成
2018/3/1 21:23:26 房间 2：魔花于(985,318)被生成
2018/3/1 21:23:26 房间 2：幽灵之花于(985,318)被生成
2018/3/1 21:23:26 房间 2：幽灵之花于(985,90)被生成
2018/3/1 21:23:26 房间 2：魔花于(985,90)被生成
2018/3/1 21:23:26 房间 2：幽灵之花于(985,318)被生成
2018/3/1 21:23:26 房间 2：幽灵之花于(985,318)被生成
2018/3/1 21:23:26 房间 2：幽灵之花于(985,242)被生成
2018/3/1 21:23:26 房间 2：魔花于(985,166)被生成
2018/3/1 21:23:26 房间 2：幽灵之花于(985,242)被生成
2018/3/1 21:23:26 房间 2：幽灵之花于(985,318)被生成
2018/3/1 21:23:26 房间 2：魔花于(985,166)被生成
2018/3/1 21:23:26 房间 2：魔花于(985,90)被生成
2018/3/1 21:23:26 房间 2：魔花于(985,242)被生成
2018/3/1 21:23:26 房间 2：幽灵之花于(985,318)被生成
2018/3/1 21:23:26 房间 2：蜘蛛怪于(697.4,166)被生成
2018/3/1 21:23:26 房间 2：蜘蛛怪于(637.4,90)被生成
2018/3/1 21:23:26 房间 2：蜘蛛怪于(625.4,394)被生成
2018/3/1 21:23:26 房间 2：蜘蛛怪于(699.4,242)被生成
2018/3/1 21:23:26 房间 2：蜘蛛怪于(593.4,394)被生成
2018/3/1 21:23:26 房间 2：贞子于(682.4,242)被生成
2018/3/1 21:23:26 房间 2：贞子于(597.4,242)被生成
2018/3/1 21:23:26 房间 2：贞子于(651.4,318)被生成
2018/3/1 21:23:26 房间 2：贞子于(713.4,242)被生成
2018/3/1 21:23:26 房间 2：贞子于(547.4,166)被生成
2018/3/1 21:23:26 房间 2：贞子于(704.4,318)被生成
2018/3/1 21:23:24 房间 2：电视于(718.4,242)被生成
2018/3/1 21:23:24 房间 2：玩家1把微软放在了(244,242)
2018/3/1 21:23:16 房间 2：幽灵之花于(985,242)被生成
2018/3/1 21:23:16 房间 2：幽灵之花于(985,242)被生成
2018/3/1 21:23:16 房间 2：幽灵之花于(985,242)被生成
2018/3/1 21:23:16 房间 2：幽灵之花于(985,394)被生成
2018/3/1 21:23:10 房间 2：玩家1把滑稽之花放在了(168,318)
2018/3/1 21:23:06 房间 2：幽灵之花于(985,90)被生成
2018/3/1 21:23:06 房间 2：幽灵之花于(985,242)被生成
2018/3/1 21:23:06 房间 2：魔花于(985,318)被生成
2018/3/1 21:23:06 房间 2：幽灵之花于(985,318)被生成
2018/3/1 21:23:03 房间 2：玩家1把滑稽之花放在了(168,242)
2018/3/1 21:22:56 房间 2：幽灵之花于(985,90)被生成
2018/3/1 21:22:56 房间 2：魔花于(985,90)被生成
2018/3/1 21:22:56 房间 2：幽灵之花于(985,90)被生成
2018/3/1 21:22:56 房间 2：幽灵之花于(985,318)被生成
2018/3/1 21:22:52 房间 2：电视于(633.4,242)被生成
2018/3/1 21:22:30 房间 2：电视于(687.4,318)被生成
2018/3/1 21:22:20 房间 2：电视于(749.4,242)被生成
2018/3/1 21:22:17 房间 2：玩家1把微软放在了(244,318)
2018/3/1 21:22:16 房间 2：电视于(583.4,166)被生成
2018/3/1 21:22:13 房间 2：玩家1把滑稽之花放在了(168,166)
2018/3/1 21:22:12 日志太长了，已经将它保存并且清空了屏幕。

