2018/3/1 22:05:57 房间 2：敌对魔兽2被加上Buff fire
2018/3/1 22:05:57 房间 2：敌对魔兽2被加上Buff ice
2018/3/1 22:05:54 房间 2：电视于(655.4,394)被生成
2018/3/1 22:05:53 房间 2：绝望于(985,242)被生成
2018/3/1 22:05:53 房间 2：恶魔于(985,242)被生成
2018/3/1 22:05:53 房间 2：恶魔于(985,242)被生成
2018/3/1 22:05:53 房间 2：深空之眼于(985,242)被生成
2018/3/1 22:05:53 房间 2：敌对魔兽4被加上Buff ice
2018/3/1 22:05:51 房间 2：电视于(687.4,90)被生成
2018/3/1 22:05:44 房间 2：敌对魔兽7被加上Buff ice
2018/3/1 22:05:43 房间 2：深空之眼于(985,90)被生成
2018/3/1 22:05:43 房间 2：幽灵之花于(985,166)被生成
2018/3/1 22:05:43 房间 2：幽灵之花于(985,318)被生成
2018/3/1 22:05:43 房间 2：幽灵之花于(985,90)被生成
2018/3/1 22:05:42 房间 2：敌对魔兽11被加上Buff ice
2018/3/1 22:05:42 房间 2：敌对魔兽11被加上Buff ice
2018/3/1 22:05:38 房间 2：敌对魔兽5被加上Buff ice
2018/3/1 22:05:37 房间 2：敌对魔兽3被加上Buff ice
2018/3/1 22:05:36 房间 2：敌对魔兽3被加上Buff fire
2018/3/1 22:05:33 房间 2：魔蝠于(1051,242)被生成
2018/3/1 22:05:33 房间 2：魔蝠于(758,318)被生成
2018/3/1 22:05:33 房间 2：深空莲花于(985,242)被生成
2018/3/1 22:05:33 房间 2：恶魔于(985,318)被生成
2018/3/1 22:05:33 房间 2：深空莲花于(985,318)被生成
2018/3/1 22:05:33 房间 2：魔蝠于(985,318)被生成
2018/3/1 22:05:33 房间 2：绝望于(985,90)被生成
2018/3/1 22:05:33 房间 2：深空莲花于(985,242)被生成
2018/3/1 22:05:33 房间 2：恶魔于(985,318)被生成
2018/3/1 22:05:33 房间 2：吸血鬼于(985,242)被生成
2018/3/1 22:05:33 房间 2：魔蝠于(985,90)被生成
2018/3/1 22:05:33 房间 2：魔蝠于(985,242)被生成
2018/3/1 22:05:33 房间 2：剧毒蜂于(985,90)被生成
2018/3/1 22:05:33 房间 2：魔蝠于(985,166)被生成
2018/3/1 22:05:33 房间 2：深空之眼于(985,318)被生成
2018/3/1 22:05:33 房间 2：吸血鬼于(985,394)被生成
2018/3/1 22:05:33 房间 2：吸血鬼于(985,90)被生成
2018/3/1 22:05:33 房间 2：幽灵之花于(985,166)被生成
2018/3/1 22:05:33 房间 2：吸血鬼于(985,394)被生成
2018/3/1 22:05:33 房间 2：幽灵之花于(985,394)被生成
2018/3/1 22:05:33 房间 2：幽灵之花于(985,90)被生成
2018/3/1 22:05:33 房间 2：吸血鬼于(985,318)被生成
2018/3/1 22:05:33 房间 2：剧毒蜂于(985,90)被生成
2018/3/1 22:05:33 房间 2：幽灵之花于(985,318)被生成
2018/3/1 22:05:33 房间 2：裂空玩偶于(985,242)被生成
2018/3/1 22:05:33 房间 2：吸血鬼于(985,394)被生成
2018/3/1 22:05:33 房间 2：蜘蛛怪于(608.4,242)被生成
2018/3/1 22:05:33 房间 2：蜘蛛怪于(602.4,90)被生成
2018/3/1 22:05:33 房间 2：蜘蛛怪于(758.4,242)被生成
2018/3/1 22:05:33 房间 2：蜘蛛怪于(651.4,90)被生成
2018/3/1 22:05:33 房间 2：蜘蛛怪于(661.4,242)被生成
2018/3/1 22:05:28 房间 2：敌对魔兽6被加上Buff ice
2018/3/1 22:05:28 房间 2：敌对魔兽4被加上Buff ice
2018/3/1 22:05:23 房间 2：魔蝠于(1051.5,166)被生成
2018/3/1 22:05:23 房间 2：魔蝠于(832.5,318)被生成
2018/3/1 22:05:23 房间 2：恶魔于(985,90)被生成
2018/3/1 22:05:23 房间 2：裂空玩偶于(985,166)被生成
2018/3/1 22:05:23 房间 2：吸血鬼于(985,242)被生成
2018/3/1 22:05:23 房间 2：幽灵之花于(985,166)被生成
2018/3/1 22:05:23 房间 2：电视于(758.4,394)被生成
2018/3/1 22:05:21 房间 2：敌对魔兽7被加上Buff ice
2018/3/1 22:05:14 房间 2：敌对魔兽9被加上Buff ice
2018/3/1 22:05:13 房间 2：魔蝠于(906.5,318)被生成
2018/3/1 22:05:12 房间 2：幽灵之花于(985,394)被生成
2018/3/1 22:05:12 房间 2：幽灵之花于(985,242)被生成
2018/3/1 22:05:12 房间 2：幽灵之花于(985,166)被生成
2018/3/1 22:05:12 房间 2：恶魔于(985,318)被生成
2018/3/1 22:05:11 房间 2：敌对魔兽9被加上Buff ice
2018/3/1 22:05:09 房间 2：敌对魔兽7被加上Buff ice
2018/3/1 22:05:05 房间 2：敌对魔兽9被加上Buff ice
2018/3/1 22:05:03 房间 2：魔蝠于(980,318)被生成
2018/3/1 22:05:02 房间 2：深空之眼于(985,166)被生成
2018/3/1 22:05:02 房间 2：幽灵之花于(985,242)被生成
2018/3/1 22:05:02 房间 2：剧毒蜂于(985,394)被生成
2018/3/1 22:05:02 房间 2：绝望于(985,242)被生成
2018/3/1 22:05:01 房间 2：敌对魔兽3被加上Buff ice
2018/3/1 22:05:00 房间 2：敌对魔兽9被加上Buff ice
2018/3/1 22:04:54 房间 2：敌对魔兽21被加上Buff ice
2018/3/1 22:04:53 房间 2：敌对魔兽3被加上Buff ice
2018/3/1 22:04:53 房间 2：魔蝠于(1052,318)被生成
2018/3/1 22:04:52 房间 2：敌对魔兽3被加上Buff ice
2018/3/1 22:04:52 房间 2：魔蝠于(985,242)被生成
2018/3/1 22:04:52 房间 2：绝望于(985,394)被生成
2018/3/1 22:04:52 房间 2：魔蝠于(985,242)被生成
2018/3/1 22:04:52 房间 2：吸血鬼于(985,394)被生成
2018/3/1 22:04:52 房间 2：深空之眼于(985,394)被生成
2018/3/1 22:04:52 房间 2：深空之眼于(985,90)被生成
2018/3/1 22:04:52 房间 2：绝望于(985,318)被生成
2018/3/1 22:04:52 房间 2：幽灵之花于(985,318)被生成
2018/3/1 22:04:52 房间 2：深空之眼于(985,242)被生成
2018/3/1 22:04:52 房间 2：幽灵之花于(985,166)被生成
2018/3/1 22:04:52 房间 2：绝望于(985,318)被生成
2018/3/1 22:04:52 房间 2：幽灵之花于(985,242)被生成
2018/3/1 22:04:52 房间 2：绝望于(985,318)被生成
2018/3/1 22:04:52 房间 2：剧毒蜂于(985,166)被生成
2018/3/1 22:04:52 房间 2：裂空玩偶于(985,318)被生成
2018/3/1 22:04:52 房间 2：绝望于(985,242)被生成
2018/3/1 22:04:52 房间 2：幽灵之花于(985,90)被生成
2018/3/1 22:04:52 房间 2：魔蝠于(985,90)被生成
2018/3/1 22:04:52 房间 2：深空之眼于(985,90)被生成
2018/3/1 22:04:52 房间 2：深空莲花于(985,318)被生成
2018/3/1 22:04:52 房间 2：幽灵之花于(985,318)被生成
2018/3/1 22:04:52 房间 2：魔蝠于(985,394)被生成
2018/3/1 22:04:52 房间 2：深空之眼于(985,318)被生成
2018/3/1 22:04:52 房间 2：深空之眼于(985,242)被生成
2018/3/1 22:04:48 房间 2：电视于(757.4,318)被生成
2018/3/1 22:04:46 玩家3 退出了游戏 .
2018/3/1 22:04:43 房间 2：魔蝠于(832.5,318)被生成
2018/3/1 22:04:42 房间 2：吸血鬼于(985,166)被生成
2018/3/1 22:04:42 房间 2：剧毒蜂于(985,394)被生成
2018/3/1 22:04:42 房间 2：剧毒蜂于(985,166)被生成
2018/3/1 22:04:42 房间 2：魔蝠于(985,394)被生成
2018/3/1 22:04:42 玩家1 退出了游戏 .
2018/3/1 22:04:41 房间 2：电视于(732.4,394)被生成
2018/3/1 22:04:41 房间 2：敌对魔兽2被加上Buff ice
2018/3/1 22:04:39 房间 2：电视于(735.4,90)被生成
2018/3/1 22:04:36 房间 2：敌对魔兽3被加上Buff ice
2018/3/1 22:04:33 房间 2：魔蝠于(906,318)被生成
2018/3/1 22:04:33 房间 2：魔蝠于(1053,90)被生成
2018/3/1 22:04:32 房间 2：魔蝠于(985,242)被生成
2018/3/1 22:04:32 房间 2：裂空玩偶于(985,90)被生成
2018/3/1 22:04:32 房间 2：吸血鬼于(985,242)被生成
2018/3/1 22:04:32 房间 2：绝望于(985,242)被生成
2018/3/1 22:04:28 日志太长了，已经将它保存并且清空了屏幕。

