2018/3/1 22:43:02 房间 3：幽灵之花于(985,90)被生成
2018/3/1 22:43:02 房间 3：幽灵之花于(985,166)被生成
2018/3/1 22:43:02 房间 3：魔花于(985,394)被生成
2018/3/1 22:43:02 房间 3：幽灵之花于(985,90)被生成
2018/3/1 22:43:02 房间 3：幽灵之花于(985,318)被生成
2018/3/1 22:43:02 房间 3：幽灵之花于(985,318)被生成
2018/3/1 22:43:02 房间 3：魔花于(985,90)被生成
2018/3/1 22:43:02 房间 3：魔花于(985,166)被生成
2018/3/1 22:43:00 房间 3：魔兽24被使用滑稽能量
2018/3/1 22:42:56 房间 3：电视于(658.4,394)被生成
2018/3/1 22:42:56 房间 3：敌对魔兽1被加上Buff ice
2018/3/1 22:42:55 房间 3：敌对魔兽2被加上Buff ice
2018/3/1 22:42:53 房间 3：404说：“easy”
2018/3/1 22:42:51 房间 3：幽灵之花于(985,166)被生成
2018/3/1 22:42:51 房间 3：幽灵之花于(985,166)被生成
2018/3/1 22:42:51 房间 3：幽灵之花于(985,90)被生成
2018/3/1 22:42:51 房间 3：幽灵之花于(985,242)被生成
2018/3/1 22:42:45 房间 3：敌对魔兽3被加上Buff fire
2018/3/1 22:42:43 房间 3：玩家3把微软放在了(624,166)
2018/3/1 22:42:40 房间 3：幽灵之花于(985,318)被生成
2018/3/1 22:42:40 房间 3：幽灵之花于(985,318)被生成
2018/3/1 22:42:40 房间 3：幽灵之花于(985,394)被生成
2018/3/1 22:42:40 房间 3：幽灵之花于(985,394)被生成
2018/3/1 22:42:40 房间 3：玩家1把冰雪兽放在了(548,90)
2018/3/1 22:42:37 房间 3：玩家1把玄武放在了(548,394)
2018/3/1 22:42:36 房间 3：敌对魔兽5被加上Buff ice
2018/3/1 22:42:35 房间 3：电视于(711.4,166)被生成
2018/3/1 22:42:34 房间 3：玩家1把千羽鹤放在了(548,318)
2018/3/1 22:42:33 房间 3：敌对魔兽4被加上Buff fire
2018/3/1 22:42:32 房间 3：玩家1把麒麟放在了(548,242)
2018/3/1 22:42:29 房间 3：幽灵之花于(985,318)被生成
2018/3/1 22:42:29 房间 3：魔花于(985,90)被生成
2018/3/1 22:42:29 房间 3：幽灵之花于(985,90)被生成
2018/3/1 22:42:29 房间 3：幽灵之花于(985,90)被生成
2018/3/1 22:42:27 房间 3：敌对魔兽4被加上Buff fire
2018/3/1 22:42:25 房间 3：玩家3把微软放在了(548,166)
2018/3/1 22:42:23 房间 3：敌对魔兽2被加上Buff fire
2018/3/1 22:42:23 房间 3：敌对魔兽3被加上Buff ice
2018/3/1 22:42:23 房间 3：敌对魔兽18被加上Buff fire
2018/3/1 22:42:22 房间 3：敌对魔兽23被加上Buff fire
2018/3/1 22:42:21 房间 3：玩家1把失落的滑稽放在了(548,166)
2018/3/1 22:42:19 房间 3：敌对魔兽23被加上Buff fire
2018/3/1 22:42:19 房间 3：幽灵之花于(985,318)被生成
2018/3/1 22:42:19 房间 3：幽灵之花于(985,318)被生成
2018/3/1 22:42:19 房间 3：魔花于(985,318)被生成
2018/3/1 22:42:19 房间 3：魔花于(985,318)被生成
2018/3/1 22:42:19 房间 3：魔花于(985,318)被生成
2018/3/1 22:42:19 房间 3：幽灵之花于(985,394)被生成
2018/3/1 22:42:19 房间 3：魔花于(985,242)被生成
2018/3/1 22:42:19 房间 3：幽灵之花于(985,166)被生成
2018/3/1 22:42:19 房间 3：幽灵之花于(985,394)被生成
2018/3/1 22:42:19 房间 3：幽灵之花于(985,394)被生成
2018/3/1 22:42:19 房间 3：幽灵之花于(985,90)被生成
2018/3/1 22:42:19 房间 3：魔花于(985,394)被生成
2018/3/1 22:42:19 房间 3：幽灵之花于(985,90)被生成
2018/3/1 22:42:19 房间 3：幽灵之花于(985,318)被生成
2018/3/1 22:42:19 房间 3：魔花于(985,90)被生成
2018/3/1 22:42:19 房间 3：魔花于(985,166)被生成
2018/3/1 22:42:19 房间 3：幽灵之花于(985,166)被生成
2018/3/1 22:42:19 房间 3：幽灵之花于(985,166)被生成
2018/3/1 22:42:19 房间 3：幽灵之花于(985,90)被生成
2018/3/1 22:42:19 房间 3：魔花于(985,318)被生成
2018/3/1 22:42:19 房间 3：幽灵之花于(985,90)被生成
2018/3/1 22:42:19 房间 3：幽灵之花于(985,394)被生成
2018/3/1 22:42:18 房间 3：幽灵之花于(985,394)被生成
2018/3/1 22:42:18 房间 3：幽灵之花于(985,242)被生成
2018/3/1 22:42:18 房间 3：蜘蛛怪于(619.4,166)被生成
2018/3/1 22:42:18 房间 3：蜘蛛怪于(721.4,166)被生成
2018/3/1 22:42:18 房间 3：蜘蛛怪于(629.4,318)被生成
2018/3/1 22:42:18 房间 3：蜘蛛怪于(721.4,90)被生成
2018/3/1 22:42:18 房间 3：蜘蛛怪于(702.4,394)被生成
2018/3/1 22:42:18 房间 3：贞子于(714.4,318)被生成
2018/3/1 22:42:17 房间 3：魔兽10被使用滑稽能量
2018/3/1 22:42:16 房间 3：敌对魔兽2被加上Buff fire
2018/3/1 22:42:16 房间 3：玩家1把冰雪兽放在了(472,90)
2018/3/1 22:42:15 房间 3：电视于(750.4,318)被生成
2018/3/1 22:42:13 房间 3：敌对魔兽1被加上Buff fire
2018/3/1 22:42:10 房间 3：玩家1把麒麟放在了(472,394)
2018/3/1 22:42:09 房间 3：玩家1把千羽鹤放在了(472,166)
2018/3/1 22:42:08 房间 3：敌对魔兽1被加上Buff ice
2018/3/1 22:42:08 房间 3：魔兽21被使用滑稽能量
2018/3/1 22:42:07 房间 3：幽灵之花于(985,394)被生成
2018/3/1 22:42:07 房间 3：幽灵之花于(985,394)被生成
2018/3/1 22:42:07 房间 3：幽灵之花于(985,394)被生成
2018/3/1 22:42:07 房间 3：幽灵之花于(985,242)被生成
2018/3/1 22:42:07 房间 3：玩家1把玄武放在了(472,318)
2018/3/1 22:42:05 房间 3：玩家1把黑嘴放在了(472,242)
2018/3/1 22:42:00 房间 3：敌对魔兽1被加上Buff ice
2018/3/1 22:41:56 房间 3：幽灵之花于(985,242)被生成
2018/3/1 22:41:56 房间 3：魔花于(985,394)被生成
2018/3/1 22:41:56 房间 3：幽灵之花于(985,242)被生成
2018/3/1 22:41:56 房间 3：幽灵之花于(985,166)被生成
2018/3/1 22:41:53 房间 3：敌对魔兽2被加上Buff fire
2018/3/1 22:41:52 房间 3：玩家1把麒麟放在了(396,394)
2018/3/1 22:41:50 房间 3：玩家1把玄武放在了(396,90)
2018/3/1 22:41:49 房间 3：玩家3把微软放在了(396,318)
2018/3/1 22:41:45 房间 3：魔花于(985,242)被生成
2018/3/1 22:41:45 房间 3：魔花于(985,166)被生成
2018/3/1 22:41:45 房间 3：幽灵之花于(985,318)被生成
2018/3/1 22:41:45 房间 3：幽灵之花于(985,90)被生成
2018/3/1 22:41:44 房间 3：玩家1把黑嘴放在了(320,394)
2018/3/1 22:41:42 房间 3：玩家1把千羽鹤放在了(320,318)
2018/3/1 22:41:40 房间 3：404说：“2333”
2018/3/1 22:41:38 房间 3：玩家3把微软放在了(396,166)
2018/3/1 22:41:36 房间 3：玩家1把麒麟放在了(320,90)
2018/3/1 22:41:35 房间 3：uvwxyz说：“这几匹太他妈帅了操发送信息...”
2018/3/1 22:41:34 房间 3：电视于(639.4,166)被生成
2018/3/1 22:41:31 房间 3：玩家1把冰雪兽放在了(320,166)
2018/3/1 22:41:23 房间 3：玩家1把玄武放在了(244,90)
2018/3/1 22:41:23 房间 3：玩家3把滑稽之花放在了(168,394)
2018/3/1 22:41:21 房间 3：玩家1把千羽鹤放在了(244,394)
2018/3/1 22:41:20 房间 3：玩家1把麒麟放在了(244,318)
2018/3/1 22:41:19 房间 3：玩家1把冰雪兽放在了(244,242)
2018/3/1 22:41:19 房间 3：玩家3把骑士放在了(396,242)
2018/3/1 22:41:18 房间 3：玩家1把黑嘴放在了(244,166)
2018/3/1 22:41:11 房间 3：玩家3把微软放在了(320,242)
2018/3/1 22:41:11 房间 3：玩家1把无面花放在了(168,318)
2018/3/1 22:41:09 房间 3：玩家3把滑稽之花放在了(168,242)
2018/3/1 22:41:02 房间 3：魔兽2被使用滑稽能量
2018/3/1 22:41:01 日志太长了，已经将它保存并且清空了屏幕。

