2018/3/1 22:14:13 房间 2：幽灵之花于(985,394)被生成
2018/3/1 22:14:13 房间 2：幽灵之花于(985,318)被生成
2018/3/1 22:14:13 房间 2：魔兽7被使用滑稽能量
2018/3/1 22:14:13 房间 2：魔兽7被使用滑稽能量
2018/3/1 22:14:12 房间 2：魔兽7被使用滑稽能量
2018/3/1 22:14:12 房间 2：魔兽7被使用滑稽能量
2018/3/1 22:14:12 房间 2：魔兽7被使用滑稽能量
2018/3/1 22:14:12 房间 2：魔兽7被使用滑稽能量
2018/3/1 22:14:11 房间 2：魔兽7被使用滑稽能量
2018/3/1 22:14:11 房间 2：魔兽7被使用滑稽能量
2018/3/1 22:14:11 房间 2：魔兽7被使用滑稽能量
2018/3/1 22:14:10 房间 2：魔兽7被使用滑稽能量
2018/3/1 22:14:10 房间 2：魔兽7被使用滑稽能量
2018/3/1 22:14:10 房间 2：魔兽7被使用滑稽能量
2018/3/1 22:14:10 房间 2：魔兽7被使用滑稽能量
2018/3/1 22:14:09 房间 2：魔兽7被使用滑稽能量
2018/3/1 22:14:09 房间 2：魔兽7被使用滑稽能量
2018/3/1 22:14:09 房间 2：魔兽7被使用滑稽能量
2018/3/1 22:14:08 房间 2：魔兽7被使用滑稽能量
2018/3/1 22:14:08 房间 2：魔兽7被使用滑稽能量
2018/3/1 22:14:08 房间 2：魔兽7被使用滑稽能量
2018/3/1 22:14:08 房间 2：魔兽7被使用滑稽能量
2018/3/1 22:14:08 房间 2：魔兽7被使用滑稽能量
2018/3/1 22:14:07 房间 2：魔兽7被使用滑稽能量
2018/3/1 22:14:07 房间 2：魔兽7被使用滑稽能量
2018/3/1 22:14:07 房间 2：魔兽7被使用滑稽能量
2018/3/1 22:14:07 房间 2：魔兽7被使用滑稽能量
2018/3/1 22:14:06 房间 2：魔兽7被使用滑稽能量
2018/3/1 22:14:06 房间 2：魔兽7被使用滑稽能量
2018/3/1 22:14:06 房间 2：魔兽7被使用滑稽能量
2018/3/1 22:14:05 房间 2：魔兽7被使用滑稽能量
2018/3/1 22:14:05 房间 2：魔兽7被使用滑稽能量
2018/3/1 22:14:04 房间 2：魔兽7被使用滑稽能量
2018/3/1 22:14:04 房间 2：魔兽7被使用滑稽能量
2018/3/1 22:14:04 房间 2：幽灵之花于(985,318)被生成
2018/3/1 22:14:04 房间 2：魔花于(985,318)被生成
2018/3/1 22:14:04 房间 2：魔花于(985,90)被生成
2018/3/1 22:14:04 房间 2：幽灵之花于(985,166)被生成
2018/3/1 22:14:04 房间 2：幽灵之花于(985,242)被生成
2018/3/1 22:14:04 房间 2：幽灵之花于(985,394)被生成
2018/3/1 22:14:04 房间 2：幽灵之花于(985,318)被生成
2018/3/1 22:14:04 房间 2：魔花于(985,166)被生成
2018/3/1 22:14:04 房间 2：幽灵之花于(985,166)被生成
2018/3/1 22:14:04 房间 2：幽灵之花于(985,90)被生成
2018/3/1 22:14:04 房间 2：魔花于(985,242)被生成
2018/3/1 22:14:04 房间 2：幽灵之花于(985,166)被生成
2018/3/1 22:14:04 房间 2：幽灵之花于(985,318)被生成
2018/3/1 22:14:04 房间 2：魔花于(985,318)被生成
2018/3/1 22:14:04 房间 2：魔花于(985,166)被生成
2018/3/1 22:14:04 房间 2：魔花于(985,90)被生成
2018/3/1 22:14:04 房间 2：幽灵之花于(985,90)被生成
2018/3/1 22:14:04 房间 2：幽灵之花于(985,166)被生成
2018/3/1 22:14:04 房间 2：魔花于(985,242)被生成
2018/3/1 22:14:04 房间 2：幽灵之花于(985,318)被生成
2018/3/1 22:14:04 房间 2：魔花于(985,318)被生成
2018/3/1 22:14:04 房间 2：幽灵之花于(985,242)被生成
2018/3/1 22:14:04 房间 2：幽灵之花于(985,166)被生成
2018/3/1 22:14:04 房间 2：幽灵之花于(985,242)被生成
2018/3/1 22:14:04 房间 2：蜘蛛怪于(678.4,166)被生成
2018/3/1 22:14:04 房间 2：蜘蛛怪于(595.4,318)被生成
2018/3/1 22:14:04 房间 2：蜘蛛怪于(648.4,166)被生成
2018/3/1 22:14:04 房间 2：蜘蛛怪于(582.4,242)被生成
2018/3/1 22:14:04 房间 2：蜘蛛怪于(667.4,242)被生成
2018/3/1 22:14:04 房间 2：贞子于(647.4,242)被生成
2018/3/1 22:14:04 房间 2：贞子于(627.4,318)被生成
2018/3/1 22:14:03 房间 2：魔兽7被使用滑稽能量
2018/3/1 22:14:02 房间 2：魔兽7被使用滑稽能量
2018/3/1 22:14:02 房间 2：魔兽7被使用滑稽能量
2018/3/1 22:14:02 房间 2：魔兽7被使用滑稽能量
2018/3/1 22:14:01 房间 2：魔兽7被使用滑稽能量
2018/3/1 22:14:01 房间 2：魔兽7被使用滑稽能量
2018/3/1 22:14:01 房间 2：魔兽7被使用滑稽能量
2018/3/1 22:14:01 房间 2：魔兽7被使用滑稽能量
2018/3/1 22:14:01 房间 2：魔兽7被使用滑稽能量
2018/3/1 22:14:00 房间 2：魔兽7被使用滑稽能量
2018/3/1 22:14:00 房间 2：魔兽7被使用滑稽能量
2018/3/1 22:13:59 房间 2：魔兽7被使用滑稽能量
2018/3/1 22:13:59 房间 2：魔兽7被使用滑稽能量
2018/3/1 22:13:59 房间 2：魔兽7被使用滑稽能量
2018/3/1 22:13:59 房间 2：魔兽7被使用滑稽能量
2018/3/1 22:13:58 房间 2：魔兽7被使用滑稽能量
2018/3/1 22:13:58 房间 2：魔兽7被使用滑稽能量
2018/3/1 22:13:58 房间 2：魔兽7被使用滑稽能量
2018/3/1 22:13:57 房间 2：魔兽7被使用滑稽能量
2018/3/1 22:13:57 房间 2：魔兽7被使用滑稽能量
2018/3/1 22:13:56 房间 2：魔兽7被使用滑稽能量
2018/3/1 22:13:56 房间 2：魔兽7被使用滑稽能量
2018/3/1 22:13:56 房间 2：魔兽7被使用滑稽能量
2018/3/1 22:13:55 房间 2：魔兽7被使用滑稽能量
2018/3/1 22:13:55 房间 2：电视于(683.4,242)被生成
2018/3/1 22:13:55 房间 2：魔兽7被使用滑稽能量
2018/3/1 22:13:55 房间 2：魔兽7被使用滑稽能量
2018/3/1 22:13:55 房间 2：魔兽7被使用滑稽能量
2018/3/1 22:13:54 房间 2：魔兽7被使用滑稽能量
2018/3/1 22:13:54 房间 2：魔兽7被使用滑稽能量
2018/3/1 22:13:54 房间 2：魔兽7被使用滑稽能量
2018/3/1 22:13:54 房间 2：魔兽7被使用滑稽能量
2018/3/1 22:13:53 房间 2：魔兽7被使用滑稽能量
2018/3/1 22:13:53 房间 2：魔花于(985,90)被生成
2018/3/1 22:13:53 房间 2：魔花于(985,318)被生成
2018/3/1 22:13:53 房间 2：魔花于(985,90)被生成
2018/3/1 22:13:53 房间 2：幽灵之花于(985,242)被生成
2018/3/1 22:13:53 房间 2：魔兽7被使用滑稽能量
2018/3/1 22:13:53 房间 2：魔兽7被使用滑稽能量
2018/3/1 22:13:52 房间 2：魔兽7被使用滑稽能量
2018/3/1 22:13:52 房间 2：魔兽7被使用滑稽能量
2018/3/1 22:13:52 房间 2：魔兽7被使用滑稽能量
2018/3/1 22:13:52 房间 2：魔兽7被使用滑稽能量
2018/3/1 22:13:51 房间 2：魔兽7被使用滑稽能量
2018/3/1 22:13:51 房间 2：魔兽7被使用滑稽能量
2018/3/1 22:13:51 房间 2：魔兽7被使用滑稽能量
2018/3/1 22:13:50 房间 2：魔兽7被使用滑稽能量
2018/3/1 22:13:50 房间 2：魔兽7被使用滑稽能量
2018/3/1 22:13:50 房间 2：魔兽7被使用滑稽能量
2018/3/1 22:13:49 房间 2：魔兽7被使用滑稽能量
2018/3/1 22:13:49 房间 2：魔兽7被使用滑稽能量
2018/3/1 22:13:49 房间 2：魔兽7被使用滑稽能量
2018/3/1 22:13:49 房间 2：魔兽7被使用滑稽能量
2018/3/1 22:13:48 房间 2：魔兽7被使用滑稽能量
2018/3/1 22:13:48 房间 2：魔兽7被使用滑稽能量
2018/3/1 22:13:48 房间 2：魔兽7被使用滑稽能量
2018/3/1 22:13:47 房间 2：魔兽7被使用滑稽能量
2018/3/1 22:13:47 房间 2：魔兽7被使用滑稽能量
2018/3/1 22:13:46 房间 2：魔兽7被使用滑稽能量
2018/3/1 22:13:46 房间 2：魔兽7被使用滑稽能量
2018/3/1 22:13:46 房间 2：魔兽7被使用滑稽能量
2018/3/1 22:13:45 房间 2：魔兽7被使用滑稽能量
2018/3/1 22:13:45 房间 2：魔兽7被使用滑稽能量
2018/3/1 22:13:45 房间 2：魔兽7被使用滑稽能量
2018/3/1 22:13:45 房间 2：电视于(663.4,318)被生成
2018/3/1 22:13:45 房间 2：魔兽7被使用滑稽能量
2018/3/1 22:13:44 房间 2：魔兽7被使用滑稽能量
2018/3/1 22:13:44 房间 2：敌对魔兽3被加上Buff ice
2018/3/1 22:13:44 房间 2：魔兽7被使用滑稽能量
2018/3/1 22:13:44 房间 2：敌对魔兽2被加上Buff ice
2018/3/1 22:13:43 日志太长了，已经将它保存并且清空了屏幕。

