2018/3/1 22:23:25 房间 3：敌对魔兽10被加上Buff fire
2018/3/1 22:23:25 房间 3：敌对魔兽1被加上Buff fire
2018/3/1 22:23:24 房间 3：敌对魔兽15被加上Buff fire
2018/3/1 22:23:24 房间 3：敌对魔兽22被加上Buff fire
2018/3/1 22:23:24 房间 3：敌对魔兽18被加上Buff fire
2018/3/1 22:23:24 房间 3：敌对魔兽11被加上Buff fire
2018/3/1 22:23:24 房间 3：敌对魔兽6被加上Buff ice
2018/3/1 22:23:24 房间 3：敌对魔兽6被加上Buff fire
2018/3/1 22:23:24 房间 3：敌对魔兽17被加上Buff fire
2018/3/1 22:23:22 房间 3：玩家1把麒麟放在了(624,394)
2018/3/1 22:23:22 房间 3：敌对魔兽9被加上Buff fire
2018/3/1 22:23:22 房间 3：敌对魔兽24被加上Buff fire
2018/3/1 22:23:21 房间 3：魔蝠于(985,318)被生成
2018/3/1 22:23:21 房间 3：吸血鬼于(985,90)被生成
2018/3/1 22:23:21 房间 3：吸血鬼于(985,394)被生成
2018/3/1 22:23:21 房间 3：幽灵之花于(985,166)被生成
2018/3/1 22:23:21 房间 3：深空莲花于(985,394)被生成
2018/3/1 22:23:21 房间 3：绝望于(985,394)被生成
2018/3/1 22:23:21 房间 3：幽灵之花于(985,394)被生成
2018/3/1 22:23:21 房间 3：深空莲花于(985,242)被生成
2018/3/1 22:23:21 房间 3：深空之眼于(985,318)被生成
2018/3/1 22:23:21 房间 3：剧毒蜂于(985,394)被生成
2018/3/1 22:23:21 房间 3：恶魔于(985,242)被生成
2018/3/1 22:23:21 房间 3：吸血鬼于(985,242)被生成
2018/3/1 22:23:21 房间 3：剧毒蜂于(985,90)被生成
2018/3/1 22:23:21 房间 3：剧毒蜂于(985,166)被生成
2018/3/1 22:23:21 房间 3：幽灵之花于(985,90)被生成
2018/3/1 22:23:21 房间 3：深空莲花于(985,318)被生成
2018/3/1 22:23:21 房间 3：绝望于(985,242)被生成
2018/3/1 22:23:21 房间 3：魔蝠于(985,318)被生成
2018/3/1 22:23:21 房间 3：深空之眼于(985,166)被生成
2018/3/1 22:23:21 房间 3：魔蝠于(985,242)被生成
2018/3/1 22:23:21 房间 3：幽灵之花于(985,242)被生成
2018/3/1 22:23:21 房间 3：恶魔于(985,318)被生成
2018/3/1 22:23:21 房间 3：恶魔于(985,90)被生成
2018/3/1 22:23:21 房间 3：魔蝠于(985,90)被生成
2018/3/1 22:23:19 房间 3：玩家1把冰棍放在了(624,166)
2018/3/1 22:23:18 房间 3：敌对魔兽1被加上Buff fire
2018/3/1 22:23:15 房间 3：敌对魔兽1被加上Buff fire
2018/3/1 22:23:15 房间 3：小小白说：“QWQ”
2018/3/1 22:23:15 房间 3：敌对魔兽2被加上Buff ice
2018/3/1 22:23:13 房间 3：敌对魔兽4被加上Buff fire
2018/3/1 22:23:13 房间 3：敌对魔兽4被加上Buff fire
2018/3/1 22:23:13 房间 3：敌对魔兽1被加上Buff fire
2018/3/1 22:23:12 房间 3：404说：“QWQ”
2018/3/1 22:23:11 房间 3：404说：“你31FPS_我15FPS”
2018/3/1 22:23:11 房间 3：玩家1把黑鹰放在了(624,318)
2018/3/1 22:23:11 房间 3：剧毒蜂于(985,394)被生成
2018/3/1 22:23:11 房间 3：深空莲花于(985,318)被生成
2018/3/1 22:23:11 房间 3：吸血鬼于(985,318)被生成
2018/3/1 22:23:11 房间 3：魔蝠于(985,90)被生成
2018/3/1 22:23:11 房间 3：电视于(622.4,394)被生成
2018/3/1 22:23:07 房间 3：敌对魔兽6被加上Buff fire
2018/3/1 22:23:07 房间 3：敌对魔兽2被加上Buff fire
2018/3/1 22:23:06 房间 3：敌对魔兽6被加上Buff fire
2018/3/1 22:23:05 房间 3：404说：“看来我CPU不好”
2018/3/1 22:23:04 房间 3：敌对魔兽9被加上Buff fire
2018/3/1 22:23:03 房间 3：敌对魔兽2被加上Buff fire
2018/3/1 22:23:03 房间 3：敌对魔兽2被加上Buff fire
2018/3/1 22:23:03 房间 3：敌对魔兽3被加上Buff ice
2018/3/1 22:23:02 房间 3：404说：“我去”
2018/3/1 22:23:01 房间 3：玩家1把麒麟放在了(624,242)
2018/3/1 22:23:01 房间 3：敌对魔兽9被加上Buff fire
2018/3/1 22:23:01 房间 3：魔蝠于(1055.5,318)被生成
2018/3/1 22:23:01 房间 3：魔蝠于(1055.5,166)被生成
2018/3/1 22:23:01 房间 3：裂空玩偶于(985,318)被生成
2018/3/1 22:23:01 房间 3：深空莲花于(985,394)被生成
2018/3/1 22:23:01 房间 3：裂空玩偶于(985,166)被生成
2018/3/1 22:23:01 房间 3：魔蝠于(985,166)被生成
2018/3/1 22:23:01 房间 3：电视于(731.4,318)被生成
2018/3/1 22:23:00 房间 3：电视于(587.4,166)被生成
2018/3/1 22:22:59 房间 3：电视于(679.4,166)被生成
2018/3/1 22:22:58 房间 3：玩家1把坚硬的球放在了(700,318)
2018/3/1 22:22:55 房间 3：敌对魔兽2被加上Buff fire
2018/3/1 22:22:55 房间 3：敌对魔兽5被加上Buff fire
2018/3/1 22:22:55 房间 3：小小白说：“延迟没看到”
2018/3/1 22:22:55 房间 3：敌对魔兽2被加上Buff fire
2018/3/1 22:22:54 房间 3：敌对魔兽7被加上Buff fire
2018/3/1 22:22:54 房间 3：敌对魔兽2被加上Buff ice
2018/3/1 22:22:53 房间 3：敌对魔兽3被加上Buff fire
2018/3/1 22:22:53 房间 3：敌对魔兽1被加上Buff fire
2018/3/1 22:22:51 房间 3：敌对魔兽3被加上Buff fire
2018/3/1 22:22:51 房间 3：敌对魔兽6被加上Buff fire
2018/3/1 22:22:51 房间 3：魔蝠于(1056,318)被生成
2018/3/1 22:22:51 房间 3：魔蝠于(991.5,166)被生成
2018/3/1 22:22:51 房间 3：魔蝠于(991.5,318)被生成
2018/3/1 22:22:51 房间 3：魔蝠于(991.5,242)被生成
2018/3/1 22:22:51 房间 3：魔蝠于(991.5,90)被生成
2018/3/1 22:22:50 房间 3：巫师于(985,318)被生成
2018/3/1 22:22:50 房间 3：裂空玩偶于(985,318)被生成
2018/3/1 22:22:50 房间 3：幽灵之花于(985,90)被生成
2018/3/1 22:22:50 房间 3：巫师于(985,242)被生成
2018/3/1 22:22:50 房间 3：敌对魔兽8被加上Buff fire
2018/3/1 22:22:48 房间 3：小小白说：“fps”
2018/3/1 22:22:48 房间 3：敌对魔兽3被加上Buff fire
2018/3/1 22:22:48 房间 3：敌对魔兽14被加上Buff fire
2018/3/1 22:22:48 房间 3：敌对魔兽11被加上Buff fire
2018/3/1 22:22:48 房间 3：敌对魔兽7被加上Buff fire
2018/3/1 22:22:47 房间 3：敌对魔兽6被加上Buff fire
2018/3/1 22:22:47 房间 3：敌对魔兽18被加上Buff fire
2018/3/1 22:22:47 房间 3：敌对魔兽9被加上Buff fire
2018/3/1 22:22:46 房间 3：敌对魔兽4被加上Buff fire
2018/3/1 22:22:46 房间 3：敌对魔兽5被加上Buff ice
2018/3/1 22:22:45 房间 3：敌对魔兽17被加上Buff fire
2018/3/1 22:22:45 房间 3：敌对魔兽9被加上Buff fire
2018/3/1 22:22:45 房间 3：敌对魔兽23被加上Buff fire
2018/3/1 22:22:45 房间 3：敌对魔兽18被加上Buff fire
2018/3/1 22:22:45 房间 3：敌对魔兽10被加上Buff fire
2018/3/1 22:22:45 房间 3：敌对魔兽21被加上Buff fire
2018/3/1 22:22:44 房间 3：敌对魔兽5被加上Buff fire
2018/3/1 22:22:43 房间 3：404说：“标题”
2018/3/1 22:22:41 房间 3：魔蝠于(1055.5,166)被生成
2018/3/1 22:22:41 房间 3：魔蝠于(1055.5,318)被生成
2018/3/1 22:22:41 房间 3：魔蝠于(1055.5,242)被生成
2018/3/1 22:22:41 房间 3：魔蝠于(1055.5,90)被生成
2018/3/1 22:22:41 房间 3：敌对魔兽18被加上Buff fire
2018/3/1 22:22:41 房间 3：幽灵之花于(985,242)被生成
2018/3/1 22:22:41 房间 3：幽灵之花于(985,318)被生成
2018/3/1 22:22:41 房间 3：裂空玩偶于(985,166)被生成
2018/3/1 22:22:41 房间 3：深空莲花于(985,318)被生成
2018/3/1 22:22:40 日志太长了，已经将它保存并且清空了屏幕。

