2018/3/1 22:46:46 房间 3：深空莲花于(985,394)被生成
2018/3/1 22:46:46 房间 3：幽灵之花于(985,394)被生成
2018/3/1 22:46:46 房间 3：吸血鬼于(985,90)被生成
2018/3/1 22:46:46 房间 3：幽灵之花于(985,394)被生成
2018/3/1 22:46:46 房间 3：剧毒蜂于(985,394)被生成
2018/3/1 22:46:46 房间 3：幽灵之花于(985,166)被生成
2018/3/1 22:46:46 房间 3：恶魔于(985,166)被生成
2018/3/1 22:46:46 房间 3：魔蝠于(985,318)被生成
2018/3/1 22:46:46 房间 3：恶魔于(985,166)被生成
2018/3/1 22:46:46 房间 3：深空之眼于(985,394)被生成
2018/3/1 22:46:46 房间 3：魔蝠于(985,166)被生成
2018/3/1 22:46:46 房间 3：魔蝠于(985,90)被生成
2018/3/1 22:46:46 房间 3：裂空玩偶于(985,242)被生成
2018/3/1 22:46:46 房间 3：深空之眼于(985,90)被生成
2018/3/1 22:46:46 房间 3：剧毒蜂于(985,166)被生成
2018/3/1 22:46:46 房间 3：裂空玩偶于(985,394)被生成
2018/3/1 22:46:46 房间 3：魔蝠于(985,242)被生成
2018/3/1 22:46:46 房间 3：幽灵之花于(985,318)被生成
2018/3/1 22:46:46 房间 3：绝望于(985,394)被生成
2018/3/1 22:46:46 房间 3：幽灵之花于(985,318)被生成
2018/3/1 22:46:46 房间 3：吸血鬼于(985,166)被生成
2018/3/1 22:46:46 房间 3：裂空玩偶于(985,394)被生成
2018/3/1 22:46:46 房间 3：剧毒蜂于(985,90)被生成
2018/3/1 22:46:46 房间 3：蜘蛛怪于(646.4,242)被生成
2018/3/1 22:46:46 房间 3：蜘蛛怪于(687.4,318)被生成
2018/3/1 22:46:46 房间 3：蜘蛛怪于(734.4,242)被生成
2018/3/1 22:46:46 房间 3：蜘蛛怪于(658.4,394)被生成
2018/3/1 22:46:46 房间 3：蜘蛛怪于(647.4,318)被生成
2018/3/1 22:46:46 房间 3：贞子于(711.4,90)被生成
2018/3/1 22:46:44 房间 3：电视于(747.4,90)被生成
2018/3/1 22:46:35 房间 3：恶魔于(985,166)被生成
2018/3/1 22:46:35 房间 3：幽灵之花于(985,318)被生成
2018/3/1 22:46:35 房间 3：魔蝠于(985,166)被生成
2018/3/1 22:46:35 房间 3：剧毒蜂于(985,242)被生成
2018/3/1 22:46:31 房间 3：魔兽35被使用滑稽能量
2018/3/1 22:46:25 房间 3：电视于(747.4,166)被生成
2018/3/1 22:46:23 房间 3：魔蝠于(985,166)被生成
2018/3/1 22:46:23 房间 3：病毒于(985,318)被生成
2018/3/1 22:46:23 房间 3：幽灵之花于(985,394)被生成
2018/3/1 22:46:23 房间 3：深空莲花于(985,166)被生成
2018/3/1 22:46:13 房间 3：敌对魔兽2被加上Buff fire
2018/3/1 22:46:12 房间 3：敌对魔兽4被加上Buff fire
2018/3/1 22:46:12 房间 3：魔蝠于(1058,242)被生成
2018/3/1 22:46:12 房间 3：巫师于(985,318)被生成
2018/3/1 22:46:12 房间 3：裂空玩偶于(985,242)被生成
2018/3/1 22:46:12 房间 3：巫师于(985,318)被生成
2018/3/1 22:46:12 房间 3：幽灵之花于(985,394)被生成
2018/3/1 22:46:08 房间 3：魔兽33被使用滑稽能量
2018/3/1 22:46:07 房间 3：敌对魔兽9被加上Buff fire
2018/3/1 22:46:06 房间 3：敌对魔兽11被加上Buff fire
2018/3/1 22:46:06 房间 3：敌对魔兽7被加上Buff fire
2018/3/1 22:46:06 房间 3：魔兽25被使用滑稽能量
2018/3/1 22:46:06 房间 3：敌对魔兽4被加上Buff fire
2018/3/1 22:46:05 房间 3：敌对魔兽4被加上Buff fire
2018/3/1 22:46:05 房间 3：电视于(734.4,394)被生成
2018/3/1 22:46:05 房间 3：404说：“百毒不侵”
2018/3/1 22:46:05 房间 3：敌对魔兽17被加上Buff fire
2018/3/1 22:46:05 房间 3：敌对魔兽11被加上Buff fire
2018/3/1 22:46:04 房间 3：魔兽21被使用滑稽能量
2018/3/1 22:46:04 房间 3：敌对魔兽9被加上Buff fire
2018/3/1 22:46:03 房间 3：魔兽4被使用滑稽能量
2018/3/1 22:46:02 房间 3：魔蝠于(1050.5,318)被生成
2018/3/1 22:46:01 房间 3：恶魔于(985,318)被生成
2018/3/1 22:46:01 房间 3：幽灵之花于(985,242)被生成
2018/3/1 22:46:01 房间 3：幽灵之花于(985,394)被生成
2018/3/1 22:46:01 房间 3：巫师于(985,242)被生成
2018/3/1 22:46:01 房间 3：深空莲花于(985,318)被生成
2018/3/1 22:46:01 房间 3：巫师于(985,394)被生成
2018/3/1 22:46:01 房间 3：幽灵之花于(985,90)被生成
2018/3/1 22:46:01 房间 3：魔蝠于(985,394)被生成
2018/3/1 22:46:01 房间 3：病毒于(985,394)被生成
2018/3/1 22:46:01 房间 3：幽灵之花于(985,318)被生成
2018/3/1 22:46:01 房间 3：病毒于(985,242)被生成
2018/3/1 22:46:01 房间 3：幽灵之花于(985,318)被生成
2018/3/1 22:46:01 房间 3：幽灵之花于(985,394)被生成
2018/3/1 22:46:01 房间 3：幽灵之花于(985,90)被生成
2018/3/1 22:46:01 房间 3：深空莲花于(985,90)被生成
2018/3/1 22:46:01 房间 3：深空莲花于(985,318)被生成
2018/3/1 22:46:01 房间 3：幽灵之花于(985,242)被生成
2018/3/1 22:46:01 房间 3：裂空玩偶于(985,318)被生成
2018/3/1 22:46:01 房间 3：幽灵之花于(985,394)被生成
2018/3/1 22:46:01 房间 3：病毒于(985,394)被生成
2018/3/1 22:46:01 房间 3：巫师于(985,394)被生成
2018/3/1 22:46:01 房间 3：魔蝠于(985,242)被生成
2018/3/1 22:46:01 房间 3：深空莲花于(985,394)被生成
2018/3/1 22:46:01 房间 3：魔蝠于(985,394)被生成
2018/3/1 22:46:01 房间 3：蜘蛛怪于(735.4,318)被生成
2018/3/1 22:46:01 房间 3：蜘蛛怪于(703.4,90)被生成
2018/3/1 22:46:01 房间 3：蜘蛛怪于(665.4,318)被生成
2018/3/1 22:46:01 房间 3：蜘蛛怪于(721.4,242)被生成
2018/3/1 22:46:01 房间 3：蜘蛛怪于(607.4,394)被生成
2018/3/1 22:46:01 房间 3：贞子于(628.4,90)被生成
2018/3/1 22:46:00 房间 3：电视于(664.4,90)被生成
2018/3/1 22:45:53 房间 3：电视于(631.4,242)被生成
2018/3/1 22:45:51 房间 3：玩家1把千羽鹤放在了(624,166)
2018/3/1 22:45:50 房间 3：敌对魔兽2被加上Buff ice
2018/3/1 22:45:50 房间 3：恶魔于(985,318)被生成
2018/3/1 22:45:50 房间 3：幽灵之花于(985,90)被生成
2018/3/1 22:45:50 房间 3：深空莲花于(985,166)被生成
2018/3/1 22:45:50 房间 3：幽灵之花于(985,166)被生成
2018/3/1 22:45:47 房间 3：玩家1把深海之女放在了(700,242)
2018/3/1 22:45:43 房间 3：敌对魔兽6被加上Buff fire
2018/3/1 22:45:42 房间 3：404说：“emmm”
2018/3/1 22:45:39 房间 3：恶魔于(985,394)被生成
2018/3/1 22:45:39 房间 3：恶魔于(985,242)被生成
2018/3/1 22:45:39 房间 3：深空莲花于(985,166)被生成
2018/3/1 22:45:39 房间 3：巫师于(985,90)被生成
2018/3/1 22:45:39 房间 3：电视于(639.4,166)被生成
2018/3/1 22:45:38 房间 3：敌对魔兽2被加上Buff ice
2018/3/1 22:45:38 房间 3：电视于(662.4,166)被生成
2018/3/1 22:45:37 房间 3：uvwxyz说：“占用好少”
2018/3/1 22:45:35 房间 3：敌对魔兽4被加上Buff ice
2018/3/1 22:45:34 房间 3：敌对魔兽5被加上Buff fire
2018/3/1 22:45:34 房间 3：电视于(646.4,90)被生成
2018/3/1 22:45:28 房间 3：敌对魔兽1被加上Buff ice
2018/3/1 22:45:28 房间 3：病毒于(985,166)被生成
2018/3/1 22:45:28 房间 3：幽灵之花于(985,242)被生成
2018/3/1 22:45:28 房间 3：魔蝠于(985,90)被生成
2018/3/1 22:45:28 房间 3：恶魔于(985,166)被生成
2018/3/1 22:45:28 房间 3：电视于(626.4,394)被生成
2018/3/1 22:45:23 房间 3：敌对魔兽4被加上Buff fire
2018/3/1 22:45:22 日志太长了，已经将它保存并且清空了屏幕。

