2018/3/1 21:22:12 房间 2：电视于(740.4,318)被生成
2018/3/1 21:22:07 房间 2：玩家1把滑稽之花放在了(168,90)
2018/3/1 21:22:04 获取玩家1的名字为uvwxyz
2018/3/1 21:22:04 玩家1加入了房间2，开始战斗。
2018/3/1 21:21:58 玩家1 连接到了服务器。
2018/3/1 21:17:40 获取玩家2的名字为404
2018/3/1 21:17:40 玩家2创建了房间
2018/3/1 21:17:40 玩家2 连接到了服务器。
2018/3/1 21:16:24 玩家3 退出了游戏 .
2018/3/1 21:16:22 玩家1 退出了游戏 .
2018/3/1 21:16:15 房间 3：玩家3把滑稽之花放在了(168,166)
2018/3/1 21:16:09 房间 3：电视于(607.4,90)被生成
2018/3/1 21:16:05 房间 3：玩家3把滑稽之花放在了(168,90)
2018/3/1 21:15:57 获取玩家1的名字为404
2018/3/1 21:15:57 玩家1加入了房间3，开始战斗。
2018/3/1 21:15:57 玩家1 连接到了服务器。
2018/3/1 21:15:55 获取玩家3的名字为404
2018/3/1 21:15:55 玩家3创建了房间
2018/3/1 21:15:55 玩家3 连接到了服务器。
2018/3/1 21:14:39 玩家2 退出了游戏 .
2018/3/1 21:14:35 玩家1 退出了游戏 .
2018/3/1 21:14:29 房间 2：电视于(621.4,318)被生成
2018/3/1 21:14:21 获取玩家1的名字为404
2018/3/1 21:14:21 玩家1加入了房间2，开始战斗。
2018/3/1 21:14:21 玩家1 连接到了服务器。
2018/3/1 21:14:14 获取玩家2的名字为404
2018/3/1 21:14:14 玩家2创建了房间
2018/3/1 21:14:14 玩家2 连接到了服务器。
2018/3/1 21:10:50 玩家1 退出了游戏 .
2018/3/1 21:10:41 玩家3 退出了游戏 .
2018/3/1 21:10:33 房间 3：幽灵之花于(985,166)被生成
2018/3/1 21:10:33 房间 3：幽灵之花于(985,394)被生成
2018/3/1 21:10:33 房间 3：幽灵之花于(985,242)被生成
2018/3/1 21:10:33 房间 3：魔花于(985,242)被生成
2018/3/1 21:10:31 房间 3：电视于(744.4,166)被生成
2018/3/1 21:10:05 房间 3：电视于(676.4,166)被生成
2018/3/1 21:09:42 获取玩家1的名字为404
2018/3/1 21:09:42 玩家1加入了房间3，开始战斗。
2018/3/1 21:09:41 玩家1 连接到了服务器。
2018/3/1 21:09:21 获取玩家3的名字为请输入...
2018/3/1 21:09:21 玩家3创建了房间
2018/3/1 21:09:21 玩家3 连接到了服务器。
2018/3/1 21:08:49 玩家2 退出了游戏 .
2018/3/1 21:08:27 房间 1：玩家2把骑士放在了(168,242)
2018/3/1 21:08:27 房间 1：玩家2把骑士放在了(168,90)
2018/3/1 21:08:27 玩家1 退出了游戏 .
2018/3/1 21:08:27 房间 1：电视于(605.4,166)被生成
2018/3/1 21:08:27 房间 1：幽灵之花于(985,394)被生成
2018/3/1 21:08:27 房间 1：魔花于(985,318)被生成
2018/3/1 21:08:27 房间 1：幽灵之花于(985,394)被生成
2018/3/1 21:08:27 房间 1：幽灵之花于(985,242)被生成
2018/3/1 21:08:27 房间 1：电视于(698.4,318)被生成
2018/3/1 21:08:27 房间 1：电视于(717.4,318)被生成
2018/3/1 21:08:27 房间 1：幽灵之花于(985,90)被生成
2018/3/1 21:08:27 房间 1：魔花于(985,242)被生成
2018/3/1 21:08:27 房间 1：幽灵之花于(985,90)被生成
2018/3/1 21:08:27 房间 1：魔花于(985,394)被生成
2018/3/1 21:08:27 房间 1：魔花于(985,90)被生成
2018/3/1 21:08:27 房间 1：幽灵之花于(985,242)被生成
2018/3/1 21:08:27 房间 1：魔花于(985,318)被生成
2018/3/1 21:08:27 房间 1：魔花于(985,394)被生成
2018/3/1 21:08:27 房间 1：幽灵之花于(985,394)被生成
2018/3/1 21:08:27 房间 1：魔花于(985,242)被生成
2018/3/1 21:08:27 房间 1：魔花于(985,166)被生成
2018/3/1 21:08:27 房间 1：魔花于(985,166)被生成
2018/3/1 21:08:27 房间 1：幽灵之花于(985,242)被生成
2018/3/1 21:08:27 房间 1：魔花于(985,394)被生成
2018/3/1 21:08:27 房间 1：幽灵之花于(985,318)被生成
2018/3/1 21:08:27 房间 1：幽灵之花于(985,242)被生成
2018/3/1 21:08:27 房间 1：幽灵之花于(985,394)被生成
2018/3/1 21:08:27 房间 1：幽灵之花于(985,394)被生成
2018/3/1 21:08:27 房间 1：幽灵之花于(985,318)被生成
2018/3/1 21:08:27 房间 1：幽灵之花于(985,166)被生成
2018/3/1 21:08:27 房间 1：魔花于(985,166)被生成
2018/3/1 21:08:27 房间 1：幽灵之花于(985,242)被生成
2018/3/1 21:08:27 房间 1：幽灵之花于(985,166)被生成
2018/3/1 21:08:27 房间 1：魔花于(985,166)被生成
2018/3/1 21:08:27 房间 1：蜘蛛怪于(575.4,90)被生成
2018/3/1 21:08:27 房间 1：蜘蛛怪于(672.4,394)被生成
2018/3/1 21:08:27 房间 1：蜘蛛怪于(692.4,166)被生成
2018/3/1 21:08:27 房间 1：蜘蛛怪于(579.4,90)被生成
2018/3/1 21:08:27 房间 1：蜘蛛怪于(723.4,242)被生成
2018/3/1 21:08:27 房间 1：贞子于(585.4,242)被生成
2018/3/1 21:08:27 房间 1：贞子于(692.4,166)被生成
2018/3/1 21:08:27 房间 1：贞子于(715.4,394)被生成
2018/3/1 21:08:27 房间 1：贞子于(604.4,90)被生成
2018/3/1 21:08:27 房间 1：电视于(621.4,242)被生成
2018/3/1 21:08:27 房间 1：幽灵之花于(985,90)被生成
2018/3/1 21:08:27 房间 1：魔花于(985,242)被生成
2018/3/1 21:08:27 房间 1：幽灵之花于(985,166)被生成
2018/3/1 21:08:27 房间 1：幽灵之花于(985,394)被生成
2018/3/1 21:08:27 房间 1：玩家1把迪莫放在了(244,318)
2018/3/1 21:08:27 房间 1：玩家1把无面花放在了(168,318)
2018/3/1 21:08:27 房间 1：魔花于(985,318)被生成
2018/3/1 21:08:27 房间 1：幽灵之花于(985,318)被生成
2018/3/1 21:08:27 房间 1：魔花于(985,90)被生成
2018/3/1 21:08:27 房间 1：幽灵之花于(985,242)被生成
2018/3/1 21:08:27 房间 1：幽灵之花于(985,318)被生成
2018/3/1 21:08:27 房间 1：幽灵之花于(985,394)被生成
2018/3/1 21:08:27 房间 1：魔花于(985,394)被生成
2018/3/1 21:08:27 房间 1：魔花于(985,318)被生成
2018/3/1 21:08:27 房间 1：玩家1把迪莫放在了(244,242)
2018/3/1 21:08:27 房间 1：电视于(701.4,242)被生成
2018/3/1 21:08:27 房间 1：电视于(722.4,242)被生成
2018/3/1 21:08:27 房间 1：电视于(728.4,166)被生成
2018/3/1 21:08:27 房间 1：玩家1把无面花放在了(168,242)
2018/3/1 21:08:27 房间 1：电视于(584.4,242)被生成
2018/3/1 21:08:27 房间 1：电视于(737.4,242)被生成
2018/3/1 21:08:27 房间 1：玩家1把无面花放在了(168,394)
2018/3/1 21:08:27 房间 1：电视于(751.4,394)被生成
2018/3/1 21:08:27 房间 1：电视于(640.4,90)被生成
2018/3/1 21:06:23 房间 1：玩家1把无面花放在了(168,90)
2018/3/1 21:06:18 获取玩家2的名字为请输入...
2018/3/1 21:06:18 玩家2加入了房间1，开始战斗。
2018/3/1 21:06:18 玩家2 连接到了服务器。
2018/3/1 21:06:02 获取玩家1的名字为404
2018/3/1 21:06:02 玩家1创建了房间
2018/3/1 21:06:02 玩家1 连接到了服务器。
2018/3/1 21:04:05 玩家3 退出了游戏 .
2018/3/1 21:03:26 房间 0：玩家3把无面花放在了(168,90)
2018/3/1 21:02:59 获取玩家3的名字为404
2018/3/1 21:02:59 玩家3加入了房间0，开始战斗。
2018/3/1 21:02:59 序号0的信息发送失败，信息：s2 0
2018/3/1 21:02:59 玩家3 连接到了服务器。
2018/3/1 21:00:52 玩家2 退出了游戏 .
2018/3/1 21:00:38 玩家1 退出了游戏 .
2018/3/1 21:00:13 获取玩家2的名字为请输入...
2018/3/1 21:00:13 玩家2加入了房间1，开始战斗。
2018/3/1 21:00:13 玩家2 连接到了服务器。
2018/3/1 20:59:08 获取玩家1的名字为404
2018/3/1 20:59:08 玩家1创建了房间
2018/3/1 20:59:08 玩家1 连接到了服务器。
2018/3/1 20:56:30 服务端启动。

