2018/3/1 22:00:52 房间 2：魔花于(985,242)被生成
2018/3/1 22:00:52 房间 2：魔花于(985,318)被生成
2018/3/1 22:00:52 房间 2：幽灵之花于(985,90)被生成
2018/3/1 22:00:52 房间 2：幽灵之花于(985,394)被生成
2018/3/1 22:00:52 房间 2：幽灵之花于(985,90)被生成
2018/3/1 22:00:52 房间 2：魔花于(985,318)被生成
2018/3/1 22:00:52 房间 2：幽灵之花于(985,318)被生成
2018/3/1 22:00:52 房间 2：幽灵之花于(985,166)被生成
2018/3/1 22:00:52 房间 2：魔花于(985,394)被生成
2018/3/1 22:00:52 房间 2：魔花于(985,90)被生成
2018/3/1 22:00:52 房间 2：幽灵之花于(985,318)被生成
2018/3/1 22:00:52 房间 2：蜘蛛怪于(658.4,242)被生成
2018/3/1 22:00:52 房间 2：蜘蛛怪于(732.4,318)被生成
2018/3/1 22:00:52 房间 2：蜘蛛怪于(702.4,318)被生成
2018/3/1 22:00:52 房间 2：蜘蛛怪于(656.4,394)被生成
2018/3/1 22:00:52 房间 2：蜘蛛怪于(694.4,318)被生成
2018/3/1 22:00:52 房间 2：贞子于(630.4,166)被生成
2018/3/1 22:00:51 房间 2：贞子于(688.4,318)被生成
2018/3/1 22:00:51 房间 2：贞子于(644.4,166)被生成
2018/3/1 22:00:51 房间 2：玩家1把黑嘴放在了(244,318)
2018/3/1 22:00:48 房间 2：玩家1把迪莫放在了(244,90)
2018/3/1 22:00:48 房间 2：敌对魔兽1被加上Buff ice
2018/3/1 22:00:41 房间 2：幽灵之花于(985,318)被生成
2018/3/1 22:00:41 房间 2：幽灵之花于(985,166)被生成
2018/3/1 22:00:41 房间 2：魔花于(985,90)被生成
2018/3/1 22:00:41 房间 2：幽灵之花于(985,166)被生成
2018/3/1 22:00:39 房间 2：敌对魔兽24被加上Buff fire
2018/3/1 22:00:39 房间 2：敌对魔兽3被加上Buff fire
2018/3/1 22:00:37 房间 2：敌对魔兽7被加上Buff ice
2018/3/1 22:00:37 房间 2：敌对魔兽13被加上Buff fire
2018/3/1 22:00:31 房间 2：幽灵之花于(985,318)被生成
2018/3/1 22:00:31 房间 2：幽灵之花于(985,242)被生成
2018/3/1 22:00:31 房间 2：幽灵之花于(985,166)被生成
2018/3/1 22:00:31 房间 2：幽灵之花于(985,242)被生成
2018/3/1 22:00:31 房间 2：敌对魔兽5被加上Buff fire
2018/3/1 22:00:28 房间 2：电视于(666.4,166)被生成
2018/3/1 22:00:28 房间 2：敌对魔兽5被加上Buff fire
2018/3/1 22:00:25 房间 2：敌对魔兽12被加上Buff ice
2018/3/1 22:00:23 房间 2：敌对魔兽23被加上Buff fire
2018/3/1 22:00:23 房间 2：敌对魔兽3被加上Buff ice
2018/3/1 22:00:21 房间 2：魔花于(985,90)被生成
2018/3/1 22:00:21 房间 2：魔花于(985,394)被生成
2018/3/1 22:00:21 房间 2：幽灵之花于(985,90)被生成
2018/3/1 22:00:21 房间 2：幽灵之花于(985,394)被生成
2018/3/1 22:00:20 房间 2：敌对魔兽5被加上Buff fire
2018/3/1 22:00:18 房间 2：电视于(658.4,242)被生成
2018/3/1 22:00:18 房间 2：敌对魔兽23被加上Buff fire
2018/3/1 22:00:18 房间 2：敌对魔兽24被加上Buff ice
2018/3/1 22:00:17 房间 2：敌对魔兽7被加上Buff fire
2018/3/1 22:00:17 房间 2：敌对魔兽10被加上Buff fire
2018/3/1 22:00:17 房间 2：敌对魔兽8被加上Buff fire
2018/3/1 22:00:16 房间 2：敌对魔兽19被加上Buff ice
2018/3/1 22:00:13 房间 2：玩家1把麒麟放在了(168,242)
2018/3/1 22:00:13 房间 2：敌对魔兽17被加上Buff ice
2018/3/1 22:00:11 房间 2：幽灵之花于(985,90)被生成
2018/3/1 22:00:11 房间 2：幽灵之花于(985,242)被生成
2018/3/1 22:00:11 房间 2：幽灵之花于(985,166)被生成
2018/3/1 22:00:11 房间 2：魔花于(985,318)被生成
2018/3/1 22:00:11 房间 2：幽灵之花于(985,318)被生成
2018/3/1 22:00:11 房间 2：魔花于(985,166)被生成
2018/3/1 22:00:11 房间 2：幽灵之花于(985,90)被生成
2018/3/1 22:00:11 房间 2：幽灵之花于(985,394)被生成
2018/3/1 22:00:11 房间 2：幽灵之花于(985,318)被生成
2018/3/1 22:00:11 房间 2：幽灵之花于(985,394)被生成
2018/3/1 22:00:11 房间 2：魔花于(985,90)被生成
2018/3/1 22:00:11 房间 2：幽灵之花于(985,166)被生成
2018/3/1 22:00:11 房间 2：幽灵之花于(985,318)被生成
2018/3/1 22:00:11 房间 2：幽灵之花于(985,242)被生成
2018/3/1 22:00:11 房间 2：魔花于(985,166)被生成
2018/3/1 22:00:11 房间 2：魔花于(985,90)被生成
2018/3/1 22:00:11 房间 2：幽灵之花于(985,90)被生成
2018/3/1 22:00:11 房间 2：幽灵之花于(985,318)被生成
2018/3/1 22:00:11 房间 2：幽灵之花于(985,166)被生成
2018/3/1 22:00:11 房间 2：幽灵之花于(985,166)被生成
2018/3/1 22:00:11 房间 2：幽灵之花于(985,394)被生成
2018/3/1 22:00:11 房间 2：幽灵之花于(985,90)被生成
2018/3/1 22:00:11 房间 2：幽灵之花于(985,90)被生成
2018/3/1 22:00:11 房间 2：幽灵之花于(985,318)被生成
2018/3/1 22:00:11 房间 2：蜘蛛怪于(666.4,318)被生成
2018/3/1 22:00:11 房间 2：蜘蛛怪于(751.4,166)被生成
2018/3/1 22:00:11 房间 2：蜘蛛怪于(707.4,90)被生成
2018/3/1 22:00:11 房间 2：蜘蛛怪于(705.4,90)被生成
2018/3/1 22:00:11 房间 2：蜘蛛怪于(666.4,166)被生成
2018/3/1 22:00:11 房间 2：贞子于(688.4,318)被生成
2018/3/1 22:00:11 房间 2：贞子于(670.4,242)被生成
2018/3/1 22:00:11 房间 2：贞子于(635.4,166)被生成
2018/3/1 22:00:11 房间 2：贞子于(585.4,242)被生成
2018/3/1 22:00:11 房间 2：贞子于(644.4,166)被生成
2018/3/1 22:00:11 房间 2：贞子于(676.4,318)被生成
2018/3/1 22:00:10 房间 2：玩家2把黑鹰放在了(168,394)
2018/3/1 22:00:03 房间 2：电视于(724.4,318)被生成
2018/3/1 22:00:01 房间 2：幽灵之花于(985,90)被生成
2018/3/1 22:00:01 房间 2：幽灵之花于(985,166)被生成
2018/3/1 22:00:01 房间 2：幽灵之花于(985,166)被生成
2018/3/1 22:00:01 房间 2：幽灵之花于(985,90)被生成
2018/3/1 22:00:01 房间 2：敌对魔兽3被加上Buff ice
2018/3/1 22:00:00 房间 2：敌对魔兽5被加上Buff ice
2018/3/1 21:59:58 房间 2：玩家1把迪莫放在了(168,166)
2018/3/1 21:59:54 房间 2：电视于(671.4,166)被生成
2018/3/1 21:59:53 房间 2：电视于(706.4,242)被生成
2018/3/1 21:59:51 房间 2：魔花于(985,394)被生成
2018/3/1 21:59:51 房间 2：幽灵之花于(985,242)被生成
2018/3/1 21:59:51 房间 2：幽灵之花于(985,166)被生成
2018/3/1 21:59:51 房间 2：魔花于(985,242)被生成
2018/3/1 21:59:43 房间 2：敌对魔兽8被加上Buff ice
2018/3/1 21:59:43 房间 2：玩家2把黑鹰放在了(168,318)
2018/3/1 21:59:42 房间 2：电视于(576.4,242)被生成
2018/3/1 21:59:41 房间 2：幽灵之花于(985,242)被生成
2018/3/1 21:59:41 房间 2：幽灵之花于(985,318)被生成
2018/3/1 21:59:41 房间 2：魔花于(985,166)被生成
2018/3/1 21:59:41 房间 2：魔花于(985,394)被生成
2018/3/1 21:59:40 房间 2：电视于(621.4,242)被生成
2018/3/1 21:59:36 房间 2：电视于(680.4,166)被生成
2018/3/1 21:59:30 房间 2：玩家1把无面花放在了(168,90)
2018/3/1 21:59:21 房间 2：电视于(712.4,318)被生成
2018/3/1 21:59:16 获取玩家1的名字为404
2018/3/1 21:59:16 玩家1加入了房间2，开始战斗。
2018/3/1 21:59:16 玩家1 连接到了服务器。
2018/3/1 21:59:14 房间 2：玩家2把黑鹰放在了(168,242)
2018/3/1 21:58:49 获取玩家2的名字为小小白
2018/3/1 21:58:49 玩家2创建了房间
2018/3/1 21:58:49 日志太长了，已经将它保存并且清空了屏幕。

