2018/3/1 22:25:25 房间 3：魔蝠于(985,90)被生成
2018/3/1 22:25:25 房间 3：幽灵之花于(985,242)被生成
2018/3/1 22:25:25 房间 3：巫师于(985,394)被生成
2018/3/1 22:25:25 房间 3：巫师于(985,166)被生成
2018/3/1 22:25:25 房间 3：深空之眼于(985,242)被生成
2018/3/1 22:25:25 房间 3：幽灵之花于(985,242)被生成
2018/3/1 22:25:25 房间 3：裂空玩偶于(985,242)被生成
2018/3/1 22:25:25 房间 3：魔蝠于(985,318)被生成
2018/3/1 22:25:25 房间 3：魔蝠于(985,242)被生成
2018/3/1 22:25:25 房间 3：巫师于(985,394)被生成
2018/3/1 22:25:25 房间 3：巫师于(985,318)被生成
2018/3/1 22:25:25 房间 3：病毒于(985,394)被生成
2018/3/1 22:25:25 房间 3：深空莲花于(985,90)被生成
2018/3/1 22:25:25 房间 3：幽灵之花于(985,90)被生成
2018/3/1 22:25:25 房间 3：巫师于(985,242)被生成
2018/3/1 22:25:25 房间 3：裂空玩偶于(985,242)被生成
2018/3/1 22:25:25 房间 3：吸血鬼于(985,90)被生成
2018/3/1 22:25:25 房间 3：裂空玩偶于(985,318)被生成
2018/3/1 22:25:25 房间 3：病毒于(985,166)被生成
2018/3/1 22:25:25 房间 3：病毒于(985,166)被生成
2018/3/1 22:25:25 房间 3：深空莲花于(985,166)被生成
2018/3/1 22:25:25 房间 3：幽灵之花于(985,90)被生成
2018/3/1 22:25:25 房间 3：吸血鬼于(985,318)被生成
2018/3/1 22:25:21 房间 3：敌对魔兽1被加上Buff fire
2018/3/1 22:25:20 房间 3：敌对魔兽2被加上Buff ice
2018/3/1 22:25:20 房间 3：敌对魔兽3被加上Buff ice
2018/3/1 22:25:19 房间 3：敌对魔兽3被加上Buff ice
2018/3/1 22:25:18 房间 3：敌对魔兽2被加上Buff fire
2018/3/1 22:25:18 房间 3：电视于(751.4,90)被生成
2018/3/1 22:25:17 房间 3：敌对魔兽1被加上Buff ice
2018/3/1 22:25:16 房间 3：敌对魔兽3被加上Buff ice
2018/3/1 22:25:15 房间 3：恶魔于(985,318)被生成
2018/3/1 22:25:15 房间 3：魔蝠于(985,166)被生成
2018/3/1 22:25:15 房间 3：幽灵之花于(985,318)被生成
2018/3/1 22:25:15 房间 3：剧毒蜂于(985,166)被生成
2018/3/1 22:25:09 房间 3：敌对魔兽2被加上Buff fire
2018/3/1 22:25:08 房间 3：敌对魔兽3被加上Buff ice
2018/3/1 22:25:07 房间 3：敌对魔兽5被加上Buff fire
2018/3/1 22:25:06 房间 3：玩家1把麒麟放在了(776,394)
2018/3/1 22:25:05 房间 3：玩家1把坚硬的球放在了(700,394)
2018/3/1 22:25:05 房间 3：魔蝠于(1055,166)被生成
2018/3/1 22:25:05 房间 3：魔蝠于(1055,90)被生成
2018/3/1 22:25:04 房间 3：敌对魔兽1被加上Buff fire
2018/3/1 22:25:04 房间 3：裂空玩偶于(985,166)被生成
2018/3/1 22:25:04 房间 3：幽灵之花于(985,166)被生成
2018/3/1 22:25:04 房间 3：裂空玩偶于(985,90)被生成
2018/3/1 22:25:04 房间 3：恶魔于(985,394)被生成
2018/3/1 22:25:03 房间 3：电视于(749.4,394)被生成
2018/3/1 22:25:02 房间 3：玩家1把黑鹰放在了(776,90)
2018/3/1 22:25:00 房间 3：敌对魔兽1被加上Buff ice
2018/3/1 22:24:57 房间 3：玩家1把冰棍放在了(776,166)
2018/3/1 22:24:56 房间 3：敌对魔兽4被加上Buff fire
2018/3/1 22:24:55 房间 3：敌对魔兽3被加上Buff fire
2018/3/1 22:24:54 房间 3：敌对魔兽6被加上Buff fire
2018/3/1 22:24:54 房间 3：魔蝠于(985,394)被生成
2018/3/1 22:24:54 房间 3：绝望于(985,318)被生成
2018/3/1 22:24:54 房间 3：魔蝠于(985,318)被生成
2018/3/1 22:24:54 房间 3：幽灵之花于(985,166)被生成
2018/3/1 22:24:53 房间 3：魔兽42被删除
2018/3/1 22:24:53 房间 3：敌对魔兽1被加上Buff fire
2018/3/1 22:24:53 房间 3：电视于(672.4,394)被生成
2018/3/1 22:24:52 房间 3：敌对魔兽5被加上Buff fire
2018/3/1 22:24:50 房间 3：敌对魔兽9被加上Buff fire
2018/3/1 22:24:50 房间 3：敌对魔兽4被加上Buff fire
2018/3/1 22:24:49 房间 3：玩家1把黑鹰放在了(700,394)
2018/3/1 22:24:49 房间 3：敌对魔兽10被加上Buff fire
2018/3/1 22:24:48 房间 3：敌对魔兽2被加上Buff fire
2018/3/1 22:24:48 房间 3：敌对魔兽5被加上Buff fire
2018/3/1 22:24:48 房间 3：敌对魔兽1被加上Buff ice
2018/3/1 22:24:48 房间 3：敌对魔兽17被加上Buff fire
2018/3/1 22:24:48 房间 3：敌对魔兽15被加上Buff fire
2018/3/1 22:24:48 房间 3：敌对魔兽13被加上Buff fire
2018/3/1 22:24:47 房间 3：敌对魔兽8被加上Buff fire
2018/3/1 22:24:47 房间 3：小小白说：“嗯”
2018/3/1 22:24:47 房间 3：敌对魔兽7被加上Buff fire
2018/3/1 22:24:46 房间 3：敌对魔兽4被加上Buff fire
2018/3/1 22:24:46 房间 3：敌对魔兽4被加上Buff fire
2018/3/1 22:24:46 房间 3：敌对魔兽4被加上Buff fire
2018/3/1 22:24:46 房间 3：敌对魔兽6被加上Buff ice
2018/3/1 22:24:46 房间 3：敌对魔兽14被加上Buff fire
2018/3/1 22:24:45 房间 3：小小白说：“相差不多应该没事”
2018/3/1 22:24:45 房间 3：敌对魔兽11被加上Buff fire
2018/3/1 22:24:45 房间 3：敌对魔兽2被加上Buff fire
2018/3/1 22:24:45 房间 3：敌对魔兽2被加上Buff fire
2018/3/1 22:24:44 房间 3：敌对魔兽13被加上Buff fire
2018/3/1 22:24:44 房间 3：幽灵之花于(985,394)被生成
2018/3/1 22:24:44 房间 3：幽灵之花于(985,394)被生成
2018/3/1 22:24:44 房间 3：幽灵之花于(985,166)被生成
2018/3/1 22:24:44 房间 3：魔蝠于(985,90)被生成
2018/3/1 22:24:43 房间 3：绝望于(985,166)被生成
2018/3/1 22:24:43 房间 3：魔蝠于(985,242)被生成
2018/3/1 22:24:43 房间 3：深空莲花于(985,90)被生成
2018/3/1 22:24:43 房间 3：恶魔于(985,166)被生成
2018/3/1 22:24:43 房间 3：幽灵之花于(985,318)被生成
2018/3/1 22:24:43 房间 3：恶魔于(985,318)被生成
2018/3/1 22:24:43 房间 3：吸血鬼于(985,166)被生成
2018/3/1 22:24:43 房间 3：幽灵之花于(985,242)被生成
2018/3/1 22:24:43 房间 3：深空莲花于(985,90)被生成
2018/3/1 22:24:43 房间 3：吸血鬼于(985,318)被生成
2018/3/1 22:24:43 房间 3：幽灵之花于(985,90)被生成
2018/3/1 22:24:43 房间 3：吸血鬼于(985,394)被生成
2018/3/1 22:24:43 房间 3：幽灵之花于(985,242)被生成
2018/3/1 22:24:43 房间 3：剧毒蜂于(985,394)被生成
2018/3/1 22:24:43 房间 3：深空莲花于(985,90)被生成
2018/3/1 22:24:43 房间 3：剧毒蜂于(985,318)被生成
2018/3/1 22:24:43 房间 3：深空莲花于(985,394)被生成
2018/3/1 22:24:43 房间 3：深空之眼于(985,242)被生成
2018/3/1 22:24:43 房间 3：深空莲花于(985,318)被生成
2018/3/1 22:24:43 房间 3：恶魔于(985,318)被生成
2018/3/1 22:24:42 房间 3：敌对魔兽3被加上Buff fire
2018/3/1 22:24:41 房间 3：电视于(724.4,318)被生成
2018/3/1 22:24:41 房间 3：404说：“快要结束了”
2018/3/1 22:24:40 房间 3：敌对魔兽2被加上Buff fire
2018/3/1 22:24:39 房间 3：敌对魔兽1被加上Buff fire
2018/3/1 22:24:39 房间 3：电视于(603.4,242)被生成
2018/3/1 22:24:38 房间 3：玩家1把麒麟放在了(776,318)
2018/3/1 22:24:36 房间 3：敌对魔兽2被加上Buff ice
2018/3/1 22:24:34 房间 3：玩家1把坚硬的球放在了(700,90)
2018/3/1 22:24:34 房间 3：恶魔于(985,242)被生成
2018/3/1 22:24:34 房间 3：魔蝠于(985,318)被生成
2018/3/1 22:24:34 房间 3：吸血鬼于(985,90)被生成
2018/3/1 22:24:33 日志太长了，已经将它保存并且清空了屏幕。

