2018/3/1 21:30:55 房间 1：玩家1把微软放在了(320,242)
2018/3/1 21:30:55 房间 1：玩家1把骑士放在了(320,394)
2018/3/1 21:30:55 房间 1：玩家1把微软放在了(320,318)
2018/3/1 21:30:55 房间 1：玩家1把滑稽之花放在了(244,318)
2018/3/1 21:30:55 房间 1：玩家1把骑士放在了(396,394)
2018/3/1 21:30:55 房间 1：玩家1把滑稽之花放在了(244,394)
2018/3/1 21:30:55 房间 1：玩家1把无面花放在了(168,242)
2018/3/1 21:30:55 房间 1：玩家1把滑稽之花放在了(168,394)
2018/3/1 21:30:55 房间 1：玩家1把微软放在了(320,90)
2018/3/1 21:30:55 房间 1：玩家1把微软放在了(396,318)
2018/3/1 21:30:55 房间 1：玩家1把微软放在了(320,242)
2018/3/1 21:30:55 房间 1：玩家1把骑士放在了(320,394)
2018/3/1 21:30:55 房间 1：玩家1把微软放在了(320,318)
2018/3/1 21:30:55 房间 1：玩家1把滑稽之花放在了(244,318)
2018/3/1 21:30:55 房间 1：玩家1把骑士放在了(396,394)
2018/3/1 21:30:55 房间 1：玩家1把滑稽之花放在了(244,394)
2018/3/1 21:30:55 房间 1：玩家1把无面花放在了(168,242)
2018/3/1 21:30:55 房间 1：玩家1把滑稽之花放在了(168,394)
2018/3/1 21:30:55 房间 1：玩家1把微软放在了(320,90)
2018/3/1 21:30:55 房间 1：玩家1把微软放在了(396,318)
2018/3/1 21:30:55 房间 1：玩家1把微软放在了(320,242)
2018/3/1 21:30:55 房间 1：玩家1把骑士放在了(320,394)
2018/3/1 21:30:55 房间 1：玩家1把微软放在了(320,318)
2018/3/1 21:30:55 房间 1：玩家1把滑稽之花放在了(244,318)
2018/3/1 21:30:55 房间 1：玩家1把骑士放在了(396,394)
2018/3/1 21:30:54 房间 1：玩家1把滑稽之花放在了(244,394)
2018/3/1 21:30:54 房间 1：玩家1把无面花放在了(168,242)
2018/3/1 21:30:54 房间 1：玩家1把滑稽之花放在了(168,394)
2018/3/1 21:30:54 房间 1：玩家1把微软放在了(320,90)
2018/3/1 21:30:54 房间 1：玩家1把微软放在了(396,318)
2018/3/1 21:30:54 房间 1：玩家1把微软放在了(320,242)
2018/3/1 21:30:54 房间 1：玩家1把骑士放在了(320,394)
2018/3/1 21:30:54 房间 1：玩家1把微软放在了(320,318)
2018/3/1 21:30:54 房间 1：玩家1把滑稽之花放在了(244,318)
2018/3/1 21:30:54 房间 1：玩家1把骑士放在了(396,394)
2018/3/1 21:30:54 房间 1：电视于(606.4,394)被生成
2018/3/1 21:30:52 玩家2 退出了游戏 .
2018/3/1 21:30:48 房间 1：魔花于(985,318)被生成
2018/3/1 21:30:48 房间 1：幽灵之花于(985,166)被生成
2018/3/1 21:30:48 房间 1：幽灵之花于(985,394)被生成
2018/3/1 21:30:48 房间 1：幽灵之花于(985,318)被生成
2018/3/1 21:30:48 房间 1：幽灵之花于(985,166)被生成
2018/3/1 21:30:48 房间 1：幽灵之花于(985,90)被生成
2018/3/1 21:30:48 房间 1：幽灵之花于(985,242)被生成
2018/3/1 21:30:48 房间 1：幽灵之花于(985,90)被生成
2018/3/1 21:30:48 房间 1：幽灵之花于(985,242)被生成
2018/3/1 21:30:48 房间 1：幽灵之花于(985,90)被生成
2018/3/1 21:30:48 房间 1：魔花于(985,394)被生成
2018/3/1 21:30:48 房间 1：魔花于(985,394)被生成
2018/3/1 21:30:48 房间 1：幽灵之花于(985,242)被生成
2018/3/1 21:30:48 房间 1：幽灵之花于(985,166)被生成
2018/3/1 21:30:48 房间 1：幽灵之花于(985,318)被生成
2018/3/1 21:30:48 房间 1：幽灵之花于(985,242)被生成
2018/3/1 21:30:48 房间 1：魔花于(985,90)被生成
2018/3/1 21:30:48 房间 1：魔花于(985,318)被生成
2018/3/1 21:30:48 房间 1：幽灵之花于(985,166)被生成
2018/3/1 21:30:48 房间 1：幽灵之花于(985,166)被生成
2018/3/1 21:30:48 房间 1：幽灵之花于(985,90)被生成
2018/3/1 21:30:48 房间 1：幽灵之花于(985,318)被生成
2018/3/1 21:30:48 房间 1：幽灵之花于(985,166)被生成
2018/3/1 21:30:48 房间 1：幽灵之花于(985,166)被生成
2018/3/1 21:30:48 房间 1：蜘蛛怪于(585.4,166)被生成
2018/3/1 21:30:48 房间 1：蜘蛛怪于(671.4,318)被生成
2018/3/1 21:30:48 房间 1：蜘蛛怪于(713.4,318)被生成
2018/3/1 21:30:48 房间 1：蜘蛛怪于(697.4,242)被生成
2018/3/1 21:30:48 房间 1：蜘蛛怪于(612.4,242)被生成
2018/3/1 21:30:48 房间 1：贞子于(589.4,394)被生成
2018/3/1 21:30:48 房间 1：贞子于(626.4,90)被生成
2018/3/1 21:30:48 房间 1：贞子于(623.4,166)被生成
2018/3/1 21:30:48 房间 1：贞子于(663.4,394)被生成
2018/3/1 21:30:48 房间 1：贞子于(626.4,90)被生成
2018/3/1 21:30:48 房间 1：贞子于(623.4,166)被生成
2018/3/1 21:30:48 房间 1：贞子于(663.4,394)被生成
2018/3/1 21:30:48 房间 1：贞子于(558.4,166)被生成
2018/3/1 21:30:48 房间 1：贞子于(558.4,166)被生成
2018/3/1 21:30:48 房间 1：电视于(625.4,394)被生成
2018/3/1 21:30:38 房间 1：魔花于(985,166)被生成
2018/3/1 21:30:38 房间 1：幽灵之花于(985,166)被生成
2018/3/1 21:30:38 房间 1：魔花于(985,394)被生成
2018/3/1 21:30:38 房间 1：魔花于(985,318)被生成
2018/3/1 21:30:37 房间 1：玩家1把滑稽之花放在了(244,394)
2018/3/1 21:30:37 房间 1：玩家1把无面花放在了(168,242)
2018/3/1 21:30:37 房间 1：玩家1把滑稽之花放在了(168,394)
2018/3/1 21:30:37 房间 1：玩家1把微软放在了(320,90)
2018/3/1 21:30:06 房间 1：玩家2把微软放在了(396,318)
2018/3/1 21:29:52 房间 1：玩家2把微软放在了(320,242)
2018/3/1 21:29:44 房间 1：玩家2把骑士放在了(320,394)
2018/3/1 21:29:36 房间 1：玩家2把微软放在了(320,318)
2018/3/1 21:29:36 房间 1：玩家2把滑稽之花放在了(244,318)
2018/3/1 21:29:36 房间 1：玩家2把骑士放在了(396,394)
2018/3/1 21:29:36 房间 1：魔花于(985,394)被生成
2018/3/1 21:29:36 房间 1：幽灵之花于(985,318)被生成
2018/3/1 21:29:36 房间 1：幽灵之花于(985,394)被生成
2018/3/1 21:29:36 房间 1：幽灵之花于(985,166)被生成
2018/3/1 21:29:12 房间 1：魔花于(985,242)被生成
2018/3/1 21:29:12 房间 1：幽灵之花于(985,394)被生成
2018/3/1 21:29:12 房间 1：魔花于(985,166)被生成
2018/3/1 21:29:12 房间 1：魔花于(985,166)被生成
2018/3/1 21:29:11 房间 1：电视于(662.4,90)被生成
2018/3/1 21:29:09 房间 1：电视于(659.4,166)被生成
2018/3/1 21:29:08 房间 1：玩家2把滑稽之花放在了(244,394)
2018/3/1 21:29:02 房间 1：玩家1把无面花放在了(168,242)
2018/3/1 21:29:01 房间 1：电视于(699.4,394)被生成
2018/3/1 21:28:59 房间 1：玩家2把滑稽之花放在了(168,394)
2018/3/1 21:28:57 房间 1：玩家2把微软放在了(320,90)
2018/3/1 21:28:50 房间 1：玩家2把滑稽之花放在了(168,318)
2018/3/1 21:28:49 房间 1：玩家2把骑士放在了(396,242)
2018/3/1 21:28:45 房间 1：玩家2把微软放在了(320,166)
2018/3/1 21:28:43 房间 1：玩家2把滑稽之花放在了(168,242)
2018/3/1 21:28:42 房间 1：玩家2把滑稽之花放在了(168,166)
2018/3/1 21:28:42 房间 1：电视于(594.4,166)被生成
2018/3/1 21:28:30 房间 1：玩家1把无面花放在了(168,90)
2018/3/1 21:28:29 房间 1：玩家2把滑稽之花放在了(168,90)
2018/3/1 21:28:21 获取玩家2的名字为uvwxyz
2018/3/1 21:28:21 玩家2加入了房间1，开始战斗。
2018/3/1 21:28:18 玩家2 连接到了服务器。
2018/3/1 21:28:04 获取玩家1的名字为404
2018/3/1 21:28:04 玩家1创建了房间
2018/3/1 21:28:04 玩家1 连接到了服务器。
2018/3/1 21:27:45 服务端启动。

