2018/3/1 22:13:16 房间 2：魔兽7被使用滑稽能量
2018/3/1 22:13:16 房间 2：魔兽7被使用滑稽能量
2018/3/1 22:13:15 房间 2：魔兽7被使用滑稽能量
2018/3/1 22:13:15 房间 2：魔兽7被使用滑稽能量
2018/3/1 22:13:14 房间 2：魔兽3被使用滑稽能量
2018/3/1 22:13:14 房间 2：魔兽7被使用滑稽能量
2018/3/1 22:13:14 房间 2：魔兽3被使用滑稽能量
2018/3/1 22:13:14 房间 2：魔兽7被使用滑稽能量
2018/3/1 22:13:14 房间 2：敌对魔兽10被加上Buff fire
2018/3/1 22:13:14 房间 2：魔兽3被使用滑稽能量
2018/3/1 22:13:14 房间 2：魔兽7被使用滑稽能量
2018/3/1 22:13:13 房间 2：魔兽3被使用滑稽能量
2018/3/1 22:13:13 房间 2：魔兽7被使用滑稽能量
2018/3/1 22:13:13 房间 2：魔兽3被使用滑稽能量
2018/3/1 22:13:13 房间 2：魔兽7被使用滑稽能量
2018/3/1 22:13:13 房间 2：幽灵之花于(985,242)被生成
2018/3/1 22:13:13 房间 2：幽灵之花于(985,394)被生成
2018/3/1 22:13:13 房间 2：魔花于(985,242)被生成
2018/3/1 22:13:13 房间 2：幽灵之花于(985,90)被生成
2018/3/1 22:13:13 房间 2：魔兽3被使用滑稽能量
2018/3/1 22:13:13 房间 2：魔兽7被使用滑稽能量
2018/3/1 22:13:12 房间 2：魔兽3被使用滑稽能量
2018/3/1 22:13:12 房间 2：魔兽7被使用滑稽能量
2018/3/1 22:13:12 房间 2：魔兽3被使用滑稽能量
2018/3/1 22:13:12 房间 2：电视于(579.4,90)被生成
2018/3/1 22:13:10 房间 2：玩家2把迪莫放在了(244,90)
2018/3/1 22:13:05 房间 2：玩家2把麒麟放在了(168,394)
2018/3/1 22:13:04 房间 2：玩家2把黑鹰放在了(168,318)
2018/3/1 22:13:03 房间 2：幽灵之花于(985,90)被生成
2018/3/1 22:13:03 房间 2：幽灵之花于(985,242)被生成
2018/3/1 22:13:03 房间 2：幽灵之花于(985,242)被生成
2018/3/1 22:13:03 房间 2：幽灵之花于(985,394)被生成
2018/3/1 22:13:00 房间 2：电视于(653.4,242)被生成
2018/3/1 22:12:57 房间 2：玩家1把迪莫放在了(168,166)
2018/3/1 22:12:56 房间 2：玩家2把迪莫放在了(244,242)
2018/3/1 22:12:53 房间 2：幽灵之花于(985,90)被生成
2018/3/1 22:12:53 房间 2：幽灵之花于(985,166)被生成
2018/3/1 22:12:53 房间 2：魔花于(985,242)被生成
2018/3/1 22:12:53 房间 2：魔花于(985,166)被生成
2018/3/1 22:12:52 房间 2：电视于(744.4,166)被生成
2018/3/1 22:12:36 房间 2：电视于(575.4,318)被生成
2018/3/1 22:12:24 房间 2：玩家1把无面花放在了(168,90)
2018/3/1 22:12:23 房间 2：电视于(671.4,90)被生成
2018/3/1 22:12:21 房间 2：电视于(588.4,90)被生成
2018/3/1 22:12:14 房间 2：玩家2把迪莫放在了(168,242)
2018/3/1 22:12:10 房间 2：电视于(754.4,166)被生成
2018/3/1 22:12:01 获取玩家1的名字为404
2018/3/1 22:12:01 玩家1加入了房间2，开始战斗。
2018/3/1 22:12:01 玩家1 连接到了服务器。
2018/3/1 22:11:45 获取玩家2的名字为小小白
2018/3/1 22:11:45 玩家2创建了房间
2018/3/1 22:11:45 玩家2 连接到了服务器。
2018/3/1 22:09:51 玩家1 退出了游戏 .
2018/3/1 22:09:39 房间 4：玩家1把黑鹰放在了(320,90)
2018/3/1 22:09:37 房间 4：敌对魔兽1被加上Buff ice
2018/3/1 22:09:35 房间 4：敌对魔兽2被加上Buff fire
2018/3/1 22:09:35 房间 4：敌对魔兽2被加上Buff ice
2018/3/1 22:09:34 房间 4：玩家1把麒麟放在了(320,318)
2018/3/1 22:09:34 房间 4：敌对魔兽4被加上Buff ice
2018/3/1 22:09:33 房间 4：敌对魔兽2被加上Buff ice
2018/3/1 22:09:28 房间 4：敌对魔兽7被加上Buff ice
2018/3/1 22:09:27 房间 4：敌对魔兽4被加上Buff fire
2018/3/1 22:09:25 房间 4：敌对魔兽4被加上Buff ice
2018/3/1 22:09:24 玩家4 退出了游戏 .
2018/3/1 22:09:23 房间 4：敌对魔兽19被加上Buff fire
2018/3/1 22:09:23 房间 4：玩家1把黑鹰放在了(320,166)
2018/3/1 22:09:23 房间 4：敌对魔兽30被加上Buff fire
2018/3/1 22:09:21 房间 4：敌对魔兽33被加上Buff fire
2018/3/1 22:09:20 房间 4：敌对魔兽17被加上Buff fire
2018/3/1 22:09:20 房间 4：电视于(726.4,90)被生成
2018/3/1 22:09:19 房间 4：敌对魔兽32被加上Buff fire
2018/3/1 22:09:19 房间 4：敌对魔兽42被加上Buff fire
2018/3/1 22:09:19 房间 4：敌对魔兽20被加上Buff fire
2018/3/1 22:09:19 房间 4：敌对魔兽7被加上Buff fire
2018/3/1 22:09:19 房间 4：敌对魔兽6被加上Buff fire
2018/3/1 22:09:18 房间 4：敌对魔兽2被加上Buff fire
2018/3/1 22:09:17 房间 4：敌对魔兽2被加上Buff fire
2018/3/1 22:09:17 房间 4：敌对魔兽47被加上Buff fire
2018/3/1 22:09:17 房间 4：敌对魔兽16被加上Buff fire
2018/3/1 22:09:17 房间 4：敌对魔兽10被加上Buff fire
2018/3/1 22:09:16 房间 4：敌对魔兽6被加上Buff fire
2018/3/1 22:09:16 房间 4：敌对魔兽30被加上Buff fire
2018/3/1 22:09:15 房间 4：敌对魔兽21被加上Buff fire
2018/3/1 22:09:14 房间 4：幽灵之花于(985,166)被生成
2018/3/1 22:09:14 房间 4：幽灵之花于(985,394)被生成
2018/3/1 22:09:14 房间 4：幽灵之花于(985,242)被生成
2018/3/1 22:09:14 房间 4：幽灵之花于(985,166)被生成
2018/3/1 22:09:14 房间 4：敌对魔兽29被加上Buff fire
2018/3/1 22:09:14 房间 4：敌对魔兽28被加上Buff fire
2018/3/1 22:09:13 房间 4：敌对魔兽8被加上Buff fire
2018/3/1 22:09:13 房间 4：敌对魔兽3被加上Buff ice
2018/3/1 22:09:12 房间 4：敌对魔兽29被加上Buff fire
2018/3/1 22:09:11 房间 4：玩家1把麒麟放在了(320,242)
2018/3/1 22:09:10 房间 4：敌对魔兽2被加上Buff ice
2018/3/1 22:09:09 房间 4：电视于(728.4,242)被生成
2018/3/1 22:09:08 房间 4：电视于(703.4,166)被生成
2018/3/1 22:09:07 房间 4：敌对魔兽13被加上Buff ice
2018/3/1 22:09:05 房间 4：敌对魔兽15被加上Buff ice
2018/3/1 22:09:05 房间 4：敌对魔兽52被加上Buff fire
2018/3/1 22:09:05 房间 4：敌对魔兽41被加上Buff fire
2018/3/1 22:09:05 房间 4：魔花于(985,242)被生成
2018/3/1 22:09:05 房间 4：幽灵之花于(985,166)被生成
2018/3/1 22:09:05 房间 4：幽灵之花于(985,90)被生成
2018/3/1 22:09:05 房间 4：幽灵之花于(985,242)被生成
2018/3/1 22:09:05 房间 4：幽灵之花于(985,318)被生成
2018/3/1 22:09:05 房间 4：幽灵之花于(985,90)被生成
2018/3/1 22:09:05 房间 4：幽灵之花于(985,166)被生成
2018/3/1 22:09:05 房间 4：幽灵之花于(985,394)被生成
2018/3/1 22:09:05 房间 4：幽灵之花于(985,394)被生成
2018/3/1 22:09:05 房间 4：幽灵之花于(985,318)被生成
2018/3/1 22:09:05 房间 4：魔花于(985,242)被生成
2018/3/1 22:09:05 房间 4：幽灵之花于(985,242)被生成
2018/3/1 22:09:05 房间 4：魔花于(985,166)被生成
2018/3/1 22:09:05 房间 4：幽灵之花于(985,90)被生成
2018/3/1 22:09:05 房间 4：魔花于(985,318)被生成
2018/3/1 22:09:05 房间 4：幽灵之花于(985,166)被生成
2018/3/1 22:09:05 房间 4：魔花于(985,90)被生成
2018/3/1 22:09:05 房间 4：幽灵之花于(985,166)被生成
2018/3/1 22:09:05 房间 4：魔花于(985,318)被生成
2018/3/1 22:09:05 房间 4：幽灵之花于(985,394)被生成
2018/3/1 22:09:05 房间 4：幽灵之花于(985,242)被生成
2018/3/1 22:09:05 房间 4：幽灵之花于(985,90)被生成
2018/3/1 22:09:05 房间 4：魔花于(985,242)被生成
2018/3/1 22:09:05 房间 4：魔花于(985,166)被生成
2018/3/1 22:09:04 日志太长了，已经将它保存并且清空了屏幕。

