2018/3/1 22:45:22 房间 3：敌对魔兽24被加上Buff fire
2018/3/1 22:45:22 房间 3：玩家1把失落的滑稽放在了(700,90)
2018/3/1 22:45:21 房间 3：敌对魔兽15被加上Buff fire
2018/3/1 22:45:21 房间 3：敌对魔兽2被加上Buff fire
2018/3/1 22:45:21 房间 3：敌对魔兽4被加上Buff fire
2018/3/1 22:45:20 房间 3：敌对魔兽4被加上Buff fire
2018/3/1 22:45:19 房间 3：敌对魔兽24被加上Buff fire
2018/3/1 22:45:18 房间 3：玩家1把无面花放在了(168,318)
2018/3/1 22:45:17 房间 3：魔蝠于(1057,394)被生成
2018/3/1 22:45:17 房间 3：魔蝠于(1057,318)被生成
2018/3/1 22:45:17 房间 3：魔蝠于(1057,90)被生成
2018/3/1 22:45:17 房间 3：魔蝠于(1057,90)被生成
2018/3/1 22:45:17 房间 3：魔蝠于(1057,394)被生成
2018/3/1 22:45:17 房间 3：魔蝠于(1057,394)被生成
2018/3/1 22:45:17 房间 3：幽灵之花于(985,242)被生成
2018/3/1 22:45:17 房间 3：幽灵之花于(985,394)被生成
2018/3/1 22:45:17 房间 3：恶魔于(985,90)被生成
2018/3/1 22:45:17 房间 3：裂空玩偶于(985,394)被生成
2018/3/1 22:45:17 房间 3：巫师于(985,394)被生成
2018/3/1 22:45:17 房间 3：巫师于(985,394)被生成
2018/3/1 22:45:17 房间 3：裂空玩偶于(985,318)被生成
2018/3/1 22:45:17 房间 3：裂空玩偶于(985,90)被生成
2018/3/1 22:45:17 房间 3：裂空玩偶于(985,90)被生成
2018/3/1 22:45:17 房间 3：幽灵之花于(985,166)被生成
2018/3/1 22:45:17 房间 3：深空莲花于(985,166)被生成
2018/3/1 22:45:17 房间 3：幽灵之花于(985,242)被生成
2018/3/1 22:45:17 房间 3：魔蝠于(985,394)被生成
2018/3/1 22:45:17 房间 3：病毒于(985,242)被生成
2018/3/1 22:45:17 房间 3：魔蝠于(985,318)被生成
2018/3/1 22:45:17 房间 3：裂空玩偶于(985,394)被生成
2018/3/1 22:45:17 房间 3：恶魔于(985,318)被生成
2018/3/1 22:45:17 房间 3：裂空玩偶于(985,394)被生成
2018/3/1 22:45:17 房间 3：巫师于(985,166)被生成
2018/3/1 22:45:17 房间 3：病毒于(985,242)被生成
2018/3/1 22:45:17 房间 3：幽灵之花于(985,394)被生成
2018/3/1 22:45:17 房间 3：幽灵之花于(985,318)被生成
2018/3/1 22:45:17 房间 3：幽灵之花于(985,242)被生成
2018/3/1 22:45:16 房间 3：魔蝠于(985,394)被生成
2018/3/1 22:45:16 房间 3：蜘蛛怪于(653.4,90)被生成
2018/3/1 22:45:16 房间 3：蜘蛛怪于(691.4,166)被生成
2018/3/1 22:45:16 房间 3：蜘蛛怪于(722.4,394)被生成
2018/3/1 22:45:16 房间 3：蜘蛛怪于(673.4,242)被生成
2018/3/1 22:45:16 房间 3：蜘蛛怪于(724.4,242)被生成
2018/3/1 22:45:16 房间 3：贞子于(641.4,166)被生成
2018/3/1 22:45:16 房间 3：魔兽32被删除
2018/3/1 22:45:15 房间 3：电视于(677.4,166)被生成
2018/3/1 22:45:14 房间 3：魔兽4被删除
2018/3/1 22:45:09 房间 3：敌对魔兽3被加上Buff ice
2018/3/1 22:45:05 房间 3：魔蝠于(1057,394)被生成
2018/3/1 22:45:05 房间 3：裂空玩偶于(985,394)被生成
2018/3/1 22:45:05 房间 3：巫师于(985,166)被生成
2018/3/1 22:45:05 房间 3：病毒于(985,318)被生成
2018/3/1 22:45:05 房间 3：病毒于(985,394)被生成
2018/3/1 22:45:05 房间 3：玩家1把玄武放在了(624,394)
2018/3/1 22:45:02 房间 3：玩家1把麒麟放在了(624,90)
2018/3/1 22:45:01 房间 3：玩家1把千羽鹤放在了(624,242)
2018/3/1 22:45:00 房间 3：魔兽15被使用滑稽能量
2018/3/1 22:44:57 房间 3：404说：“555果然我CPU不行”
2018/3/1 22:44:54 房间 3：恶魔于(985,90)被生成
2018/3/1 22:44:54 房间 3：巫师于(985,242)被生成
2018/3/1 22:44:54 房间 3：魔蝠于(985,166)被生成
2018/3/1 22:44:54 房间 3：巫师于(985,90)被生成
2018/3/1 22:44:53 房间 3：敌对魔兽1被加上Buff ice
2018/3/1 22:44:47 房间 3：uvwxyz说：“30左右”
2018/3/1 22:44:47 房间 3：敌对魔兽3被加上Buff fire
2018/3/1 22:44:44 房间 3：敌对魔兽2被加上Buff ice
2018/3/1 22:44:43 房间 3：魔蝠于(1057.5,166)被生成
2018/3/1 22:44:43 房间 3：魔蝠于(1057.5,242)被生成
2018/3/1 22:44:43 房间 3：裂空玩偶于(985,166)被生成
2018/3/1 22:44:43 房间 3：深空莲花于(985,90)被生成
2018/3/1 22:44:43 房间 3：深空莲花于(985,394)被生成
2018/3/1 22:44:43 房间 3：裂空玩偶于(985,242)被生成
2018/3/1 22:44:42 房间 3：玩家1把麒麟放在了(624,318)
2018/3/1 22:44:39 房间 3：敌对魔兽6被加上Buff ice
2018/3/1 22:44:39 房间 3：敌对魔兽11被加上Buff fire
2018/3/1 22:44:37 房间 3：魔兽24被使用滑稽能量
2018/3/1 22:44:36 房间 3：敌对魔兽6被加上Buff fire
2018/3/1 22:44:35 房间 3：敌对魔兽14被加上Buff fire
2018/3/1 22:44:35 房间 3：敌对魔兽25被加上Buff fire
2018/3/1 22:44:35 房间 3：敌对魔兽22被加上Buff fire
2018/3/1 22:44:35 房间 3：404说：“你呢”
2018/3/1 22:44:35 房间 3：敌对魔兽14被加上Buff fire
2018/3/1 22:44:34 房间 3：敌对魔兽25被加上Buff fire
2018/3/1 22:44:34 房间 3：敌对魔兽2被加上Buff fire
2018/3/1 22:44:33 房间 3：敌对魔兽23被加上Buff fire
2018/3/1 22:44:33 房间 3：404说：“我这里20FPS”
2018/3/1 22:44:32 房间 3：魔蝠于(1057.5,90)被生成
2018/3/1 22:44:32 房间 3：魔蝠于(1057.5,394)被生成
2018/3/1 22:44:32 房间 3：魔蝠于(1057.5,318)被生成
2018/3/1 22:44:32 房间 3：魔蝠于(1057.5,394)被生成
2018/3/1 22:44:32 房间 3：魔蝠于(1057.5,90)被生成
2018/3/1 22:44:32 房间 3：恶魔于(985,318)被生成
2018/3/1 22:44:32 房间 3：魔蝠于(985,166)被生成
2018/3/1 22:44:32 房间 3：裂空玩偶于(985,90)被生成
2018/3/1 22:44:32 房间 3：魔蝠于(985,394)被生成
2018/3/1 22:44:32 房间 3：裂空玩偶于(985,394)被生成
2018/3/1 22:44:32 房间 3：恶魔于(985,318)被生成
2018/3/1 22:44:32 房间 3：幽灵之花于(985,242)被生成
2018/3/1 22:44:32 房间 3：病毒于(985,90)被生成
2018/3/1 22:44:32 房间 3：病毒于(985,394)被生成
2018/3/1 22:44:32 房间 3：巫师于(985,242)被生成
2018/3/1 22:44:32 房间 3：裂空玩偶于(985,318)被生成
2018/3/1 22:44:32 房间 3：幽灵之花于(985,318)被生成
2018/3/1 22:44:32 房间 3：巫师于(985,318)被生成
2018/3/1 22:44:32 房间 3：恶魔于(985,90)被生成
2018/3/1 22:44:32 房间 3：幽灵之花于(985,318)被生成
2018/3/1 22:44:32 房间 3：幽灵之花于(985,242)被生成
2018/3/1 22:44:32 房间 3：恶魔于(985,166)被生成
2018/3/1 22:44:32 房间 3：深空莲花于(985,394)被生成
2018/3/1 22:44:32 房间 3：幽灵之花于(985,166)被生成
2018/3/1 22:44:32 房间 3：幽灵之花于(985,90)被生成
2018/3/1 22:44:32 房间 3：裂空玩偶于(985,394)被生成
2018/3/1 22:44:32 房间 3：裂空玩偶于(985,90)被生成
2018/3/1 22:44:32 房间 3：幽灵之花于(985,318)被生成
2018/3/1 22:44:32 房间 3：病毒于(985,90)被生成
2018/3/1 22:44:32 房间 3：蜘蛛怪于(673.4,318)被生成
2018/3/1 22:44:32 房间 3：蜘蛛怪于(589.4,90)被生成
2018/3/1 22:44:32 房间 3：蜘蛛怪于(697.4,166)被生成
2018/3/1 22:44:32 房间 3：蜘蛛怪于(589.4,166)被生成
2018/3/1 22:44:32 房间 3：蜘蛛怪于(572.4,242)被生成
2018/3/1 22:44:32 房间 3：贞子于(718.4,394)被生成
2018/3/1 22:44:32 日志太长了，已经将它保存并且清空了屏幕。

