2018/3/1 22:48:14 房间 3：剧毒蜂于(985,394)被生成
2018/3/1 22:48:14 房间 3：恶魔于(985,394)被生成
2018/3/1 22:48:14 房间 3：深空莲花于(985,166)被生成
2018/3/1 22:48:14 房间 3：绝望于(985,318)被生成
2018/3/1 22:48:14 房间 3：幽灵之花于(985,394)被生成
2018/3/1 22:48:14 房间 3：绝望于(985,242)被生成
2018/3/1 22:48:14 房间 3：幽灵之花于(985,242)被生成
2018/3/1 22:48:14 房间 3：裂空玩偶于(985,90)被生成
2018/3/1 22:48:14 房间 3：剧毒蜂于(985,242)被生成
2018/3/1 22:48:14 房间 3：深空莲花于(985,166)被生成
2018/3/1 22:48:14 房间 3：幽灵之花于(985,394)被生成
2018/3/1 22:48:14 房间 3：剧毒蜂于(985,394)被生成
2018/3/1 22:48:14 房间 3：魔蝠于(985,318)被生成
2018/3/1 22:48:14 房间 3：幽灵之花于(985,242)被生成
2018/3/1 22:48:14 房间 3：恶魔于(985,166)被生成
2018/3/1 22:48:14 房间 3：深空莲花于(985,242)被生成
2018/3/1 22:48:14 房间 3：幽灵之花于(985,394)被生成
2018/3/1 22:48:14 房间 3：吸血鬼于(985,90)被生成
2018/3/1 22:48:14 房间 3：裂空玩偶于(985,394)被生成
2018/3/1 22:48:13 房间 3：裂空玩偶于(985,318)被生成
2018/3/1 22:48:13 房间 3：吸血鬼于(985,318)被生成
2018/3/1 22:48:13 房间 3：裂空玩偶于(985,242)被生成
2018/3/1 22:48:12 房间 3：玩家3把微软放在了(700,166)
2018/3/1 22:48:10 房间 3：404说：“深海之女”
2018/3/1 22:48:06 房间 3：敌对魔兽1被加上Buff fire
2018/3/1 22:48:05 房间 3：uvwxyz说：“刚刚蹦出个什么”
2018/3/1 22:48:04 房间 3：玩家1把阳光加冰放在了(548,166)
2018/3/1 22:48:03 房间 3：魔蝠于(1057,242)被生成
2018/3/1 22:48:03 房间 3：魔蝠于(1057,242)被生成
2018/3/1 22:48:03 房间 3：裂空玩偶于(985,242)被生成
2018/3/1 22:48:03 房间 3：裂空玩偶于(985,242)被生成
2018/3/1 22:48:03 房间 3：剧毒蜂于(985,90)被生成
2018/3/1 22:48:03 房间 3：幽灵之花于(985,242)被生成
2018/3/1 22:48:00 房间 3：魔兽26被删除
2018/3/1 22:48:00 房间 3：uvwxyz说：“”
2018/3/1 22:48:00 房间 3：uvwxyz说：“我操”
2018/3/1 22:47:55 房间 3：玩家1把深海之女放在了(776,242)
2018/3/1 22:47:54 房间 3：敌对魔兽4被加上Buff fire
2018/3/1 22:47:53 房间 3：敌对魔兽4被加上Buff fire
2018/3/1 22:47:52 房间 3：吸血鬼于(985,242)被生成
2018/3/1 22:47:52 房间 3：幽灵之花于(985,166)被生成
2018/3/1 22:47:52 房间 3：幽灵之花于(985,242)被生成
2018/3/1 22:47:52 房间 3：绝望于(985,394)被生成
2018/3/1 22:47:52 房间 3：电视于(755.4,90)被生成
2018/3/1 22:47:41 房间 3：魔蝠于(1057.5,318)被生成
2018/3/1 22:47:41 房间 3：魔蝠于(984,166)被生成
2018/3/1 22:47:41 房间 3：裂空玩偶于(985,318)被生成
2018/3/1 22:47:41 房间 3：剧毒蜂于(985,318)被生成
2018/3/1 22:47:41 房间 3：深空莲花于(985,90)被生成
2018/3/1 22:47:41 房间 3：剧毒蜂于(985,90)被生成
2018/3/1 22:47:38 房间 3：电视于(692.4,166)被生成
2018/3/1 22:47:37 房间 3：魔兽27被使用滑稽能量
2018/3/1 22:47:36 房间 3：敌对魔兽7被加上Buff fire
2018/3/1 22:47:35 房间 3：敌对魔兽2被加上Buff ice
2018/3/1 22:47:35 房间 3：敌对魔兽8被加上Buff fire
2018/3/1 22:47:33 房间 3：敌对魔兽10被加上Buff fire
2018/3/1 22:47:33 房间 3：敌对魔兽4被加上Buff ice
2018/3/1 22:47:33 房间 3：敌对魔兽10被加上Buff fire
2018/3/1 22:47:30 房间 3：魔蝠于(1057.5,90)被生成
2018/3/1 22:47:30 房间 3：魔蝠于(1057.5,166)被生成
2018/3/1 22:47:30 房间 3：魔蝠于(1057.5,394)被生成
2018/3/1 22:47:30 房间 3：幽灵之花于(985,318)被生成
2018/3/1 22:47:30 房间 3：魔蝠于(985,318)被生成
2018/3/1 22:47:30 房间 3：深空之眼于(985,318)被生成
2018/3/1 22:47:30 房间 3：吸血鬼于(985,242)被生成
2018/3/1 22:47:30 房间 3：恶魔于(985,394)被生成
2018/3/1 22:47:30 房间 3：魔蝠于(985,318)被生成
2018/3/1 22:47:30 房间 3：绝望于(985,394)被生成
2018/3/1 22:47:30 房间 3：剧毒蜂于(985,394)被生成
2018/3/1 22:47:30 房间 3：恶魔于(985,242)被生成
2018/3/1 22:47:30 房间 3：裂空玩偶于(985,90)被生成
2018/3/1 22:47:30 房间 3：吸血鬼于(985,90)被生成
2018/3/1 22:47:30 房间 3：恶魔于(985,394)被生成
2018/3/1 22:47:30 房间 3：幽灵之花于(985,242)被生成
2018/3/1 22:47:30 房间 3：幽灵之花于(985,90)被生成
2018/3/1 22:47:30 房间 3：魔蝠于(985,394)被生成
2018/3/1 22:47:30 房间 3：剧毒蜂于(985,166)被生成
2018/3/1 22:47:30 房间 3：幽灵之花于(985,318)被生成
2018/3/1 22:47:30 房间 3：魔蝠于(985,394)被生成
2018/3/1 22:47:30 房间 3：裂空玩偶于(985,166)被生成
2018/3/1 22:47:30 房间 3：魔蝠于(985,394)被生成
2018/3/1 22:47:30 房间 3：深空莲花于(985,90)被生成
2018/3/1 22:47:30 房间 3：剧毒蜂于(985,318)被生成
2018/3/1 22:47:30 房间 3：吸血鬼于(985,166)被生成
2018/3/1 22:47:30 房间 3：裂空玩偶于(985,394)被生成
2018/3/1 22:47:22 房间 3：魔兽26被使用滑稽能量
2018/3/1 22:47:22 房间 3：敌对魔兽3被加上Buff ice
2018/3/1 22:47:21 房间 3：敌对魔兽1被加上Buff ice
2018/3/1 22:47:19 房间 3：剧毒蜂于(985,166)被生成
2018/3/1 22:47:19 房间 3：深空莲花于(985,166)被生成
2018/3/1 22:47:19 房间 3：吸血鬼于(985,394)被生成
2018/3/1 22:47:19 房间 3：深空莲花于(985,90)被生成
2018/3/1 22:47:18 房间 3：魔兽15被使用滑稽能量
2018/3/1 22:47:18 房间 3：404说：“easy”
2018/3/1 22:47:08 房间 3：幽灵之花于(985,318)被生成
2018/3/1 22:47:08 房间 3：深空之眼于(985,318)被生成
2018/3/1 22:47:08 房间 3：恶魔于(985,242)被生成
2018/3/1 22:47:08 房间 3：深空莲花于(985,318)被生成
2018/3/1 22:47:05 房间 3：敌对魔兽1被加上Buff ice
2018/3/1 22:47:03 房间 3：电视于(695.4,166)被生成
2018/3/1 22:47:01 房间 3：电视于(587.4,318)被生成
2018/3/1 22:47:00 房间 3：魔兽26被使用滑稽能量
2018/3/1 22:46:57 房间 3：幽灵之花于(985,90)被生成
2018/3/1 22:46:57 房间 3：绝望于(985,90)被生成
2018/3/1 22:46:57 房间 3：恶魔于(985,90)被生成
2018/3/1 22:46:57 房间 3：绝望于(985,394)被生成
2018/3/1 22:46:56 房间 3：魔兽26被使用滑稽能量
2018/3/1 22:46:52 房间 3：魔兽26被使用滑稽能量
2018/3/1 22:46:50 房间 3：敌对魔兽3被加上Buff fire
2018/3/1 22:46:50 房间 3：敌对魔兽3被加上Buff fire
2018/3/1 22:46:50 房间 3：敌对魔兽3被加上Buff fire
2018/3/1 22:46:50 房间 3：敌对魔兽4被加上Buff fire
2018/3/1 22:46:50 房间 3：敌对魔兽12被加上Buff fire
2018/3/1 22:46:49 房间 3：敌对魔兽5被加上Buff fire
2018/3/1 22:46:49 房间 3：玩家1把深海之女放在了(700,166)
2018/3/1 22:46:48 房间 3：敌对魔兽2被加上Buff fire
2018/3/1 22:46:47 房间 3：敌对魔兽3被加上Buff fire
2018/3/1 22:46:47 房间 3：魔蝠于(1050.5,242)被生成
2018/3/1 22:46:47 房间 3：魔蝠于(1050.5,394)被生成
2018/3/1 22:46:47 房间 3：魔蝠于(1050.5,394)被生成
2018/3/1 22:46:47 房间 3：敌对魔兽1被加上Buff ice
2018/3/1 22:46:46 房间 3：吸血鬼于(985,394)被生成
2018/3/1 22:46:46 日志太长了，已经将它保存并且清空了屏幕。

