2018/3/1 21:51:29 房间 1：敌对魔兽2被加上Buff ice
2018/3/1 21:51:25 房间 1：玩家1把天人放在了(472,242)
2018/3/1 21:51:23 房间 1：敌对魔兽4被加上Buff fire
2018/3/1 21:51:21 房间 1：电视于(752.4,242)被生成
2018/3/1 21:51:20 房间 1：敌对魔兽2被加上Buff ice
2018/3/1 21:51:20 房间 1：玩家3把麒麟放在了(396,318)
2018/3/1 21:51:19 房间 1：幽灵之花于(985,318)被生成
2018/3/1 21:51:19 房间 1：魔花于(985,242)被生成
2018/3/1 21:51:19 房间 1：幽灵之花于(985,318)被生成
2018/3/1 21:51:19 房间 1：幽灵之花于(985,242)被生成
2018/3/1 21:51:18 房间 1：玩家3把彩虹精灵放在了(396,166)
2018/3/1 21:51:16 房间 1：玩家3把坚硬的球放在了(396,90)
2018/3/1 21:51:15 房间 1：玩家1把深海之女放在了(472,166)
2018/3/1 21:51:13 房间 1：敌对魔兽32被加上Buff fire
2018/3/1 21:51:13 房间 1：电视于(575.4,318)被生成
2018/3/1 21:51:11 房间 1：敌对魔兽11被加上Buff fire
2018/3/1 21:51:11 房间 1：敌对魔兽25被加上Buff fire
2018/3/1 21:51:11 房间 1：敌对魔兽4被加上Buff ice
2018/3/1 21:51:10 房间 1：玩家3把黑鹰放在了(396,242)
2018/3/1 21:51:09 房间 1：敌对魔兽35被加上Buff fire
2018/3/1 21:51:09 房间 1：敌对魔兽7被加上Buff fire
2018/3/1 21:51:09 房间 1：幽灵之花于(985,242)被生成
2018/3/1 21:51:09 房间 1：魔花于(985,242)被生成
2018/3/1 21:51:09 房间 1：幽灵之花于(985,90)被生成
2018/3/1 21:51:09 房间 1：魔花于(985,318)被生成
2018/3/1 21:51:08 房间 1：敌对魔兽25被加上Buff fire
2018/3/1 21:51:08 房间 1：敌对魔兽24被加上Buff fire
2018/3/1 21:51:07 房间 1：敌对魔兽31被加上Buff fire
2018/3/1 21:51:06 房间 1：敌对魔兽36被加上Buff fire
2018/3/1 21:51:04 房间 1：敌对魔兽11被加上Buff fire
2018/3/1 21:51:03 房间 1：敌对魔兽36被加上Buff fire
2018/3/1 21:51:02 房间 1：敌对魔兽19被加上Buff ice
2018/3/1 21:51:00 房间 1：敌对魔兽14被加上Buff fire
2018/3/1 21:51:00 房间 1：敌对魔兽17被加上Buff fire
2018/3/1 21:51:00 房间 1：敌对魔兽35被加上Buff fire
2018/3/1 21:50:59 房间 1：幽灵之花于(985,242)被生成
2018/3/1 21:50:59 房间 1：幽灵之花于(985,318)被生成
2018/3/1 21:50:59 房间 1：幽灵之花于(985,242)被生成
2018/3/1 21:50:59 房间 1：幽灵之花于(985,242)被生成
2018/3/1 21:50:59 房间 1：幽灵之花于(985,318)被生成
2018/3/1 21:50:59 房间 1：幽灵之花于(985,318)被生成
2018/3/1 21:50:59 房间 1：魔花于(985,166)被生成
2018/3/1 21:50:59 房间 1：魔花于(985,318)被生成
2018/3/1 21:50:59 房间 1：幽灵之花于(985,318)被生成
2018/3/1 21:50:59 房间 1：幽灵之花于(985,242)被生成
2018/3/1 21:50:59 房间 1：幽灵之花于(985,394)被生成
2018/3/1 21:50:59 房间 1：魔花于(985,242)被生成
2018/3/1 21:50:59 房间 1：幽灵之花于(985,394)被生成
2018/3/1 21:50:59 房间 1：幽灵之花于(985,166)被生成
2018/3/1 21:50:59 房间 1：幽灵之花于(985,242)被生成
2018/3/1 21:50:59 房间 1：幽灵之花于(985,318)被生成
2018/3/1 21:50:59 房间 1：魔花于(985,318)被生成
2018/3/1 21:50:59 房间 1：幽灵之花于(985,90)被生成
2018/3/1 21:50:59 房间 1：幽灵之花于(985,318)被生成
2018/3/1 21:50:59 房间 1：幽灵之花于(985,90)被生成
2018/3/1 21:50:59 房间 1：幽灵之花于(985,90)被生成
2018/3/1 21:50:59 房间 1：幽灵之花于(985,242)被生成
2018/3/1 21:50:59 房间 1：幽灵之花于(985,318)被生成
2018/3/1 21:50:59 房间 1：魔花于(985,90)被生成
2018/3/1 21:50:59 房间 1：蜘蛛怪于(641.4,166)被生成
2018/3/1 21:50:59 房间 1：蜘蛛怪于(615.4,242)被生成
2018/3/1 21:50:59 房间 1：蜘蛛怪于(680.4,394)被生成
2018/3/1 21:50:59 房间 1：蜘蛛怪于(628.4,90)被生成
2018/3/1 21:50:59 房间 1：蜘蛛怪于(635.4,242)被生成
2018/3/1 21:50:59 房间 1：贞子于(575.4,318)被生成
2018/3/1 21:50:59 房间 1：贞子于(877,242)被生成
2018/3/1 21:50:59 房间 1：贞子于(877,166)被生成
2018/3/1 21:50:56 房间 1：敌对魔兽4被加上Buff ice
2018/3/1 21:50:54 房间 1：玩家1把冰棍放在了(320,90)
2018/3/1 21:50:52 房间 1：敌对魔兽6被加上Buff fire
2018/3/1 21:50:51 房间 1：玩家3把滑稽之花放在了(244,318)
2018/3/1 21:50:51 房间 1：电视于(611.4,318)被生成
2018/3/1 21:50:49 房间 1：魔花于(985,90)被生成
2018/3/1 21:50:49 房间 1：幽灵之花于(985,90)被生成
2018/3/1 21:50:49 房间 1：魔花于(985,394)被生成
2018/3/1 21:50:49 房间 1：魔花于(985,90)被生成
2018/3/1 21:50:47 房间 1：敌对魔兽7被加上Buff fire
2018/3/1 21:50:47 房间 1：敌对魔兽8被加上Buff fire
2018/3/1 21:50:44 房间 1：敌对魔兽9被加上Buff fire
2018/3/1 21:50:44 房间 1：玩家3把滑稽之花放在了(244,394)
2018/3/1 21:50:42 房间 1：玩家3把黑鹰放在了(320,166)
2018/3/1 21:50:41 房间 1：玩家1把失落的滑稽放在了(472,166)
2018/3/1 21:50:39 房间 1：敌对魔兽7被加上Buff fire
2018/3/1 21:50:39 房间 1：幽灵之花于(985,242)被生成
2018/3/1 21:50:39 房间 1：魔花于(985,318)被生成
2018/3/1 21:50:39 房间 1：魔花于(985,166)被生成
2018/3/1 21:50:38 房间 1：幽灵之花于(985,318)被生成
2018/3/1 21:50:36 房间 1：玩家1把无面花放在了(168,394)
2018/3/1 21:50:29 房间 1：玩家1把迪莫放在了(320,242)
2018/3/1 21:50:28 房间 1：魔花于(985,90)被生成
2018/3/1 21:50:28 房间 1：幽灵之花于(985,318)被生成
2018/3/1 21:50:28 房间 1：幽灵之花于(985,318)被生成
2018/3/1 21:50:28 房间 1：幽灵之花于(985,166)被生成
2018/3/1 21:50:24 房间 1：敌对魔兽2被加上Buff fire
2018/3/1 21:50:24 房间 1：玩家3把滑稽之花放在了(244,242)
2018/3/1 21:50:21 房间 1：玩家1把无面花放在了(168,318)
2018/3/1 21:50:20 房间 1：敌对魔兽3被加上Buff fire
2018/3/1 21:50:17 房间 1：敌对魔兽4被加上Buff fire
2018/3/1 21:50:14 房间 1：电视于(616.4,242)被生成
2018/3/1 21:50:14 房间 1：玩家3把麒麟放在了(320,318)
2018/3/1 21:50:14 房间 1：敌对魔兽3被加上Buff fire
2018/3/1 21:50:10 房间 1：玩家1把麒麟放在了(320,394)
2018/3/1 21:50:06 房间 1：玩家1把无面花放在了(168,242)
2018/3/1 21:50:02 房间 1：玩家3把滑稽之花放在了(244,166)
2018/3/1 21:50:01 房间 1：电视于(712.4,394)被生成
2018/3/1 21:49:59 房间 1：电视于(673.4,394)被生成
2018/3/1 21:49:54 房间 1：玩家1把无面花放在了(168,166)
2018/3/1 21:49:51 房间 1：玩家3把滑稽之花放在了(244,90)
2018/3/1 21:49:47 房间 1：玩家1把无面花放在了(168,90)
2018/3/1 21:49:46 房间 1：电视于(690.4,318)被生成
2018/3/1 21:49:41 房间 1：电视于(719.4,166)被生成
2018/3/1 21:49:37 获取玩家3的名字为小小白
2018/3/1 21:49:37 玩家3加入了房间1，开始战斗。
2018/3/1 21:49:37 玩家3 连接到了服务器。
2018/3/1 21:49:18 玩家2 退出了游戏 .
2018/3/1 21:49:05 获取玩家2的名字为小小白
2018/3/1 21:49:05 玩家2创建了房间
2018/3/1 21:49:05 玩家2 连接到了服务器。
2018/3/1 21:48:40 获取玩家1的名字为404
2018/3/1 21:48:40 玩家1创建了房间
2018/3/1 21:48:40 玩家1 连接到了服务器。
2018/3/1 21:48:06 服务端启动。

