2018/3/1 21:41:16 房间 1：玩家2把滑稽之花放在了(168,90)
2018/3/1 21:41:16 房间 1：玩家2把滑稽之花放在了(168,242)
2018/3/1 21:41:16 房间 1：玩家2把滑稽之花放在了(168,166)
2018/3/1 21:41:16 房间 1：玩家2把滑稽之花放在了(168,90)
2018/3/1 21:41:15 房间 1：玩家2把滑稽之花放在了(168,242)
2018/3/1 21:41:15 房间 1：玩家2把滑稽之花放在了(168,166)
2018/3/1 21:41:15 房间 1：玩家2把滑稽之花放在了(168,90)
2018/3/1 21:41:15 房间 1：玩家2把滑稽之花放在了(168,242)
2018/3/1 21:41:15 房间 1：玩家2把滑稽之花放在了(168,166)
2018/3/1 21:41:15 房间 1：玩家2把滑稽之花放在了(168,90)
2018/3/1 21:41:15 房间 1：玩家2把滑稽之花放在了(168,242)
2018/3/1 21:41:15 房间 1：玩家2把滑稽之花放在了(168,166)
2018/3/1 21:41:15 房间 1：玩家2把滑稽之花放在了(168,90)
2018/3/1 21:41:14 房间 1：玩家2把滑稽之花放在了(168,242)
2018/3/1 21:41:14 房间 1：玩家2把滑稽之花放在了(168,166)
2018/3/1 21:41:14 房间 1：玩家2把滑稽之花放在了(168,90)
2018/3/1 21:41:14 房间 1：uvwxyz说：“”
2018/3/1 21:41:14 房间 1：玩家2把滑稽之花放在了(168,242)
2018/3/1 21:41:14 房间 1：玩家2把滑稽之花放在了(168,166)
2018/3/1 21:41:14 房间 1：玩家2把滑稽之花放在了(168,90)
2018/3/1 21:41:14 房间 1：玩家2把滑稽之花放在了(168,242)
2018/3/1 21:41:14 房间 1：玩家2把滑稽之花放在了(168,166)
2018/3/1 21:41:14 房间 1：玩家2把滑稽之花放在了(168,90)
2018/3/1 21:41:13 房间 1：玩家2把滑稽之花放在了(168,242)
2018/3/1 21:41:13 房间 1：玩家2把滑稽之花放在了(168,166)
2018/3/1 21:41:13 房间 1：玩家2把滑稽之花放在了(168,90)
2018/3/1 21:41:13 房间 1：玩家2把滑稽之花放在了(168,242)
2018/3/1 21:41:13 房间 1：玩家2把滑稽之花放在了(168,166)
2018/3/1 21:41:13 房间 1：玩家2把滑稽之花放在了(168,90)
2018/3/1 21:41:13 房间 1：玩家2把滑稽之花放在了(168,242)
2018/3/1 21:41:13 房间 1：玩家2把滑稽之花放在了(168,166)
2018/3/1 21:41:13 房间 1：玩家2把滑稽之花放在了(168,90)
2018/3/1 21:41:13 房间 1：玩家2把滑稽之花放在了(168,242)
2018/3/1 21:41:13 房间 1：玩家2把滑稽之花放在了(168,166)
2018/3/1 21:41:13 房间 1：玩家2把滑稽之花放在了(168,90)
2018/3/1 21:41:12 房间 1：玩家2把滑稽之花放在了(168,242)
2018/3/1 21:41:12 房间 1：玩家2把滑稽之花放在了(168,166)
2018/3/1 21:41:12 房间 1：玩家2把滑稽之花放在了(168,90)
2018/3/1 21:41:12 房间 1：玩家2把滑稽之花放在了(168,242)
2018/3/1 21:41:12 房间 1：玩家2把滑稽之花放在了(168,166)
2018/3/1 21:41:12 房间 1：玩家2把滑稽之花放在了(168,90)
2018/3/1 21:41:12 房间 1：玩家2把滑稽之花放在了(168,166)
2018/3/1 21:41:12 房间 1：玩家2把滑稽之花放在了(168,90)
2018/3/1 21:41:11 房间 1：玩家2把滑稽之花放在了(168,166)
2018/3/1 21:41:11 房间 1：玩家2把滑稽之花放在了(168,90)
2018/3/1 21:41:11 房间 1：玩家2把滑稽之花放在了(168,166)
2018/3/1 21:41:11 房间 1：玩家2把滑稽之花放在了(168,90)
2018/3/1 21:41:11 房间 1：玩家2把滑稽之花放在了(168,166)
2018/3/1 21:41:11 房间 1：玩家2把滑稽之花放在了(168,90)
2018/3/1 21:41:11 房间 1：玩家2把滑稽之花放在了(168,166)
2018/3/1 21:41:11 房间 1：玩家2把滑稽之花放在了(168,90)
2018/3/1 21:41:10 房间 1：玩家2把滑稽之花放在了(168,166)
2018/3/1 21:41:10 房间 1：玩家2把滑稽之花放在了(168,90)
2018/3/1 21:41:10 房间 1：玩家2把滑稽之花放在了(168,166)
2018/3/1 21:41:10 房间 1：玩家2把滑稽之花放在了(168,90)
2018/3/1 21:41:10 房间 1：玩家2把滑稽之花放在了(168,166)
2018/3/1 21:41:10 房间 1：玩家2把滑稽之花放在了(168,90)
2018/3/1 21:41:09 房间 1：玩家2把滑稽之花放在了(168,166)
2018/3/1 21:41:09 房间 1：玩家2把滑稽之花放在了(168,90)
2018/3/1 21:41:09 房间 1：玩家2把滑稽之花放在了(168,166)
2018/3/1 21:41:09 房间 1：玩家2把滑稽之花放在了(168,90)
2018/3/1 21:41:09 房间 1：玩家2把滑稽之花放在了(168,166)
2018/3/1 21:41:09 房间 1：玩家2把滑稽之花放在了(168,90)
2018/3/1 21:41:08 房间 1：玩家2把滑稽之花放在了(168,166)
2018/3/1 21:41:08 房间 1：玩家2把滑稽之花放在了(168,90)
2018/3/1 21:41:08 房间 1：玩家2把滑稽之花放在了(168,166)
2018/3/1 21:41:08 房间 1：玩家2把滑稽之花放在了(168,90)
2018/3/1 21:41:08 房间 1：玩家2把滑稽之花放在了(168,166)
2018/3/1 21:41:08 房间 1：玩家2把滑稽之花放在了(168,90)
2018/3/1 21:41:07 房间 1：玩家2把滑稽之花放在了(168,166)
2018/3/1 21:41:07 房间 1：玩家2把滑稽之花放在了(168,90)
2018/3/1 21:41:07 房间 1：玩家2把滑稽之花放在了(168,166)
2018/3/1 21:41:07 房间 1：玩家2把滑稽之花放在了(168,90)
2018/3/1 21:41:07 房间 1：玩家2把滑稽之花放在了(168,166)
2018/3/1 21:41:07 房间 1：玩家2把滑稽之花放在了(168,90)
2018/3/1 21:41:06 房间 1：玩家2把滑稽之花放在了(168,166)
2018/3/1 21:41:06 房间 1：玩家2把滑稽之花放在了(168,90)
2018/3/1 21:41:06 房间 1：玩家2把滑稽之花放在了(168,166)
2018/3/1 21:41:06 房间 1：玩家2把滑稽之花放在了(168,90)
2018/3/1 21:41:05 房间 1：玩家2把滑稽之花放在了(168,166)
2018/3/1 21:41:05 房间 1：玩家2把滑稽之花放在了(168,90)
2018/3/1 21:41:05 房间 1：玩家2把滑稽之花放在了(168,166)
2018/3/1 21:41:05 房间 1：玩家2把滑稽之花放在了(168,90)
2018/3/1 21:41:05 房间 1：玩家2把滑稽之花放在了(168,90)
2018/3/1 21:41:04 房间 1：玩家2把滑稽之花放在了(168,90)
2018/3/1 21:41:04 房间 1：玩家2把滑稽之花放在了(168,90)
2018/3/1 21:41:04 房间 1：电视于(682.4,242)被生成
2018/3/1 21:41:04 房间 1：玩家2把滑稽之花放在了(168,90)
2018/3/1 21:41:03 房间 1：玩家2把滑稽之花放在了(168,90)
2018/3/1 21:41:03 房间 1：玩家2把滑稽之花放在了(168,90)
2018/3/1 21:41:03 房间 1：玩家2把滑稽之花放在了(168,90)
2018/3/1 21:41:03 房间 1：电视于(655.4,90)被生成
2018/3/1 21:41:03 房间 1：玩家2把滑稽之花放在了(168,90)
2018/3/1 21:41:02 房间 1：玩家2把滑稽之花放在了(168,90)
2018/3/1 21:41:02 房间 1：玩家2把滑稽之花放在了(168,90)
2018/3/1 21:41:02 房间 1：玩家2把滑稽之花放在了(168,90)
2018/3/1 21:41:02 房间 1：玩家2把滑稽之花放在了(168,90)
2018/3/1 21:41:01 房间 1：玩家2把滑稽之花放在了(168,90)
2018/3/1 21:41:01 房间 1：玩家2把滑稽之花放在了(168,90)
2018/3/1 21:41:01 房间 1：玩家2把滑稽之花放在了(168,90)
2018/3/1 21:41:01 房间 1：玩家2把滑稽之花放在了(168,90)
2018/3/1 21:41:00 房间 1：玩家2把滑稽之花放在了(168,90)
2018/3/1 21:41:00 房间 1：玩家2把滑稽之花放在了(168,90)
2018/3/1 21:41:00 房间 1：玩家2把滑稽之花放在了(168,90)
2018/3/1 21:41:00 房间 1：玩家2把滑稽之花放在了(168,90)
2018/3/1 21:40:59 房间 1：玩家2把滑稽之花放在了(168,90)
2018/3/1 21:40:59 房间 1：玩家2把滑稽之花放在了(168,90)
2018/3/1 21:40:58 房间 1：404说：“”
2018/3/1 21:40:53 房间 1：电视于(650.4,166)被生成
2018/3/1 21:40:51 获取玩家2的名字为uvwxyz
2018/3/1 21:40:51 玩家2加入了房间1，开始战斗。
2018/3/1 21:40:50 玩家2 连接到了服务器。
2018/3/1 21:40:29 获取玩家1的名字为404
2018/3/1 21:40:29 玩家1创建了房间
2018/3/1 21:40:28 玩家1 连接到了服务器。
2018/3/1 21:40:08 服务端启动。

