2018/3/1 21:58:49 玩家2 连接到了服务器。
2018/3/1 21:58:31 玩家4 退出了游戏 .
2018/3/1 21:58:08 房间 2：玩家4把滑稽之花放在了(548,90)
2018/3/1 21:58:01 玩家1 退出了游戏 .
2018/3/1 21:57:59 房间 2：玩家4把滑稽之花放在了(548,242)
2018/3/1 21:57:48 获取玩家4的名字为请输入...
2018/3/1 21:57:48 玩家4加入了房间2，开始战斗。
2018/3/1 21:57:48 序号2的信息发送失败，信息：s2 1
2018/3/1 21:57:48 玩家4 连接到了服务器。
2018/3/1 21:57:35 玩家3 退出了游戏 .
2018/3/1 21:57:33 房间 3：电视于(728.4,166)被生成
2018/3/1 21:57:27 房间 3：幽灵之花于(985,394)被生成
2018/3/1 21:57:27 房间 3：幽灵之花于(985,318)被生成
2018/3/1 21:57:27 房间 3：幽灵之花于(985,90)被生成
2018/3/1 21:57:27 房间 3：幽灵之花于(985,394)被生成
2018/3/1 21:57:16 房间 3：魔花于(985,318)被生成
2018/3/1 21:57:16 房间 3：幽灵之花于(985,90)被生成
2018/3/1 21:57:16 房间 3：幽灵之花于(985,242)被生成
2018/3/1 21:57:16 房间 3：幽灵之花于(985,394)被生成
2018/3/1 21:57:16 房间 3：电视于(746.4,166)被生成
2018/3/1 21:57:11 房间 3：玩家3把骑士放在了(168,242)
2018/3/1 21:57:06 房间 3：幽灵之花于(985,242)被生成
2018/3/1 21:57:06 房间 3：魔花于(985,166)被生成
2018/3/1 21:57:06 房间 3：魔花于(985,242)被生成
2018/3/1 21:57:06 房间 3：幽灵之花于(985,90)被生成
2018/3/1 21:57:03 房间 3：玩家3把滑稽之花放在了(320,90)
2018/3/1 21:56:56 房间 3：魔花于(985,166)被生成
2018/3/1 21:56:56 房间 3：魔花于(985,394)被生成
2018/3/1 21:56:56 房间 3：魔花于(985,166)被生成
2018/3/1 21:56:56 房间 3：魔花于(985,394)被生成
2018/3/1 21:56:56 房间 3：魔花于(985,318)被生成
2018/3/1 21:56:56 房间 3：魔花于(985,394)被生成
2018/3/1 21:56:56 房间 3：幽灵之花于(985,242)被生成
2018/3/1 21:56:56 房间 3：幽灵之花于(985,90)被生成
2018/3/1 21:56:56 房间 3：幽灵之花于(985,394)被生成
2018/3/1 21:56:56 房间 3：魔花于(985,318)被生成
2018/3/1 21:56:56 房间 3：幽灵之花于(985,242)被生成
2018/3/1 21:56:56 房间 3：幽灵之花于(985,318)被生成
2018/3/1 21:56:56 房间 3：魔花于(985,166)被生成
2018/3/1 21:56:56 房间 3：幽灵之花于(985,90)被生成
2018/3/1 21:56:56 房间 3：幽灵之花于(985,394)被生成
2018/3/1 21:56:56 房间 3：幽灵之花于(985,242)被生成
2018/3/1 21:56:56 房间 3：幽灵之花于(985,318)被生成
2018/3/1 21:56:56 房间 3：幽灵之花于(985,90)被生成
2018/3/1 21:56:56 房间 3：魔花于(985,242)被生成
2018/3/1 21:56:56 房间 3：幽灵之花于(985,90)被生成
2018/3/1 21:56:56 房间 3：魔花于(985,318)被生成
2018/3/1 21:56:56 房间 3：魔花于(985,318)被生成
2018/3/1 21:56:56 房间 3：幽灵之花于(985,90)被生成
2018/3/1 21:56:56 房间 3：幽灵之花于(985,90)被生成
2018/3/1 21:56:56 房间 3：蜘蛛怪于(719.4,166)被生成
2018/3/1 21:56:56 房间 3：蜘蛛怪于(648.4,90)被生成
2018/3/1 21:56:56 房间 3：蜘蛛怪于(573.4,242)被生成
2018/3/1 21:56:56 房间 3：蜘蛛怪于(635.4,90)被生成
2018/3/1 21:56:56 房间 3：蜘蛛怪于(616.4,242)被生成
2018/3/1 21:56:56 房间 3：贞子于(557.4,90)被生成
2018/3/1 21:56:56 房间 3：贞子于(541.4,318)被生成
2018/3/1 21:56:56 房间 3：贞子于(594.4,242)被生成
2018/3/1 21:56:56 房间 3：贞子于(633.4,242)被生成
2018/3/1 21:56:56 房间 3：贞子于(683.4,242)被生成
2018/3/1 21:56:55 房间 3：电视于(593.4,90)被生成
2018/3/1 21:56:49 房间 3：电视于(577.4,318)被生成
2018/3/1 21:56:46 房间 3：幽灵之花于(985,166)被生成
2018/3/1 21:56:46 房间 3：幽灵之花于(985,242)被生成
2018/3/1 21:56:46 房间 3：魔花于(985,394)被生成
2018/3/1 21:56:46 房间 3：幽灵之花于(985,166)被生成
2018/3/1 21:56:36 房间 3：幽灵之花于(985,90)被生成
2018/3/1 21:56:36 房间 3：魔花于(985,394)被生成
2018/3/1 21:56:36 房间 3：幽灵之花于(985,242)被生成
2018/3/1 21:56:36 房间 3：幽灵之花于(985,394)被生成
2018/3/1 21:56:31 房间 3：玩家3把骑士放在了(776,318)
2018/3/1 21:56:30 房间 2：404说：“”
2018/3/1 21:56:26 房间 3：魔花于(985,394)被生成
2018/3/1 21:56:26 房间 3：幽灵之花于(985,242)被生成
2018/3/1 21:56:26 房间 3：魔花于(985,318)被生成
2018/3/1 21:56:26 房间 3：幽灵之花于(985,394)被生成
2018/3/1 21:56:25 房间 2：404说：“”
2018/3/1 21:56:22 玩家2 退出了游戏 .
2018/3/1 21:56:18 房间 2：敌对魔兽1被加上Buff ice
2018/3/1 21:56:16 房间 2：敌对魔兽4被加上Buff fire
2018/3/1 21:56:16 房间 2：敌对魔兽6被加上Buff fire
2018/3/1 21:56:14 房间 2：敌对魔兽6被加上Buff fire
2018/3/1 21:56:13 房间 2：敌对魔兽12被加上Buff fire
2018/3/1 21:56:12 房间 2：敌对魔兽2被加上Buff ice
2018/3/1 21:56:12 房间 2：敌对魔兽6被加上Buff ice
2018/3/1 21:56:12 房间 3：玩家3把滑稽之花放在了(776,90)
2018/3/1 21:56:12 房间 2：敌对魔兽5被加上Buff ice
2018/3/1 21:56:12 房间 2：敌对魔兽6被加上Buff fire
2018/3/1 21:56:11 房间 2：敌对魔兽6被加上Buff fire
2018/3/1 21:56:11 房间 2：敌对魔兽20被加上Buff fire
2018/3/1 21:56:11 房间 2：敌对魔兽7被加上Buff fire
2018/3/1 21:56:10 房间 2：敌对魔兽7被加上Buff fire
2018/3/1 21:56:10 房间 2：敌对魔兽21被加上Buff fire
2018/3/1 21:56:10 房间 2：敌对魔兽5被加上Buff fire
2018/3/1 21:56:08 房间 2：敌对魔兽3被加上Buff fire
2018/3/1 21:56:07 房间 2：敌对魔兽5被加上Buff fire
2018/3/1 21:56:07 房间 2：敌对魔兽15被加上Buff fire
2018/3/1 21:56:06 房间 2：敌对魔兽21被加上Buff ice
2018/3/1 21:56:06 房间 2：玩家1把黑嘴放在了(472,242)
2018/3/1 21:56:06 房间 2：幽灵之花于(985,394)被生成
2018/3/1 21:56:06 房间 2：魔花于(985,166)被生成
2018/3/1 21:56:06 房间 2：幽灵之花于(985,90)被生成
2018/3/1 21:56:06 房间 2：魔花于(985,166)被生成
2018/3/1 21:56:06 房间 2：幽灵之花于(985,394)被生成
2018/3/1 21:56:06 房间 2：幽灵之花于(985,166)被生成
2018/3/1 21:56:06 房间 2：魔花于(985,394)被生成
2018/3/1 21:56:06 房间 2：幽灵之花于(985,90)被生成
2018/3/1 21:56:06 房间 2：幽灵之花于(985,166)被生成
2018/3/1 21:56:06 房间 2：幽灵之花于(985,318)被生成
2018/3/1 21:56:06 房间 2：幽灵之花于(985,90)被生成
2018/3/1 21:56:06 房间 2：幽灵之花于(985,166)被生成
2018/3/1 21:56:06 房间 2：魔花于(985,90)被生成
2018/3/1 21:56:06 房间 2：幽灵之花于(985,166)被生成
2018/3/1 21:56:06 房间 2：幽灵之花于(985,242)被生成
2018/3/1 21:56:06 房间 2：魔花于(985,242)被生成
2018/3/1 21:56:06 房间 2：幽灵之花于(985,394)被生成
2018/3/1 21:56:06 房间 2：幽灵之花于(985,90)被生成
2018/3/1 21:56:06 房间 2：魔花于(985,166)被生成
2018/3/1 21:56:06 房间 2：幽灵之花于(985,166)被生成
2018/3/1 21:56:06 房间 2：幽灵之花于(985,394)被生成
2018/3/1 21:56:06 房间 2：幽灵之花于(985,166)被生成
2018/3/1 21:56:06 房间 2：幽灵之花于(985,90)被生成
2018/3/1 21:56:06 日志太长了，已经将它保存并且清空了屏幕。

