2018/3/1 22:20:01 房间 3：敌对魔兽30被加上Buff fire
2018/3/1 22:20:01 房间 3：玩家3把失落的滑稽放在了(472,166)
2018/3/1 22:20:01 房间 3：敌对魔兽17被加上Buff fire
2018/3/1 22:20:00 房间 3：敌对魔兽9被加上Buff ice
2018/3/1 22:20:00 房间 3：敌对魔兽21被加上Buff fire
2018/3/1 22:20:00 房间 3：敌对魔兽18被加上Buff fire
2018/3/1 22:20:00 房间 3：敌对魔兽16被加上Buff fire
2018/3/1 22:20:00 房间 3：敌对魔兽6被加上Buff fire
2018/3/1 22:19:59 房间 3：敌对魔兽7被加上Buff fire
2018/3/1 22:19:59 房间 3：玩家3把麒麟放在了(396,242)
2018/3/1 22:19:58 房间 3：玩家3把迪莫放在了(396,166)
2018/3/1 22:19:57 房间 3：敌对魔兽23被加上Buff fire
2018/3/1 22:19:57 房间 3：敌对魔兽19被加上Buff fire
2018/3/1 22:19:57 房间 3：幽灵之花于(985,242)被生成
2018/3/1 22:19:57 房间 3：幽灵之花于(985,318)被生成
2018/3/1 22:19:57 房间 3：幽灵之花于(985,394)被生成
2018/3/1 22:19:57 房间 3：幽灵之花于(985,166)被生成
2018/3/1 22:19:57 房间 3：幽灵之花于(985,318)被生成
2018/3/1 22:19:57 房间 3：幽灵之花于(985,242)被生成
2018/3/1 22:19:57 房间 3：魔花于(985,318)被生成
2018/3/1 22:19:57 房间 3：幽灵之花于(985,318)被生成
2018/3/1 22:19:57 房间 3：幽灵之花于(985,318)被生成
2018/3/1 22:19:57 房间 3：幽灵之花于(985,166)被生成
2018/3/1 22:19:57 房间 3：幽灵之花于(985,90)被生成
2018/3/1 22:19:57 房间 3：魔花于(985,242)被生成
2018/3/1 22:19:57 房间 3：幽灵之花于(985,394)被生成
2018/3/1 22:19:57 房间 3：魔花于(985,394)被生成
2018/3/1 22:19:57 房间 3：魔花于(985,90)被生成
2018/3/1 22:19:57 房间 3：幽灵之花于(985,90)被生成
2018/3/1 22:19:57 房间 3：幽灵之花于(985,394)被生成
2018/3/1 22:19:57 房间 3：幽灵之花于(985,242)被生成
2018/3/1 22:19:57 房间 3：幽灵之花于(985,394)被生成
2018/3/1 22:19:57 房间 3：魔花于(985,242)被生成
2018/3/1 22:19:57 房间 3：幽灵之花于(985,242)被生成
2018/3/1 22:19:57 房间 3：魔花于(985,166)被生成
2018/3/1 22:19:57 房间 3：幽灵之花于(985,90)被生成
2018/3/1 22:19:57 房间 3：幽灵之花于(985,318)被生成
2018/3/1 22:19:57 房间 3：蜘蛛怪于(701.4,242)被生成
2018/3/1 22:19:57 房间 3：蜘蛛怪于(722.4,166)被生成
2018/3/1 22:19:57 房间 3：蜘蛛怪于(607.4,242)被生成
2018/3/1 22:19:57 房间 3：蜘蛛怪于(648.4,242)被生成
2018/3/1 22:19:57 房间 3：蜘蛛怪于(592.4,318)被生成
2018/3/1 22:19:55 房间 3：敌对魔兽1被加上Buff ice
2018/3/1 22:19:53 房间 3：敌对魔兽7被加上Buff fire
2018/3/1 22:19:53 房间 3：魔兽6被删除
2018/3/1 22:19:49 房间 3：玩家3把黑嘴放在了(320,394)
2018/3/1 22:19:47 房间 3：敌对魔兽1被加上Buff ice
2018/3/1 22:19:47 房间 3：幽灵之花于(985,394)被生成
2018/3/1 22:19:46 房间 3：幽灵之花于(985,394)被生成
2018/3/1 22:19:46 房间 3：幽灵之花于(985,394)被生成
2018/3/1 22:19:46 房间 3：魔花于(985,90)被生成
2018/3/1 22:19:44 房间 3：魔兽2被使用滑稽能量
2018/3/1 22:19:43 房间 3：玩家3把迪莫放在了(320,90)
2018/3/1 22:19:41 房间 3：玩家3把无面花放在了(320,166)
2018/3/1 22:19:36 房间 3：魔花于(985,394)被生成
2018/3/1 22:19:36 房间 3：幽灵之花于(985,166)被生成
2018/3/1 22:19:36 房间 3：幽灵之花于(985,166)被生成
2018/3/1 22:19:36 房间 3：魔花于(985,166)被生成
2018/3/1 22:19:36 房间 3：玩家3把麒麟放在了(320,318)
2018/3/1 22:19:34 房间 3：敌对魔兽5被加上Buff fire
2018/3/1 22:19:34 房间 3：敌对魔兽4被加上Buff fire
2018/3/1 22:19:31 房间 3：敌对魔兽1被加上Buff ice
2018/3/1 22:19:31 房间 3：玩家1把麒麟放在了(320,242)
2018/3/1 22:19:29 房间 3：玩家1把坚硬的球放在了(548,318)
2018/3/1 22:19:28 房间 3：敌对魔兽19被加上Buff fire
2018/3/1 22:19:27 房间 3：玩家1把深海之女放在了(320,242)
2018/3/1 22:19:26 房间 3：幽灵之花于(985,166)被生成
2018/3/1 22:19:26 房间 3：幽灵之花于(985,318)被生成
2018/3/1 22:19:26 房间 3：幽灵之花于(985,166)被生成
2018/3/1 22:19:26 房间 3：魔花于(985,166)被生成
2018/3/1 22:19:26 房间 3：敌对魔兽13被加上Buff fire
2018/3/1 22:19:26 房间 3：敌对魔兽6被加上Buff fire
2018/3/1 22:19:25 房间 3：敌对魔兽5被加上Buff fire
2018/3/1 22:19:25 房间 3：敌对魔兽4被加上Buff fire
2018/3/1 22:19:23 房间 3：敌对魔兽14被加上Buff fire
2018/3/1 22:19:23 房间 3：敌对魔兽8被加上Buff ice
2018/3/1 22:19:22 房间 3：敌对魔兽1被加上Buff fire
2018/3/1 22:19:20 房间 3：敌对魔兽18被加上Buff fire
2018/3/1 22:19:20 房间 3：敌对魔兽17被加上Buff fire
2018/3/1 22:19:20 房间 3：电视于(681.4,166)被生成
2018/3/1 22:19:18 房间 3：玩家3把黑嘴放在了(244,394)
2018/3/1 22:19:16 房间 3：幽灵之花于(985,90)被生成
2018/3/1 22:19:16 房间 3：幽灵之花于(985,90)被生成
2018/3/1 22:19:16 房间 3：幽灵之花于(985,166)被生成
2018/3/1 22:19:16 房间 3：幽灵之花于(985,394)被生成
2018/3/1 22:19:16 房间 3：魔花于(985,242)被生成
2018/3/1 22:19:16 房间 3：幽灵之花于(985,166)被生成
2018/3/1 22:19:16 房间 3：幽灵之花于(985,394)被生成
2018/3/1 22:19:16 房间 3：魔花于(985,90)被生成
2018/3/1 22:19:16 房间 3：幽灵之花于(985,318)被生成
2018/3/1 22:19:16 房间 3：魔花于(985,318)被生成
2018/3/1 22:19:16 房间 3：幽灵之花于(985,394)被生成
2018/3/1 22:19:16 房间 3：幽灵之花于(985,90)被生成
2018/3/1 22:19:16 房间 3：幽灵之花于(985,166)被生成
2018/3/1 22:19:16 房间 3：幽灵之花于(985,394)被生成
2018/3/1 22:19:16 房间 3：幽灵之花于(985,166)被生成
2018/3/1 22:19:16 房间 3：幽灵之花于(985,90)被生成
2018/3/1 22:19:16 房间 3：幽灵之花于(985,242)被生成
2018/3/1 22:19:16 房间 3：魔花于(985,318)被生成
2018/3/1 22:19:16 房间 3：幽灵之花于(985,318)被生成
2018/3/1 22:19:16 房间 3：魔花于(985,90)被生成
2018/3/1 22:19:16 房间 3：幽灵之花于(985,90)被生成
2018/3/1 22:19:16 房间 3：幽灵之花于(985,394)被生成
2018/3/1 22:19:16 房间 3：魔花于(985,318)被生成
2018/3/1 22:19:16 房间 3：幽灵之花于(985,318)被生成
2018/3/1 22:19:12 房间 3：玩家1把麒麟放在了(244,90)
2018/3/1 22:19:10 房间 3：玩家1把黑鹰放在了(244,318)
2018/3/1 22:19:06 房间 3：魔花于(985,90)被生成
2018/3/1 22:19:06 房间 3：魔花于(985,318)被生成
2018/3/1 22:19:06 房间 3：幽灵之花于(985,242)被生成
2018/3/1 22:19:06 房间 3：幽灵之花于(985,90)被生成
2018/3/1 22:19:06 房间 3：玩家3把深海之女放在了(396,166)
2018/3/1 22:19:03 房间 3：敌对魔兽7被加上Buff fire
2018/3/1 22:19:03 房间 3：敌对魔兽5被加上Buff fire
2018/3/1 22:19:01 房间 3：玩家1把冰棍放在了(244,166)
2018/3/1 22:19:00 房间 3：敌对魔兽3被加上Buff fire
2018/3/1 22:18:58 房间 3：敌对魔兽8被加上Buff fire
2018/3/1 22:18:58 房间 3：小小白说：“靠”
2018/3/1 22:18:57 房间 3：敌对魔兽4被加上Buff fire
2018/3/1 22:18:57 房间 3：敌对魔兽1被加上Buff fire
2018/3/1 22:18:56 日志太长了，已经将它保存并且清空了屏幕。

