2018/3/1 22:16:14 房间 2：幽灵之花于(985,394)被生成
2018/3/1 22:16:14 房间 2：巫师于(985,318)被生成
2018/3/1 22:16:14 房间 2：魔兽3被使用滑稽能量
2018/3/1 22:16:14 房间 2：敌对魔兽15被加上Buff ice
2018/3/1 22:16:13 房间 2：魔兽8被使用滑稽能量
2018/3/1 22:16:10 房间 2：敌对魔兽14被加上Buff ice
2018/3/1 22:16:10 房间 2：敌对魔兽5被加上Buff ice
2018/3/1 22:16:09 房间 2：敌对魔兽28被加上Buff fire
2018/3/1 22:16:09 房间 2：敌对魔兽8被加上Buff fire
2018/3/1 22:16:08 房间 2：敌对魔兽24被加上Buff ice
2018/3/1 22:16:08 房间 2：敌对魔兽30被加上Buff fire
2018/3/1 22:16:04 房间 2：魔蝠于(1054.5,394)被生成
2018/3/1 22:16:04 房间 2：魔蝠于(1054.5,242)被生成
2018/3/1 22:16:04 房间 2：魔蝠于(1054.5,394)被生成
2018/3/1 22:16:04 房间 2：病毒于(985,318)被生成
2018/3/1 22:16:04 房间 2：魔蝠于(985,90)被生成
2018/3/1 22:16:04 房间 2：魔蝠于(985,318)被生成
2018/3/1 22:16:04 房间 2：裂空玩偶于(985,394)被生成
2018/3/1 22:16:04 房间 2：深空莲花于(985,242)被生成
2018/3/1 22:16:04 房间 2：幽灵之花于(985,166)被生成
2018/3/1 22:16:04 房间 2：巫师于(985,318)被生成
2018/3/1 22:16:04 房间 2：病毒于(985,90)被生成
2018/3/1 22:16:04 房间 2：裂空玩偶于(985,242)被生成
2018/3/1 22:16:04 房间 2：幽灵之花于(985,242)被生成
2018/3/1 22:16:04 房间 2：深空莲花于(985,90)被生成
2018/3/1 22:16:04 房间 2：恶魔于(985,166)被生成
2018/3/1 22:16:04 房间 2：魔蝠于(985,166)被生成
2018/3/1 22:16:04 房间 2：幽灵之花于(985,318)被生成
2018/3/1 22:16:04 房间 2：深空莲花于(985,166)被生成
2018/3/1 22:16:04 房间 2：深空莲花于(985,394)被生成
2018/3/1 22:16:04 房间 2：病毒于(985,318)被生成
2018/3/1 22:16:04 房间 2：恶魔于(985,242)被生成
2018/3/1 22:16:04 房间 2：恶魔于(985,90)被生成
2018/3/1 22:16:04 房间 2：病毒于(985,394)被生成
2018/3/1 22:16:04 房间 2：裂空玩偶于(985,394)被生成
2018/3/1 22:16:04 房间 2：深空莲花于(985,242)被生成
2018/3/1 22:16:04 房间 2：幽灵之花于(985,394)被生成
2018/3/1 22:16:04 房间 2：深空莲花于(985,166)被生成
2018/3/1 22:16:04 房间 2：蜘蛛怪于(582.4,166)被生成
2018/3/1 22:16:04 房间 2：蜘蛛怪于(668.4,242)被生成
2018/3/1 22:16:04 房间 2：蜘蛛怪于(619.4,90)被生成
2018/3/1 22:16:04 房间 2：蜘蛛怪于(740.4,242)被生成
2018/3/1 22:16:04 房间 2：蜘蛛怪于(576.4,394)被生成
2018/3/1 22:15:54 房间 2：敌对魔兽4被加上Buff ice
2018/3/1 22:15:54 房间 2：病毒于(985,242)被生成
2018/3/1 22:15:54 房间 2：巫师于(985,318)被生成
2018/3/1 22:15:54 房间 2：巫师于(985,242)被生成
2018/3/1 22:15:54 房间 2：病毒于(985,90)被生成
2018/3/1 22:15:53 房间 2：魔兽7被使用滑稽能量
2018/3/1 22:15:50 房间 2：敌对魔兽4被加上Buff fire
2018/3/1 22:15:47 房间 2：电视于(738.4,242)被生成
2018/3/1 22:15:44 房间 2：敌对魔兽4被加上Buff ice
2018/3/1 22:15:44 房间 2：巫师于(985,318)被生成
2018/3/1 22:15:44 房间 2：恶魔于(985,318)被生成
2018/3/1 22:15:44 房间 2：魔蝠于(985,242)被生成
2018/3/1 22:15:44 房间 2：幽灵之花于(985,166)被生成
2018/3/1 22:15:37 房间 2：魔兽10被使用滑稽能量
2018/3/1 22:15:34 房间 2：魔兽7被使用滑稽能量
2018/3/1 22:15:34 房间 2：魔蝠于(985,242)被生成
2018/3/1 22:15:34 房间 2：深空莲花于(985,166)被生成
2018/3/1 22:15:34 房间 2：深空莲花于(985,90)被生成
2018/3/1 22:15:34 房间 2：恶魔于(985,318)被生成
2018/3/1 22:15:33 房间 2：敌对魔兽1被加上Buff ice
2018/3/1 22:15:32 房间 2：魔兽10被使用滑稽能量
2018/3/1 22:15:31 房间 2：魔兽3被使用滑稽能量
2018/3/1 22:15:31 房间 2：敌对魔兽4被加上Buff fire
2018/3/1 22:15:30 房间 2：魔兽8被使用滑稽能量
2018/3/1 22:15:29 房间 2：魔兽9被使用滑稽能量
2018/3/1 22:15:27 房间 2：玩家2把迪莫放在了(244,166)
2018/3/1 22:15:26 房间 2：玩家2把麒麟放在了(244,318)
2018/3/1 22:15:25 房间 2：玩家2把冰棍放在了(244,394)
2018/3/1 22:15:24 房间 2：魔蝠于(1055.5,90)被生成
2018/3/1 22:15:24 房间 2：深空莲花于(985,318)被生成
2018/3/1 22:15:24 房间 2：幽灵之花于(985,90)被生成
2018/3/1 22:15:24 房间 2：深空莲花于(985,242)被生成
2018/3/1 22:15:24 房间 2：幽灵之花于(985,394)被生成
2018/3/1 22:15:24 房间 2：病毒于(985,394)被生成
2018/3/1 22:15:24 房间 2：巫师于(985,90)被生成
2018/3/1 22:15:24 房间 2：巫师于(985,318)被生成
2018/3/1 22:15:24 房间 2：巫师于(985,90)被生成
2018/3/1 22:15:24 房间 2：深空莲花于(985,242)被生成
2018/3/1 22:15:24 房间 2：病毒于(985,90)被生成
2018/3/1 22:15:24 房间 2：幽灵之花于(985,166)被生成
2018/3/1 22:15:24 房间 2：魔蝠于(985,394)被生成
2018/3/1 22:15:24 房间 2：巫师于(985,394)被生成
2018/3/1 22:15:24 房间 2：恶魔于(985,242)被生成
2018/3/1 22:15:24 房间 2：巫师于(985,166)被生成
2018/3/1 22:15:24 房间 2：病毒于(985,318)被生成
2018/3/1 22:15:24 房间 2：病毒于(985,318)被生成
2018/3/1 22:15:24 房间 2：裂空玩偶于(985,90)被生成
2018/3/1 22:15:24 房间 2：幽灵之花于(985,242)被生成
2018/3/1 22:15:24 房间 2：幽灵之花于(985,90)被生成
2018/3/1 22:15:24 房间 2：恶魔于(985,318)被生成
2018/3/1 22:15:24 房间 2：巫师于(985,90)被生成
2018/3/1 22:15:24 房间 2：病毒于(985,90)被生成
2018/3/1 22:15:24 房间 2：恶魔于(985,318)被生成
2018/3/1 22:15:24 房间 2：蜘蛛怪于(687.4,166)被生成
2018/3/1 22:15:24 房间 2：蜘蛛怪于(580.4,242)被生成
2018/3/1 22:15:24 房间 2：蜘蛛怪于(578.4,90)被生成
2018/3/1 22:15:24 房间 2：蜘蛛怪于(752.4,90)被生成
2018/3/1 22:15:24 房间 2：蜘蛛怪于(728.4,318)被生成
2018/3/1 22:15:22 房间 2：魔兽7被使用滑稽能量
2018/3/1 22:15:21 房间 2：魔兽3被使用滑稽能量
2018/3/1 22:15:20 房间 2：敌对魔兽1被加上Buff ice
2018/3/1 22:15:14 房间 2：巫师于(985,242)被生成
2018/3/1 22:15:14 房间 2：恶魔于(985,318)被生成
2018/3/1 22:15:14 房间 2：恶魔于(985,90)被生成
2018/3/1 22:15:14 房间 2：恶魔于(985,242)被生成
2018/3/1 22:15:12 房间 2：魔兽6被使用滑稽能量
2018/3/1 22:15:04 房间 2：病毒于(985,166)被生成
2018/3/1 22:15:04 房间 2：幽灵之花于(985,394)被生成
2018/3/1 22:15:04 房间 2：深空莲花于(985,394)被生成
2018/3/1 22:15:04 房间 2：幽灵之花于(985,394)被生成
2018/3/1 22:15:00 房间 2：魔兽7被使用滑稽能量
2018/3/1 22:14:59 房间 2：魔兽3被使用滑稽能量
2018/3/1 22:14:57 房间 2：魔兽4被使用滑稽能量
2018/3/1 22:14:54 房间 2：幽灵之花于(985,166)被生成
2018/3/1 22:14:54 房间 2：魔花于(985,242)被生成
2018/3/1 22:14:54 房间 2：魔花于(985,166)被生成
2018/3/1 22:14:54 房间 2：幽灵之花于(985,166)被生成
2018/3/1 22:14:53 房间 2：敌对魔兽7被加上Buff fire
2018/3/1 22:14:50 房间 2：敌对魔兽3被加上Buff fire
2018/3/1 22:14:50 房间 2：魔兽6被使用滑稽能量
2018/3/1 22:14:48 玩家1 退出了游戏 .
2018/3/1 22:14:47 日志太长了，已经将它保存并且清空了屏幕。

