2018/3/1 21:53:09 玩家2创建了房间
2018/3/1 21:53:09 玩家2 连接到了服务器。
2018/3/1 21:52:25 玩家1 退出了游戏 .
2018/3/1 21:52:25 房间 1：敌对魔兽26被加上Buff fire
2018/3/1 21:52:23 房间 1：敌对魔兽11被加上Buff ice
2018/3/1 21:52:23 房间 1：敌对魔兽13被加上Buff fire
2018/3/1 21:52:22 房间 1：敌对魔兽17被加上Buff fire
2018/3/1 21:52:20 房间 1：敌对魔兽35被加上Buff fire
2018/3/1 21:52:20 房间 1：魔花于(985,242)被生成
2018/3/1 21:52:20 房间 1：幽灵之花于(985,90)被生成
2018/3/1 21:52:20 房间 1：幽灵之花于(985,242)被生成
2018/3/1 21:52:20 房间 1：幽灵之花于(985,318)被生成
2018/3/1 21:52:20 房间 1：幽灵之花于(985,394)被生成
2018/3/1 21:52:20 房间 1：魔花于(985,318)被生成
2018/3/1 21:52:20 房间 1：幽灵之花于(985,318)被生成
2018/3/1 21:52:20 房间 1：幽灵之花于(985,318)被生成
2018/3/1 21:52:20 房间 1：幽灵之花于(985,166)被生成
2018/3/1 21:52:20 房间 1：幽灵之花于(985,90)被生成
2018/3/1 21:52:20 房间 1：魔花于(985,90)被生成
2018/3/1 21:52:20 房间 1：幽灵之花于(985,318)被生成
2018/3/1 21:52:20 房间 1：幽灵之花于(985,394)被生成
2018/3/1 21:52:20 房间 1：幽灵之花于(985,90)被生成
2018/3/1 21:52:20 房间 1：魔花于(985,242)被生成
2018/3/1 21:52:20 房间 1：幽灵之花于(985,318)被生成
2018/3/1 21:52:20 房间 1：魔花于(985,90)被生成
2018/3/1 21:52:19 房间 1：幽灵之花于(985,394)被生成
2018/3/1 21:52:19 房间 1：魔花于(985,242)被生成
2018/3/1 21:52:19 房间 1：幽灵之花于(985,318)被生成
2018/3/1 21:52:19 房间 1：幽灵之花于(985,394)被生成
2018/3/1 21:52:19 房间 1：魔花于(985,90)被生成
2018/3/1 21:52:19 房间 1：幽灵之花于(985,318)被生成
2018/3/1 21:52:19 房间 1：幽灵之花于(985,242)被生成
2018/3/1 21:52:19 房间 1：蜘蛛怪于(573.4,318)被生成
2018/3/1 21:52:19 房间 1：蜘蛛怪于(753.4,242)被生成
2018/3/1 21:52:19 房间 1：蜘蛛怪于(627.4,90)被生成
2018/3/1 21:52:19 房间 1：蜘蛛怪于(614.4,318)被生成
2018/3/1 21:52:19 房间 1：蜘蛛怪于(729.4,242)被生成
2018/3/1 21:52:19 房间 1：贞子于(712.4,242)被生成
2018/3/1 21:52:19 房间 1：贞子于(597.4,166)被生成
2018/3/1 21:52:19 房间 1：敌对魔兽7被加上Buff fire
2018/3/1 21:52:15 房间 1：电视于(633.4,166)被生成
2018/3/1 21:52:12 房间 1：电视于(748.4,242)被生成
2018/3/1 21:52:09 房间 1：魔花于(985,318)被生成
2018/3/1 21:52:09 房间 1：幽灵之花于(985,318)被生成
2018/3/1 21:52:09 房间 1：幽灵之花于(985,90)被生成
2018/3/1 21:52:09 房间 1：魔花于(985,90)被生成
2018/3/1 21:52:07 房间 1：敌对魔兽4被加上Buff fire
2018/3/1 21:52:03 房间 1：敌对魔兽13被加上Buff ice
2018/3/1 21:51:59 房间 1：幽灵之花于(985,318)被生成
2018/3/1 21:51:59 房间 1：幽灵之花于(985,90)被生成
2018/3/1 21:51:59 房间 1：幽灵之花于(985,242)被生成
2018/3/1 21:51:59 房间 1：魔花于(985,394)被生成
2018/3/1 21:51:59 房间 1：玩家1把黑嘴放在了(472,90)
2018/3/1 21:51:58 房间 1：敌对魔兽2被加上Buff fire
2018/3/1 21:51:58 房间 1：敌对魔兽4被加上Buff fire
2018/3/1 21:51:57 房间 1：敌对魔兽4被加上Buff fire
2018/3/1 21:51:55 玩家3 退出了游戏 .
2018/3/1 21:51:55 房间 1：敌对魔兽13被加上Buff fire
2018/3/1 21:51:54 房间 1：敌对魔兽2被加上Buff fire
2018/3/1 21:51:54 房间 1：玩家1把麒麟放在了(396,394)
2018/3/1 21:51:51 房间 1：敌对魔兽2被加上Buff fire
2018/3/1 21:51:49 房间 1：敌对魔兽10被加上Buff fire
2018/3/1 21:51:49 房间 1：幽灵之花于(985,166)被生成
2018/3/1 21:51:49 房间 1：幽灵之花于(985,242)被生成
2018/3/1 21:51:49 房间 1：魔花于(985,90)被生成
2018/3/1 21:51:49 房间 1：幽灵之花于(985,318)被生成
2018/3/1 21:51:48 房间 1：敌对魔兽19被加上Buff fire
2018/3/1 21:51:48 房间 1：敌对魔兽20被加上Buff fire
2018/3/1 21:51:47 房间 1：玩家1把失落的滑稽放在了(548,90)
2018/3/1 21:51:46 房间 1：敌对魔兽4被加上Buff fire
2018/3/1 21:51:45 房间 1：敌对魔兽19被加上Buff fire
2018/3/1 21:51:45 房间 1：敌对魔兽26被加上Buff fire
2018/3/1 21:51:45 房间 1：敌对魔兽17被加上Buff fire
2018/3/1 21:51:43 房间 1：敌对魔兽30被加上Buff fire
2018/3/1 21:51:43 房间 1：敌对魔兽11被加上Buff fire
2018/3/1 21:51:41 房间 1：敌对魔兽3被加上Buff fire
2018/3/1 21:51:39 房间 1：敌对魔兽26被加上Buff fire
2018/3/1 21:51:39 房间 1：敌对魔兽19被加上Buff fire
2018/3/1 21:51:39 房间 1：幽灵之花于(985,242)被生成
2018/3/1 21:51:39 房间 1：幽灵之花于(985,242)被生成
2018/3/1 21:51:39 房间 1：魔花于(985,394)被生成
2018/3/1 21:51:39 房间 1：魔花于(985,242)被生成
2018/3/1 21:51:39 房间 1：幽灵之花于(985,318)被生成
2018/3/1 21:51:39 房间 1：魔花于(985,318)被生成
2018/3/1 21:51:39 房间 1：幽灵之花于(985,90)被生成
2018/3/1 21:51:39 房间 1：幽灵之花于(985,318)被生成
2018/3/1 21:51:39 房间 1：魔花于(985,90)被生成
2018/3/1 21:51:39 房间 1：幽灵之花于(985,242)被生成
2018/3/1 21:51:39 房间 1：魔花于(985,242)被生成
2018/3/1 21:51:39 房间 1：幽灵之花于(985,242)被生成
2018/3/1 21:51:39 房间 1：幽灵之花于(985,318)被生成
2018/3/1 21:51:39 房间 1：魔花于(985,394)被生成
2018/3/1 21:51:39 房间 1：幽灵之花于(985,318)被生成
2018/3/1 21:51:39 房间 1：幽灵之花于(985,394)被生成
2018/3/1 21:51:39 房间 1：幽灵之花于(985,318)被生成
2018/3/1 21:51:39 房间 1：魔花于(985,90)被生成
2018/3/1 21:51:39 房间 1：幽灵之花于(985,394)被生成
2018/3/1 21:51:39 房间 1：幽灵之花于(985,166)被生成
2018/3/1 21:51:39 房间 1：幽灵之花于(985,394)被生成
2018/3/1 21:51:39 房间 1：幽灵之花于(985,166)被生成
2018/3/1 21:51:39 房间 1：幽灵之花于(985,318)被生成
2018/3/1 21:51:39 房间 1：幽灵之花于(985,166)被生成
2018/3/1 21:51:39 房间 1：蜘蛛怪于(569.4,394)被生成
2018/3/1 21:51:39 房间 1：蜘蛛怪于(589.4,90)被生成
2018/3/1 21:51:39 房间 1：蜘蛛怪于(636.4,90)被生成
2018/3/1 21:51:39 房间 1：蜘蛛怪于(626.4,90)被生成
2018/3/1 21:51:39 房间 1：蜘蛛怪于(582.4,318)被生成
2018/3/1 21:51:39 房间 1：贞子于(669.4,242)被生成
2018/3/1 21:51:39 房间 1：贞子于(558.4,242)被生成
2018/3/1 21:51:39 房间 1：电视于(705.4,242)被生成
2018/3/1 21:51:36 房间 1：敌对魔兽1被加上Buff fire
2018/3/1 21:51:35 房间 1：敌对魔兽2被加上Buff fire
2018/3/1 21:51:35 房间 1：电视于(594.4,242)被生成
2018/3/1 21:51:32 房间 1：敌对魔兽3被加上Buff ice
2018/3/1 21:51:30 房间 1：敌对魔兽7被加上Buff fire
2018/3/1 21:51:29 房间 1：幽灵之花于(985,394)被生成
2018/3/1 21:51:29 房间 1：魔花于(985,318)被生成
2018/3/1 21:51:29 房间 1：幽灵之花于(985,242)被生成
2018/3/1 21:51:29 房间 1：魔花于(985,318)被生成
2018/3/1 21:51:29 房间 1：玩家1把黑嘴放在了(472,166)
2018/3/1 21:51:29 日志太长了，已经将它保存并且清空了屏幕。

