2018/3/1 22:13:43 房间 2：魔兽7被使用滑稽能量
2018/3/1 22:13:43 房间 2：魔兽7被使用滑稽能量
2018/3/1 22:13:43 房间 2：幽灵之花于(985,166)被生成
2018/3/1 22:13:43 房间 2：幽灵之花于(985,166)被生成
2018/3/1 22:13:43 房间 2：魔花于(985,318)被生成
2018/3/1 22:13:43 房间 2：幽灵之花于(985,242)被生成
2018/3/1 22:13:43 房间 2：魔兽7被使用滑稽能量
2018/3/1 22:13:43 房间 2：魔兽7被使用滑稽能量
2018/3/1 22:13:42 房间 2：魔兽7被使用滑稽能量
2018/3/1 22:13:42 房间 2：魔兽7被使用滑稽能量
2018/3/1 22:13:42 房间 2：魔兽7被使用滑稽能量
2018/3/1 22:13:42 房间 2：魔兽7被使用滑稽能量
2018/3/1 22:13:41 房间 2：魔兽7被使用滑稽能量
2018/3/1 22:13:41 房间 2：魔兽7被使用滑稽能量
2018/3/1 22:13:41 房间 2：魔兽7被使用滑稽能量
2018/3/1 22:13:41 房间 2：魔兽7被使用滑稽能量
2018/3/1 22:13:41 房间 2：敌对魔兽9被加上Buff fire
2018/3/1 22:13:40 房间 2：魔兽7被使用滑稽能量
2018/3/1 22:13:40 房间 2：魔兽7被使用滑稽能量
2018/3/1 22:13:40 房间 2：魔兽7被使用滑稽能量
2018/3/1 22:13:40 房间 2：魔兽7被使用滑稽能量
2018/3/1 22:13:39 房间 2：魔兽7被使用滑稽能量
2018/3/1 22:13:39 房间 2：魔兽7被使用滑稽能量
2018/3/1 22:13:39 房间 2：魔兽7被使用滑稽能量
2018/3/1 22:13:38 房间 2：魔兽7被使用滑稽能量
2018/3/1 22:13:38 房间 2：魔兽7被使用滑稽能量
2018/3/1 22:13:38 房间 2：魔兽7被使用滑稽能量
2018/3/1 22:13:37 房间 2：魔兽7被使用滑稽能量
2018/3/1 22:13:37 房间 2：魔兽7被使用滑稽能量
2018/3/1 22:13:37 房间 2：魔兽7被使用滑稽能量
2018/3/1 22:13:37 房间 2：魔兽7被使用滑稽能量
2018/3/1 22:13:36 房间 2：魔兽7被使用滑稽能量
2018/3/1 22:13:36 房间 2：魔兽7被使用滑稽能量
2018/3/1 22:13:36 房间 2：敌对魔兽13被加上Buff fire
2018/3/1 22:13:36 房间 2：敌对魔兽1被加上Buff ice
2018/3/1 22:13:36 房间 2：魔兽7被使用滑稽能量
2018/3/1 22:13:36 房间 2：魔兽7被使用滑稽能量
2018/3/1 22:13:35 房间 2：魔兽7被使用滑稽能量
2018/3/1 22:13:35 房间 2：魔兽7被使用滑稽能量
2018/3/1 22:13:35 房间 2：魔兽7被使用滑稽能量
2018/3/1 22:13:34 房间 2：魔兽7被使用滑稽能量
2018/3/1 22:13:34 房间 2：魔兽7被使用滑稽能量
2018/3/1 22:13:34 房间 2：敌对魔兽16被加上Buff fire
2018/3/1 22:13:34 房间 2：魔兽7被使用滑稽能量
2018/3/1 22:13:33 房间 2：魔兽7被使用滑稽能量
2018/3/1 22:13:33 房间 2：魔兽7被使用滑稽能量
2018/3/1 22:13:33 房间 2：魔花于(985,90)被生成
2018/3/1 22:13:33 房间 2：魔花于(985,394)被生成
2018/3/1 22:13:33 房间 2：魔花于(985,318)被生成
2018/3/1 22:13:33 房间 2：幽灵之花于(985,394)被生成
2018/3/1 22:13:33 房间 2：魔兽7被使用滑稽能量
2018/3/1 22:13:33 房间 2：魔兽7被使用滑稽能量
2018/3/1 22:13:32 房间 2：魔兽7被使用滑稽能量
2018/3/1 22:13:32 房间 2：魔兽7被使用滑稽能量
2018/3/1 22:13:31 房间 2：魔兽7被使用滑稽能量
2018/3/1 22:13:31 房间 2：魔兽7被使用滑稽能量
2018/3/1 22:13:31 房间 2：魔兽7被使用滑稽能量
2018/3/1 22:13:30 房间 2：魔兽7被使用滑稽能量
2018/3/1 22:13:30 房间 2：魔兽7被使用滑稽能量
2018/3/1 22:13:30 房间 2：魔兽7被使用滑稽能量
2018/3/1 22:13:29 房间 2：魔兽7被使用滑稽能量
2018/3/1 22:13:29 房间 2：魔兽7被使用滑稽能量
2018/3/1 22:13:29 房间 2：电视于(694.4,166)被生成
2018/3/1 22:13:29 房间 2：魔兽7被使用滑稽能量
2018/3/1 22:13:29 房间 2：魔兽7被使用滑稽能量
2018/3/1 22:13:28 房间 2：敌对魔兽2被加上Buff fire
2018/3/1 22:13:28 房间 2：魔兽7被使用滑稽能量
2018/3/1 22:13:28 房间 2：魔兽7被使用滑稽能量
2018/3/1 22:13:27 房间 2：魔兽7被使用滑稽能量
2018/3/1 22:13:27 房间 2：魔兽7被使用滑稽能量
2018/3/1 22:13:27 房间 2：魔兽7被使用滑稽能量
2018/3/1 22:13:26 房间 2：魔兽7被使用滑稽能量
2018/3/1 22:13:26 房间 2：魔兽7被使用滑稽能量
2018/3/1 22:13:26 房间 2：魔兽7被使用滑稽能量
2018/3/1 22:13:25 房间 2：魔兽7被使用滑稽能量
2018/3/1 22:13:25 房间 2：敌对魔兽21被加上Buff fire
2018/3/1 22:13:25 房间 2：魔兽7被使用滑稽能量
2018/3/1 22:13:24 房间 2：魔兽7被使用滑稽能量
2018/3/1 22:13:24 房间 2：敌对魔兽4被加上Buff fire
2018/3/1 22:13:23 房间 2：魔兽7被使用滑稽能量
2018/3/1 22:13:23 房间 2：幽灵之花于(985,90)被生成
2018/3/1 22:13:23 房间 2：幽灵之花于(985,166)被生成
2018/3/1 22:13:23 房间 2：幽灵之花于(985,90)被生成
2018/3/1 22:13:23 房间 2：幽灵之花于(985,166)被生成
2018/3/1 22:13:23 房间 2：幽灵之花于(985,90)被生成
2018/3/1 22:13:23 房间 2：魔花于(985,90)被生成
2018/3/1 22:13:23 房间 2：幽灵之花于(985,318)被生成
2018/3/1 22:13:23 房间 2：幽灵之花于(985,318)被生成
2018/3/1 22:13:23 房间 2：幽灵之花于(985,90)被生成
2018/3/1 22:13:23 房间 2：幽灵之花于(985,242)被生成
2018/3/1 22:13:23 房间 2：幽灵之花于(985,242)被生成
2018/3/1 22:13:23 房间 2：幽灵之花于(985,166)被生成
2018/3/1 22:13:23 房间 2：幽灵之花于(985,242)被生成
2018/3/1 22:13:23 房间 2：魔花于(985,242)被生成
2018/3/1 22:13:23 房间 2：魔花于(985,242)被生成
2018/3/1 22:13:23 房间 2：魔花于(985,394)被生成
2018/3/1 22:13:23 房间 2：幽灵之花于(985,394)被生成
2018/3/1 22:13:23 房间 2：幽灵之花于(985,318)被生成
2018/3/1 22:13:23 房间 2：幽灵之花于(985,90)被生成
2018/3/1 22:13:23 房间 2：幽灵之花于(985,90)被生成
2018/3/1 22:13:23 房间 2：幽灵之花于(985,394)被生成
2018/3/1 22:13:23 房间 2：幽灵之花于(985,242)被生成
2018/3/1 22:13:23 房间 2：幽灵之花于(985,318)被生成
2018/3/1 22:13:23 房间 2：魔花于(985,394)被生成
2018/3/1 22:13:23 房间 2：蜘蛛怪于(680.4,242)被生成
2018/3/1 22:13:23 房间 2：蜘蛛怪于(688.4,242)被生成
2018/3/1 22:13:23 房间 2：蜘蛛怪于(659.4,318)被生成
2018/3/1 22:13:23 房间 2：蜘蛛怪于(740.4,166)被生成
2018/3/1 22:13:23 房间 2：蜘蛛怪于(617.4,90)被生成
2018/3/1 22:13:23 房间 2：贞子于(708.4,166)被生成
2018/3/1 22:13:23 房间 2：贞子于(666.4,242)被生成
2018/3/1 22:13:23 房间 2：贞子于(718.4,166)被生成
2018/3/1 22:13:23 房间 2：魔兽7被使用滑稽能量
2018/3/1 22:13:23 房间 2：魔兽7被使用滑稽能量
2018/3/1 22:13:22 房间 2：敌对魔兽3被加上Buff ice
2018/3/1 22:13:22 房间 2：魔兽7被使用滑稽能量
2018/3/1 22:13:22 房间 2：魔兽7被使用滑稽能量
2018/3/1 22:13:22 房间 2：魔兽7被使用滑稽能量
2018/3/1 22:13:21 房间 2：魔兽7被使用滑稽能量
2018/3/1 22:13:21 房间 2：魔兽7被使用滑稽能量
2018/3/1 22:13:21 房间 2：魔兽7被使用滑稽能量
2018/3/1 22:13:20 房间 2：魔兽7被使用滑稽能量
2018/3/1 22:13:20 房间 2：魔兽7被使用滑稽能量
2018/3/1 22:13:20 房间 2：魔兽7被使用滑稽能量
2018/3/1 22:13:19 房间 2：魔兽7被使用滑稽能量
2018/3/1 22:13:19 房间 2：魔兽7被使用滑稽能量
2018/3/1 22:13:19 房间 2：魔兽7被使用滑稽能量
2018/3/1 22:13:19 房间 2：魔兽7被使用滑稽能量
2018/3/1 22:13:18 房间 2：魔兽7被使用滑稽能量
2018/3/1 22:13:18 房间 2：电视于(702.4,242)被生成
2018/3/1 22:13:18 房间 2：魔兽7被使用滑稽能量
2018/3/1 22:13:17 房间 2：魔兽7被使用滑稽能量
2018/3/1 22:13:17 房间 2：魔兽7被使用滑稽能量
2018/3/1 22:13:16 日志太长了，已经将它保存并且清空了屏幕。

