2018/3/1 22:24:33 房间 3：幽灵之花于(985,318)被生成
2018/3/1 22:24:31 房间 3：小小白说：“qwq”
2018/3/1 22:24:29 房间 3：敌对魔兽1被加上Buff fire
2018/3/1 22:24:28 房间 3：404说：“qwq”
2018/3/1 22:24:27 房间 3：敌对魔兽1被加上Buff fire
2018/3/1 22:24:26 房间 3：404说：“FPS控制弹药移动”
2018/3/1 22:24:26 房间 3：敌对魔兽3被加上Buff fire
2018/3/1 22:24:23 房间 3：敌对魔兽4被加上Buff fire
2018/3/1 22:24:23 房间 3：剧毒蜂于(985,90)被生成
2018/3/1 22:24:23 房间 3：吸血鬼于(985,242)被生成
2018/3/1 22:24:23 房间 3：魔蝠于(985,242)被生成
2018/3/1 22:24:23 房间 3：深空之眼于(985,318)被生成
2018/3/1 22:24:23 房间 3：敌对魔兽1被加上Buff ice
2018/3/1 22:24:22 房间 3：电视于(583.4,90)被生成
2018/3/1 22:24:18 房间 3：敌对魔兽1被加上Buff fire
2018/3/1 22:24:18 房间 3：小小白说：“这跟fps什么关系”
2018/3/1 22:24:15 房间 3：敌对魔兽6被加上Buff fire
2018/3/1 22:24:15 房间 3：敌对魔兽9被加上Buff fire
2018/3/1 22:24:13 房间 3：敌对魔兽14被加上Buff fire
2018/3/1 22:24:13 房间 3：敌对魔兽9被加上Buff ice
2018/3/1 22:24:13 房间 3：敌对魔兽12被加上Buff ice
2018/3/1 22:24:13 房间 3：魔蝠于(999,166)被生成
2018/3/1 22:24:13 房间 3：魔蝠于(985,394)被生成
2018/3/1 22:24:13 房间 3：深空莲花于(985,394)被生成
2018/3/1 22:24:13 房间 3：恶魔于(985,242)被生成
2018/3/1 22:24:13 房间 3：绝望于(985,242)被生成
2018/3/1 22:24:13 房间 3：电视于(650.4,166)被生成
2018/3/1 22:24:12 房间 3：敌对魔兽7被加上Buff ice
2018/3/1 22:24:11 房间 3：敌对魔兽7被加上Buff fire
2018/3/1 22:24:10 房间 3：敌对魔兽10被加上Buff fire
2018/3/1 22:24:09 房间 3：敌对魔兽8被加上Buff fire
2018/3/1 22:24:09 房间 3：敌对魔兽16被加上Buff fire
2018/3/1 22:24:09 房间 3：敌对魔兽14被加上Buff ice
2018/3/1 22:24:08 房间 3：敌对魔兽7被加上Buff fire
2018/3/1 22:24:08 房间 3：敌对魔兽5被加上Buff ice
2018/3/1 22:24:08 房间 3：敌对魔兽21被加上Buff fire
2018/3/1 22:24:08 房间 3：敌对魔兽18被加上Buff fire
2018/3/1 22:24:08 房间 3：404说：“啊啊啊好像FPS也会导致结果不同”
2018/3/1 22:24:08 房间 3：敌对魔兽16被加上Buff fire
2018/3/1 22:24:07 房间 3：敌对魔兽23被加上Buff fire
2018/3/1 22:24:06 房间 3：敌对魔兽10被加上Buff fire
2018/3/1 22:24:06 房间 3：敌对魔兽18被加上Buff fire
2018/3/1 22:24:05 房间 3：敌对魔兽14被加上Buff ice
2018/3/1 22:24:05 房间 3：敌对魔兽14被加上Buff ice
2018/3/1 22:24:04 房间 3：玩家1把麒麟放在了(776,242)
2018/3/1 22:24:03 房间 3：敌对魔兽22被加上Buff fire
2018/3/1 22:24:03 房间 3：魔蝠于(1058,166)被生成
2018/3/1 22:24:03 房间 3：吸血鬼于(985,166)被生成
2018/3/1 22:24:03 房间 3：幽灵之花于(985,242)被生成
2018/3/1 22:24:03 房间 3：深空之眼于(985,318)被生成
2018/3/1 22:24:03 房间 3：深空之眼于(985,242)被生成
2018/3/1 22:24:03 房间 3：幽灵之花于(985,90)被生成
2018/3/1 22:24:03 房间 3：恶魔于(985,90)被生成
2018/3/1 22:24:03 房间 3：剧毒蜂于(985,166)被生成
2018/3/1 22:24:03 房间 3：裂空玩偶于(985,166)被生成
2018/3/1 22:24:03 房间 3：深空莲花于(985,394)被生成
2018/3/1 22:24:03 房间 3：吸血鬼于(985,394)被生成
2018/3/1 22:24:03 房间 3：深空莲花于(985,90)被生成
2018/3/1 22:24:03 房间 3：绝望于(985,90)被生成
2018/3/1 22:24:03 房间 3：绝望于(985,394)被生成
2018/3/1 22:24:03 房间 3：绝望于(985,166)被生成
2018/3/1 22:24:02 房间 3：魔蝠于(985,394)被生成
2018/3/1 22:24:02 房间 3：吸血鬼于(985,318)被生成
2018/3/1 22:24:02 房间 3：幽灵之花于(985,394)被生成
2018/3/1 22:24:02 房间 3：绝望于(985,242)被生成
2018/3/1 22:24:02 房间 3：剧毒蜂于(985,394)被生成
2018/3/1 22:24:02 房间 3：魔蝠于(985,166)被生成
2018/3/1 22:24:02 房间 3：绝望于(985,166)被生成
2018/3/1 22:24:02 房间 3：剧毒蜂于(985,166)被生成
2018/3/1 22:24:02 房间 3：恶魔于(985,318)被生成
2018/3/1 22:24:02 房间 3：吸血鬼于(985,90)被生成
2018/3/1 22:24:01 房间 3：玩家1把坚硬的球放在了(700,166)
2018/3/1 22:23:56 房间 3：404说：“没事”
2018/3/1 22:23:55 房间 3：敌对魔兽1被加上Buff fire
2018/3/1 22:23:54 房间 3：电视于(619.4,318)被生成
2018/3/1 22:23:53 房间 3：敌对魔兽2被加上Buff fire
2018/3/1 22:23:52 房间 3：小小白说：“啥”
2018/3/1 22:23:52 房间 3：剧毒蜂于(985,394)被生成
2018/3/1 22:23:52 房间 3：恶魔于(985,394)被生成
2018/3/1 22:23:52 房间 3：魔蝠于(985,242)被生成
2018/3/1 22:23:52 房间 3：剧毒蜂于(985,318)被生成
2018/3/1 22:23:52 房间 3：敌对魔兽1被加上Buff fire
2018/3/1 22:23:51 房间 3：小小白说：“sha_”
2018/3/1 22:23:50 房间 3：电视于(757.4,90)被生成
2018/3/1 22:23:49 房间 3：敌对魔兽1被加上Buff ice
2018/3/1 22:23:47 房间 3：电视于(583.4,318)被生成
2018/3/1 22:23:47 房间 3：敌对魔兽1被加上Buff fire
2018/3/1 22:23:46 房间 3：敌对魔兽1被加上Buff fire
2018/3/1 22:23:45 房间 3：404说：“通过TV”
2018/3/1 22:23:44 房间 3：敌对魔兽5被加上Buff ice
2018/3/1 22:23:44 房间 3：电视于(612.4,318)被生成
2018/3/1 22:23:43 房间 3：404说：“我看到了”
2018/3/1 22:23:42 房间 3：魔蝠于(985,318)被生成
2018/3/1 22:23:42 房间 3：剧毒蜂于(985,90)被生成
2018/3/1 22:23:42 房间 3：剧毒蜂于(985,90)被生成
2018/3/1 22:23:42 房间 3：幽灵之花于(985,242)被生成
2018/3/1 22:23:36 房间 3：敌对魔兽1被加上Buff fire
2018/3/1 22:23:33 房间 3：敌对魔兽3被加上Buff ice
2018/3/1 22:23:33 房间 3：敌对魔兽5被加上Buff fire
2018/3/1 22:23:33 房间 3：404说：“真他妈壮观”
2018/3/1 22:23:32 房间 3：魔蝠于(1053.5,90)被生成
2018/3/1 22:23:32 房间 3：魔蝠于(1053.5,394)被生成
2018/3/1 22:23:32 房间 3：敌对魔兽7被加上Buff fire
2018/3/1 22:23:32 房间 3：裂空玩偶于(985,394)被生成
2018/3/1 22:23:32 房间 3：恶魔于(985,242)被生成
2018/3/1 22:23:32 房间 3：裂空玩偶于(985,90)被生成
2018/3/1 22:23:32 房间 3：恶魔于(985,166)被生成
2018/3/1 22:23:31 房间 3：玩家1把黑鹰放在了(624,90)
2018/3/1 22:23:31 房间 3：敌对魔兽4被加上Buff fire
2018/3/1 22:23:31 房间 3：敌对魔兽2被加上Buff fire
2018/3/1 22:23:30 房间 3：敌对魔兽6被加上Buff fire
2018/3/1 22:23:30 房间 3：敌对魔兽6被加上Buff fire
2018/3/1 22:23:30 房间 3：敌对魔兽1被加上Buff fire
2018/3/1 22:23:30 房间 3：敌对魔兽7被加上Buff fire
2018/3/1 22:23:30 房间 3：玩家1把坚硬的球放在了(700,242)
2018/3/1 22:23:29 房间 3：电视于(741.4,394)被生成
2018/3/1 22:23:29 房间 3：敌对魔兽4被加上Buff fire
2018/3/1 22:23:27 房间 3：敌对魔兽3被加上Buff fire
2018/3/1 22:23:26 房间 3：敌对魔兽11被加上Buff fire
2018/3/1 22:23:26 房间 3：敌对魔兽6被加上Buff fire
2018/3/1 22:23:25 房间 3：敌对魔兽7被加上Buff fire
2018/3/1 22:23:25 日志太长了，已经将它保存并且清空了屏幕。

