2018/3/1 22:04:28 房间 2：敌对魔兽5被加上Buff ice
2018/3/1 22:04:23 房间 2：敌对魔兽12被加上Buff fire
2018/3/1 22:04:23 房间 2：魔蝠于(979.5,318)被生成
2018/3/1 22:04:23 房间 2：魔蝠于(979.5,242)被生成
2018/3/1 22:04:22 房间 2：敌对魔兽5被加上Buff ice
2018/3/1 22:04:22 房间 2：恶魔于(985,318)被生成
2018/3/1 22:04:22 房间 2：魔蝠于(985,90)被生成
2018/3/1 22:04:22 房间 2：绝望于(985,394)被生成
2018/3/1 22:04:22 房间 2：幽灵之花于(985,394)被生成
2018/3/1 22:04:22 房间 2：电视于(607.4,318)被生成
2018/3/1 22:04:21 房间 2：敌对魔兽21被加上Buff fire
2018/3/1 22:04:20 房间 2：敌对魔兽3被加上Buff fire
2018/3/1 22:04:20 获取玩家1的名字为404
2018/3/1 22:04:20 玩家1加入了房间3，开始战斗。
2018/3/1 22:04:20 玩家1 连接到了服务器。
2018/3/1 22:04:15 房间 2：敌对魔兽5被加上Buff fire
2018/3/1 22:04:13 房间 2：电视于(658.4,166)被生成
2018/3/1 22:04:13 房间 2：魔蝠于(1054,242)被生成
2018/3/1 22:04:13 房间 2：魔蝠于(1054,318)被生成
2018/3/1 22:04:12 房间 2：魔蝠于(985,394)被生成
2018/3/1 22:04:12 房间 2：绝望于(985,242)被生成
2018/3/1 22:04:12 房间 2：幽灵之花于(985,90)被生成
2018/3/1 22:04:12 房间 2：深空莲花于(985,166)被生成
2018/3/1 22:04:12 房间 2：幽灵之花于(985,242)被生成
2018/3/1 22:04:12 房间 2：深空之眼于(985,318)被生成
2018/3/1 22:04:12 房间 2：绝望于(985,318)被生成
2018/3/1 22:04:12 房间 2：幽灵之花于(985,166)被生成
2018/3/1 22:04:12 房间 2：剧毒蜂于(985,90)被生成
2018/3/1 22:04:12 房间 2：绝望于(985,242)被生成
2018/3/1 22:04:12 房间 2：裂空玩偶于(985,242)被生成
2018/3/1 22:04:12 房间 2：裂空玩偶于(985,318)被生成
2018/3/1 22:04:12 房间 2：深空莲花于(985,90)被生成
2018/3/1 22:04:12 房间 2：幽灵之花于(985,90)被生成
2018/3/1 22:04:12 房间 2：吸血鬼于(985,90)被生成
2018/3/1 22:04:12 房间 2：魔蝠于(985,90)被生成
2018/3/1 22:04:12 房间 2：深空莲花于(985,166)被生成
2018/3/1 22:04:12 房间 2：深空之眼于(985,318)被生成
2018/3/1 22:04:12 房间 2：剧毒蜂于(985,242)被生成
2018/3/1 22:04:12 房间 2：深空之眼于(985,394)被生成
2018/3/1 22:04:12 房间 2：幽灵之花于(985,90)被生成
2018/3/1 22:04:12 房间 2：魔蝠于(985,166)被生成
2018/3/1 22:04:12 房间 2：剧毒蜂于(985,90)被生成
2018/3/1 22:04:12 房间 2：幽灵之花于(985,166)被生成
2018/3/1 22:04:12 房间 2：蜘蛛怪于(598.4,394)被生成
2018/3/1 22:04:12 房间 2：蜘蛛怪于(685.4,90)被生成
2018/3/1 22:04:12 房间 2：蜘蛛怪于(595.4,318)被生成
2018/3/1 22:04:12 房间 2：蜘蛛怪于(608.4,166)被生成
2018/3/1 22:04:12 房间 2：蜘蛛怪于(606.4,318)被生成
2018/3/1 22:04:12 房间 2：贞子于(658.4,242)被生成
2018/3/1 22:04:07 房间 2：电视于(694.4,242)被生成
2018/3/1 22:04:05 房间 2：敌对魔兽2被加上Buff ice
2018/3/1 22:04:05 房间 2：敌对魔兽2被加上Buff ice
2018/3/1 22:04:03 房间 2：敌对魔兽1被加上Buff ice
2018/3/1 22:04:02 房间 2：幽灵之花于(985,318)被生成
2018/3/1 22:04:02 房间 2：幽灵之花于(985,318)被生成
2018/3/1 22:04:02 房间 2：剧毒蜂于(985,166)被生成
2018/3/1 22:04:02 房间 2：幽灵之花于(985,166)被生成
2018/3/1 22:03:58 获取玩家3的名字为404
2018/3/1 22:03:58 玩家3创建了房间
2018/3/1 22:03:58 玩家3 连接到了服务器。
2018/3/1 22:03:56 房间 2：敌对魔兽10被加上Buff ice
2018/3/1 22:03:56 房间 2：敌对魔兽10被加上Buff ice
2018/3/1 22:03:55 房间 2：敌对魔兽6被加上Buff ice
2018/3/1 22:03:55 房间 2：敌对魔兽6被加上Buff ice
2018/3/1 22:03:53 房间 2：魔蝠于(906,90)被生成
2018/3/1 22:03:53 房间 2：魔蝠于(982,242)被生成
2018/3/1 22:03:52 房间 2：敌对魔兽18被加上Buff ice
2018/3/1 22:03:52 房间 2：病毒于(985,90)被生成
2018/3/1 22:03:52 房间 2：深空莲花于(985,394)被生成
2018/3/1 22:03:52 房间 2：幽灵之花于(985,242)被生成
2018/3/1 22:03:52 房间 2：幽灵之花于(985,166)被生成
2018/3/1 22:03:42 房间 2：魔蝠于(1055,242)被生成
2018/3/1 22:03:42 房间 2：魔蝠于(979,242)被生成
2018/3/1 22:03:42 房间 2：魔蝠于(979,90)被生成
2018/3/1 22:03:42 房间 2：魔蝠于(752,318)被生成
2018/3/1 22:03:42 房间 2：魔蝠于(985,90)被生成
2018/3/1 22:03:42 房间 2：巫师于(985,166)被生成
2018/3/1 22:03:42 房间 2：魔蝠于(985,394)被生成
2018/3/1 22:03:42 房间 2：裂空玩偶于(985,242)被生成
2018/3/1 22:03:39 房间 2：敌对魔兽18被加上Buff fire
2018/3/1 22:03:38 房间 2：敌对魔兽2被加上Buff ice
2018/3/1 22:03:38 房间 2：敌对魔兽8被加上Buff ice
2018/3/1 22:03:37 房间 2：电视于(731.4,90)被生成
2018/3/1 22:03:36 房间 2：敌对魔兽28被加上Buff fire
2018/3/1 22:03:36 房间 2：敌对魔兽15被加上Buff fire
2018/3/1 22:03:32 房间 2：魔蝠于(1055.5,242)被生成
2018/3/1 22:03:32 房间 2：魔蝠于(1055.5,90)被生成
2018/3/1 22:03:32 房间 2：魔蝠于(754.5,318)被生成
2018/3/1 22:03:32 房间 2：魔蝠于(828.5,318)被生成
2018/3/1 22:03:32 房间 2：裂空玩偶于(985,90)被生成
2018/3/1 22:03:32 房间 2：魔蝠于(985,242)被生成
2018/3/1 22:03:32 房间 2：幽灵之花于(985,318)被生成
2018/3/1 22:03:32 房间 2：恶魔于(985,90)被生成
2018/3/1 22:03:32 房间 2：幽灵之花于(985,242)被生成
2018/3/1 22:03:32 房间 2：巫师于(985,394)被生成
2018/3/1 22:03:32 房间 2：幽灵之花于(985,90)被生成
2018/3/1 22:03:32 房间 2：幽灵之花于(985,318)被生成
2018/3/1 22:03:32 房间 2：巫师于(985,166)被生成
2018/3/1 22:03:32 房间 2：幽灵之花于(985,242)被生成
2018/3/1 22:03:32 房间 2：裂空玩偶于(985,242)被生成
2018/3/1 22:03:32 房间 2：巫师于(985,394)被生成
2018/3/1 22:03:32 房间 2：幽灵之花于(985,318)被生成
2018/3/1 22:03:32 房间 2：幽灵之花于(985,394)被生成
2018/3/1 22:03:32 房间 2：幽灵之花于(985,318)被生成
2018/3/1 22:03:32 房间 2：巫师于(985,318)被生成
2018/3/1 22:03:32 房间 2：幽灵之花于(985,90)被生成
2018/3/1 22:03:32 房间 2：魔蝠于(985,394)被生成
2018/3/1 22:03:32 房间 2：恶魔于(985,166)被生成
2018/3/1 22:03:32 房间 2：幽灵之花于(985,242)被生成
2018/3/1 22:03:32 房间 2：幽灵之花于(985,318)被生成
2018/3/1 22:03:32 房间 2：恶魔于(985,394)被生成
2018/3/1 22:03:32 房间 2：魔蝠于(985,242)被生成
2018/3/1 22:03:32 房间 2：恶魔于(985,318)被生成
2018/3/1 22:03:32 房间 2：蜘蛛怪于(620.4,318)被生成
2018/3/1 22:03:32 房间 2：蜘蛛怪于(574.4,318)被生成
2018/3/1 22:03:32 房间 2：蜘蛛怪于(581.4,166)被生成
2018/3/1 22:03:32 房间 2：蜘蛛怪于(570.4,90)被生成
2018/3/1 22:03:32 房间 2：蜘蛛怪于(583.4,166)被生成
2018/3/1 22:03:22 房间 2：魔蝠于(832,318)被生成
2018/3/1 22:03:22 房间 2：魔蝠于(906,318)被生成
2018/3/1 22:03:22 房间 2：幽灵之花于(985,90)被生成
2018/3/1 22:03:22 房间 2：幽灵之花于(985,166)被生成
2018/3/1 22:03:22 日志太长了，已经将它保存并且清空了屏幕。

