2018/3/1 22:18:56 房间 3：玩家1把黑鹰放在了(244,242)
2018/3/1 22:18:56 房间 3：敌对魔兽10被加上Buff fire
2018/3/1 22:18:55 房间 3：魔花于(985,318)被生成
2018/3/1 22:18:55 房间 3：幽灵之花于(985,90)被生成
2018/3/1 22:18:55 房间 3：幽灵之花于(985,318)被生成
2018/3/1 22:18:55 房间 3：幽灵之花于(985,394)被生成
2018/3/1 22:18:55 房间 3：玩家1把坚硬的球放在了(548,242)
2018/3/1 22:18:54 房间 3：404说：“自己的看不到”
2018/3/1 22:18:51 房间 3：404说：“对啊”
2018/3/1 22:18:49 房间 3：玩家1把麒麟放在了(168,394)
2018/3/1 22:18:47 房间 3：敌对魔兽1被加上Buff fire
2018/3/1 22:18:47 房间 3：小小白说：“我自己的消息我看不到”
2018/3/1 22:18:47 房间 3：敌对魔兽2被加上Buff fire
2018/3/1 22:18:46 房间 3：魔花于(985,318)被生成
2018/3/1 22:18:46 房间 3：魔花于(985,90)被生成
2018/3/1 22:18:46 房间 3：魔花于(985,318)被生成
2018/3/1 22:18:46 房间 3：幽灵之花于(985,394)被生成
2018/3/1 22:18:43 房间 3：404说：“这次看起来正常”
2018/3/1 22:18:40 房间 3：小小白说：“6666”
2018/3/1 22:18:34 房间 3：玩家1把麒麟放在了(168,318)
2018/3/1 22:18:26 房间 3：404说：“jiushi_jiba”
2018/3/1 22:18:24 房间 3：玩家1把冰棍放在了(168,242)
2018/3/1 22:18:21 房间 3：小小白说：“什么几把”
2018/3/1 22:18:21 房间 3：404说：“233”
2018/3/1 22:18:17 房间 3：玩家3把无面花放在了(168,166)
2018/3/1 22:18:16 房间 3：小小白说：“发送信息...wqhat”
2018/3/1 22:18:14 房间 3：电视于(580.4,90)被生成
2018/3/1 22:18:13 房间 3：404说：“测试聊天”
2018/3/1 22:18:09 房间 3：玩家3把无面花放在了(168,90)
2018/3/1 22:18:07 房间 3：电视于(580.4,318)被生成
2018/3/1 22:18:04 房间 3：404说：“小小白你吼”
2018/3/1 22:18:02 房间 3：电视于(701.4,394)被生成
2018/3/1 22:17:54 获取玩家1的名字为小小白
2018/3/1 22:17:54 玩家1加入了房间3，开始战斗。
2018/3/1 22:17:54 玩家1 连接到了服务器。
2018/3/1 22:17:48 获取玩家3的名字为404
2018/3/1 22:17:48 玩家3创建了房间
2018/3/1 22:17:48 玩家3 连接到了服务器。
2018/3/1 22:17:19 玩家2 退出了游戏 .
2018/3/1 22:17:17 房间 2：电视于(730.4,318)被生成
2018/3/1 22:17:16 房间 2：电视于(680.4,90)被生成
2018/3/1 22:17:15 房间 2：敌对魔兽5被加上Buff fire
2018/3/1 22:17:14 房间 2：魔蝠于(985,242)被生成
2018/3/1 22:17:14 房间 2：深空之眼于(985,394)被生成
2018/3/1 22:17:14 房间 2：恶魔于(985,394)被生成
2018/3/1 22:17:14 房间 2：绝望于(985,166)被生成
2018/3/1 22:17:10 房间 2：电视于(639.4,394)被生成
2018/3/1 22:17:04 房间 2：深空莲花于(985,318)被生成
2018/3/1 22:17:04 房间 2：幽灵之花于(985,242)被生成
2018/3/1 22:17:04 房间 2：幽灵之花于(985,90)被生成
2018/3/1 22:17:04 房间 2：病毒于(985,166)被生成
2018/3/1 22:17:03 房间 2：魔兽9被使用滑稽能量
2018/3/1 22:16:57 房间 2：魔兽3被使用滑稽能量
2018/3/1 22:16:55 房间 2：敌对魔兽3被加上Buff fire
2018/3/1 22:16:54 房间 2：深空莲花于(985,242)被生成
2018/3/1 22:16:54 房间 2：恶魔于(985,166)被生成
2018/3/1 22:16:54 房间 2：幽灵之花于(985,318)被生成
2018/3/1 22:16:54 房间 2：幽灵之花于(985,242)被生成
2018/3/1 22:16:54 房间 2：敌对魔兽1被加上Buff ice
2018/3/1 22:16:51 房间 2：魔兽8被使用滑稽能量
2018/3/1 22:16:50 房间 2：魔兽9被使用滑稽能量
2018/3/1 22:16:49 房间 2：电视于(659.4,318)被生成
2018/3/1 22:16:48 房间 2：魔兽10被使用滑稽能量
2018/3/1 22:16:48 房间 2：敌对魔兽13被加上Buff fire
2018/3/1 22:16:48 房间 2：敌对魔兽32被加上Buff fire
2018/3/1 22:16:47 房间 2：魔兽3被使用滑稽能量
2018/3/1 22:16:45 房间 2：魔蝠于(1054.5,166)被生成
2018/3/1 22:16:45 房间 2：魔蝠于(980,394)被生成
2018/3/1 22:16:45 房间 2：恶魔于(985,166)被生成
2018/3/1 22:16:45 房间 2：幽灵之花于(985,90)被生成
2018/3/1 22:16:45 房间 2：病毒于(985,90)被生成
2018/3/1 22:16:45 房间 2：裂空玩偶于(985,166)被生成
2018/3/1 22:16:45 房间 2：幽灵之花于(985,166)被生成
2018/3/1 22:16:45 房间 2：深空莲花于(985,90)被生成
2018/3/1 22:16:45 房间 2：恶魔于(985,90)被生成
2018/3/1 22:16:45 房间 2：深空莲花于(985,90)被生成
2018/3/1 22:16:45 房间 2：巫师于(985,166)被生成
2018/3/1 22:16:45 房间 2：巫师于(985,90)被生成
2018/3/1 22:16:45 房间 2：魔蝠于(985,166)被生成
2018/3/1 22:16:45 房间 2：病毒于(985,242)被生成
2018/3/1 22:16:45 房间 2：魔蝠于(985,242)被生成
2018/3/1 22:16:45 房间 2：深空莲花于(985,90)被生成
2018/3/1 22:16:45 房间 2：深空莲花于(985,90)被生成
2018/3/1 22:16:45 房间 2：幽灵之花于(985,90)被生成
2018/3/1 22:16:45 房间 2：魔蝠于(985,242)被生成
2018/3/1 22:16:45 房间 2：幽灵之花于(985,90)被生成
2018/3/1 22:16:45 房间 2：恶魔于(985,394)被生成
2018/3/1 22:16:45 房间 2：幽灵之花于(985,394)被生成
2018/3/1 22:16:45 房间 2：恶魔于(985,166)被生成
2018/3/1 22:16:45 房间 2：魔蝠于(985,242)被生成
2018/3/1 22:16:45 房间 2：恶魔于(985,90)被生成
2018/3/1 22:16:45 房间 2：魔蝠于(985,394)被生成
2018/3/1 22:16:44 房间 2：蜘蛛怪于(718.4,242)被生成
2018/3/1 22:16:44 房间 2：蜘蛛怪于(611.4,242)被生成
2018/3/1 22:16:44 房间 2：蜘蛛怪于(632.4,394)被生成
2018/3/1 22:16:44 房间 2：蜘蛛怪于(581.4,166)被生成
2018/3/1 22:16:44 房间 2：蜘蛛怪于(653.4,242)被生成
2018/3/1 22:16:39 房间 2：敌对魔兽5被加上Buff fire
2018/3/1 22:16:37 房间 2：魔兽7被使用滑稽能量
2018/3/1 22:16:37 房间 2：敌对魔兽1被加上Buff ice
2018/3/1 22:16:35 房间 2：魔蝠于(1053.5,394)被生成
2018/3/1 22:16:34 房间 2：裂空玩偶于(985,394)被生成
2018/3/1 22:16:34 房间 2：幽灵之花于(985,166)被生成
2018/3/1 22:16:34 房间 2：病毒于(985,90)被生成
2018/3/1 22:16:34 房间 2：深空莲花于(985,90)被生成
2018/3/1 22:16:33 房间 2：魔兽9被使用滑稽能量
2018/3/1 22:16:31 房间 2：敌对魔兽1被加上Buff ice
2018/3/1 22:16:28 房间 2：魔兽3被使用滑稽能量
2018/3/1 22:16:24 房间 2：魔蝠于(985,242)被生成
2018/3/1 22:16:24 房间 2：病毒于(985,90)被生成
2018/3/1 22:16:24 房间 2：巫师于(985,90)被生成
2018/3/1 22:16:24 房间 2：恶魔于(985,318)被生成
2018/3/1 22:16:24 房间 2：敌对魔兽1被加上Buff ice
2018/3/1 22:16:20 房间 2：魔兽8被使用滑稽能量
2018/3/1 22:16:18 房间 2：电视于(650.4,166)被生成
2018/3/1 22:16:18 房间 2：敌对魔兽3被加上Buff fire
2018/3/1 22:16:15 房间 2：电视于(626.4,242)被生成
2018/3/1 22:16:15 房间 2：魔兽10被使用滑稽能量
2018/3/1 22:16:15 房间 2：敌对魔兽6被加上Buff ice
2018/3/1 22:16:15 房间 2：敌对魔兽10被加上Buff fire
2018/3/1 22:16:15 房间 2：魔蝠于(985,394)被生成
2018/3/1 22:16:15 房间 2：魔蝠于(985,394)被生成
2018/3/1 22:16:14 房间 2：敌对魔兽2被加上Buff fire
2018/3/1 22:16:14 房间 2：巫师于(985,90)被生成
2018/3/1 22:16:14 房间 2：深空莲花于(985,166)被生成
2018/3/1 22:16:14 日志太长了，已经将它保存并且清空了屏幕。

