2018/3/1 22:03:22 房间 2：病毒于(985,394)被生成
2018/3/1 22:03:22 房间 2：病毒于(985,394)被生成
2018/3/1 22:03:21 房间 2：敌对魔兽5被加上Buff ice
2018/3/1 22:03:20 房间 2：敌对魔兽2被加上Buff ice
2018/3/1 22:03:19 房间 2：敌对魔兽4被加上Buff ice
2018/3/1 22:03:17 房间 2：敌对魔兽2被加上Buff ice
2018/3/1 22:03:15 房间 2：电视于(669.4,394)被生成
2018/3/1 22:03:13 房间 2：敌对魔兽17被加上Buff fire
2018/3/1 22:03:13 房间 2：敌对魔兽9被加上Buff fire
2018/3/1 22:03:12 房间 2：魔蝠于(908,242)被生成
2018/3/1 22:03:12 房间 2：魔蝠于(908,318)被生成
2018/3/1 22:03:12 房间 2：魔蝠于(982,242)被生成
2018/3/1 22:03:12 房间 2：魔蝠于(982,318)被生成
2018/3/1 22:03:12 房间 2：幽灵之花于(985,90)被生成
2018/3/1 22:03:12 房间 2：深空莲花于(985,166)被生成
2018/3/1 22:03:12 房间 2：巫师于(985,394)被生成
2018/3/1 22:03:12 房间 2：巫师于(985,166)被生成
2018/3/1 22:03:08 房间 2：敌对魔兽7被加上Buff fire
2018/3/1 22:03:07 房间 2：敌对魔兽16被加上Buff fire
2018/3/1 22:03:04 房间 2：敌对魔兽8被加上Buff fire
2018/3/1 22:03:02 房间 2：魔蝠于(1057,318)被生成
2018/3/1 22:03:02 房间 2：魔蝠于(1057,242)被生成
2018/3/1 22:03:02 房间 2：魔蝠于(983,318)被生成
2018/3/1 22:03:02 房间 2：魔蝠于(983,242)被生成
2018/3/1 22:03:02 房间 2：裂空玩偶于(985,242)被生成
2018/3/1 22:03:02 房间 2：裂空玩偶于(985,318)被生成
2018/3/1 22:03:02 房间 2：魔蝠于(985,90)被生成
2018/3/1 22:03:02 房间 2：病毒于(985,394)被生成
2018/3/1 22:03:01 房间 2：敌对魔兽12被加上Buff ice
2018/3/1 22:03:01 房间 2：敌对魔兽7被加上Buff ice
2018/3/1 22:02:58 房间 2：敌对魔兽8被加上Buff fire
2018/3/1 22:02:58 房间 2：敌对魔兽3被加上Buff ice
2018/3/1 22:02:55 房间 2：敌对魔兽11被加上Buff ice
2018/3/1 22:02:55 房间 2：电视于(690.4,90)被生成
2018/3/1 22:02:55 房间 2：敌对魔兽11被加上Buff ice
2018/3/1 22:02:52 房间 2：魔蝠于(1056,318)被生成
2018/3/1 22:02:52 房间 2：魔蝠于(1056,242)被生成
2018/3/1 22:02:52 房间 2：敌对魔兽2被加上Buff ice
2018/3/1 22:02:52 房间 2：巫师于(985,242)被生成
2018/3/1 22:02:52 房间 2：恶魔于(985,90)被生成
2018/3/1 22:02:52 房间 2：幽灵之花于(985,242)被生成
2018/3/1 22:02:52 房间 2：恶魔于(985,166)被生成
2018/3/1 22:02:52 房间 2：病毒于(985,318)被生成
2018/3/1 22:02:52 房间 2：深空莲花于(985,318)被生成
2018/3/1 22:02:52 房间 2：巫师于(985,242)被生成
2018/3/1 22:02:52 房间 2：恶魔于(985,318)被生成
2018/3/1 22:02:52 房间 2：幽灵之花于(985,394)被生成
2018/3/1 22:02:52 房间 2：幽灵之花于(985,318)被生成
2018/3/1 22:02:52 房间 2：魔蝠于(985,318)被生成
2018/3/1 22:02:52 房间 2：深空莲花于(985,394)被生成
2018/3/1 22:02:52 房间 2：恶魔于(985,242)被生成
2018/3/1 22:02:52 房间 2：裂空玩偶于(985,318)被生成
2018/3/1 22:02:52 房间 2：病毒于(985,394)被生成
2018/3/1 22:02:52 房间 2：巫师于(985,90)被生成
2018/3/1 22:02:52 房间 2：魔蝠于(985,166)被生成
2018/3/1 22:02:52 房间 2：病毒于(985,242)被生成
2018/3/1 22:02:52 房间 2：病毒于(985,318)被生成
2018/3/1 22:02:52 房间 2：深空莲花于(985,242)被生成
2018/3/1 22:02:52 房间 2：深空莲花于(985,394)被生成
2018/3/1 22:02:52 房间 2：幽灵之花于(985,242)被生成
2018/3/1 22:02:52 房间 2：裂空玩偶于(985,242)被生成
2018/3/1 22:02:52 房间 2：病毒于(985,242)被生成
2018/3/1 22:02:52 房间 2：蜘蛛怪于(576.4,242)被生成
2018/3/1 22:02:52 房间 2：蜘蛛怪于(753.4,318)被生成
2018/3/1 22:02:52 房间 2：蜘蛛怪于(708.4,242)被生成
2018/3/1 22:02:52 房间 2：蜘蛛怪于(634.4,318)被生成
2018/3/1 22:02:52 房间 2：蜘蛛怪于(638.4,242)被生成
2018/3/1 22:02:52 房间 2：贞子于(621.4,166)被生成
2018/3/1 22:02:52 房间 2：电视于(657.4,166)被生成
2018/3/1 22:02:50 房间 2：敌对魔兽1被加上Buff ice
2018/3/1 22:02:49 房间 2：电视于(620.4,166)被生成
2018/3/1 22:02:43 房间 2：敌对魔兽3被加上Buff ice
2018/3/1 22:02:42 房间 2：魔蝠于(1056.5,318)被生成
2018/3/1 22:02:42 房间 2：魔蝠于(979.5,394)被生成
2018/3/1 22:02:42 房间 2：裂空玩偶于(985,318)被生成
2018/3/1 22:02:42 房间 2：恶魔于(985,166)被生成
2018/3/1 22:02:42 房间 2：巫师于(985,166)被生成
2018/3/1 22:02:42 房间 2：巫师于(985,394)被生成
2018/3/1 22:02:41 房间 2：敌对魔兽1被加上Buff ice
2018/3/1 22:02:37 房间 2：敌对魔兽5被加上Buff ice
2018/3/1 22:02:34 房间 2：敌对魔兽8被加上Buff ice
2018/3/1 22:02:32 房间 2：敌对魔兽11被加上Buff ice
2018/3/1 22:02:32 房间 2：敌对魔兽11被加上Buff ice
2018/3/1 22:02:32 房间 2：魔蝠于(1056,394)被生成
2018/3/1 22:02:32 房间 2：魔蝠于(980.5,166)被生成
2018/3/1 22:02:32 房间 2：幽灵之花于(985,394)被生成
2018/3/1 22:02:32 房间 2：恶魔于(985,166)被生成
2018/3/1 22:02:32 房间 2：幽灵之花于(985,394)被生成
2018/3/1 22:02:32 房间 2：裂空玩偶于(985,394)被生成
2018/3/1 22:02:30 房间 2：敌对魔兽12被加上Buff ice
2018/3/1 22:02:29 房间 2：敌对魔兽7被加上Buff ice
2018/3/1 22:02:27 房间 2：敌对魔兽12被加上Buff fire
2018/3/1 22:02:27 房间 2：敌对魔兽4被加上Buff ice
2018/3/1 22:02:27 房间 2：敌对魔兽1被加上Buff ice
2018/3/1 22:02:26 房间 2：电视于(710.4,318)被生成
2018/3/1 22:02:25 房间 2：敌对魔兽3被加上Buff ice
2018/3/1 22:02:24 房间 2：敌对魔兽7被加上Buff fire
2018/3/1 22:02:24 房间 2：敌对魔兽10被加上Buff ice
2018/3/1 22:02:24 房间 2：敌对魔兽1被加上Buff ice
2018/3/1 22:02:23 房间 2：敌对魔兽1被加上Buff ice
2018/3/1 22:02:22 房间 2：魔蝠于(1056.5,166)被生成
2018/3/1 22:02:22 房间 2：魔蝠于(981.5,242)被生成
2018/3/1 22:02:22 房间 2：魔蝠于(981.5,242)被生成
2018/3/1 22:02:22 房间 2：魔蝠于(830,394)被生成
2018/3/1 22:02:22 房间 2：敌对魔兽2被加上Buff ice
2018/3/1 22:02:22 房间 2：裂空玩偶于(985,166)被生成
2018/3/1 22:02:22 房间 2：幽灵之花于(985,166)被生成
2018/3/1 22:02:22 房间 2：幽灵之花于(985,90)被生成
2018/3/1 22:02:22 房间 2：巫师于(985,166)被生成
2018/3/1 22:02:20 房间 2：敌对魔兽7被加上Buff ice
2018/3/1 22:02:16 房间 2：敌对魔兽29被加上Buff fire
2018/3/1 22:02:15 房间 2：玩家2把黑鹰放在了(244,166)
2018/3/1 22:02:12 房间 2：魔蝠于(1057.5,90)被生成
2018/3/1 22:02:12 房间 2：魔蝠于(1057.5,242)被生成
2018/3/1 22:02:12 房间 2：魔蝠于(1057.5,242)被生成
2018/3/1 22:02:12 房间 2：魔蝠于(906,394)被生成
2018/3/1 22:02:12 房间 2：敌对魔兽26被加上Buff fire
2018/3/1 22:02:12 房间 2：幽灵之花于(985,90)被生成
2018/3/1 22:02:12 房间 2：幽灵之花于(985,166)被生成
2018/3/1 22:02:12 房间 2：魔蝠于(985,166)被生成
2018/3/1 22:02:12 房间 2：病毒于(985,394)被生成
2018/3/1 22:02:12 日志太长了，已经将它保存并且清空了屏幕。

