2018/3/1 22:21:52 房间 3：小小白说：“怕啥”
2018/3/1 22:21:50 房间 3：敌对魔兽2被加上Buff fire
2018/3/1 22:21:49 房间 3：幽灵之花于(985,242)被生成
2018/3/1 22:21:49 房间 3：恶魔于(985,90)被生成
2018/3/1 22:21:49 房间 3：巫师于(985,394)被生成
2018/3/1 22:21:49 房间 3：幽灵之花于(985,90)被生成
2018/3/1 22:21:46 房间 3：404说：“用太多的话延迟更大”
2018/3/1 22:21:42 房间 3：玩家1把深海之女放在了(472,394)
2018/3/1 22:21:40 房间 3：敌对魔兽1被加上Buff ice
2018/3/1 22:21:39 房间 3：玩家1把坚硬的球放在了(548,90)
2018/3/1 22:21:38 房间 3：敌对魔兽6被加上Buff fire
2018/3/1 22:21:38 房间 3：病毒于(985,318)被生成
2018/3/1 22:21:38 房间 3：深空莲花于(985,394)被生成
2018/3/1 22:21:38 房间 3：病毒于(985,318)被生成
2018/3/1 22:21:38 房间 3：病毒于(985,166)被生成
2018/3/1 22:21:34 房间 3：敌对魔兽2被加上Buff ice
2018/3/1 22:21:32 房间 3：玩家1把黑鹰放在了(472,318)
2018/3/1 22:21:30 房间 3：玩家1把麒麟放在了(472,166)
2018/3/1 22:21:28 房间 3：幽灵之花于(985,90)被生成
2018/3/1 22:21:28 房间 3：幽灵之花于(985,90)被生成
2018/3/1 22:21:28 房间 3：巫师于(985,166)被生成
2018/3/1 22:21:28 房间 3：病毒于(985,318)被生成
2018/3/1 22:21:24 房间 3：魔兽17被使用滑稽能量
2018/3/1 22:21:24 房间 3：敌对魔兽12被加上Buff fire
2018/3/1 22:21:23 房间 3：敌对魔兽25被加上Buff fire
2018/3/1 22:21:23 房间 3：敌对魔兽9被加上Buff fire
2018/3/1 22:21:23 房间 3：敌对魔兽25被加上Buff fire
2018/3/1 22:21:22 房间 3：敌对魔兽3被加上Buff fire
2018/3/1 22:21:22 房间 3：电视于(726.4,90)被生成
2018/3/1 22:21:22 房间 3：敌对魔兽20被加上Buff fire
2018/3/1 22:21:22 房间 3：敌对魔兽20被加上Buff fire
2018/3/1 22:21:22 房间 3：敌对魔兽7被加上Buff fire
2018/3/1 22:21:22 房间 3：敌对魔兽20被加上Buff fire
2018/3/1 22:21:22 房间 3：玩家3把深海之女放在了(624,166)
2018/3/1 22:21:21 房间 3：魔兽21被使用滑稽能量
2018/3/1 22:21:21 房间 3：敌对魔兽17被加上Buff fire
2018/3/1 22:21:21 房间 3：魔兽18被使用滑稽能量
2018/3/1 22:21:20 房间 3：敌对魔兽4被加上Buff fire
2018/3/1 22:21:20 房间 3：敌对魔兽10被加上Buff fire
2018/3/1 22:21:20 房间 3：敌对魔兽19被加上Buff fire
2018/3/1 22:21:18 房间 3：敌对魔兽3被加上Buff ice
2018/3/1 22:21:18 房间 3：魔蝠于(1058,166)被生成
2018/3/1 22:21:18 房间 3：魔蝠于(1058,90)被生成
2018/3/1 22:21:18 房间 3：魔蝠于(1058,90)被生成
2018/3/1 22:21:18 房间 3：魔蝠于(1058,166)被生成
2018/3/1 22:21:18 房间 3：魔蝠于(1058,90)被生成
2018/3/1 22:21:18 房间 3：魔蝠于(1058,394)被生成
2018/3/1 22:21:18 房间 3：深空莲花于(985,90)被生成
2018/3/1 22:21:18 房间 3：裂空玩偶于(985,166)被生成
2018/3/1 22:21:18 房间 3：恶魔于(985,318)被生成
2018/3/1 22:21:18 房间 3：幽灵之花于(985,394)被生成
2018/3/1 22:21:18 房间 3：魔蝠于(985,318)被生成
2018/3/1 22:21:18 房间 3：幽灵之花于(985,90)被生成
2018/3/1 22:21:18 房间 3：幽灵之花于(985,166)被生成
2018/3/1 22:21:18 房间 3：恶魔于(985,166)被生成
2018/3/1 22:21:18 房间 3：恶魔于(985,166)被生成
2018/3/1 22:21:18 房间 3：深空莲花于(985,242)被生成
2018/3/1 22:21:18 房间 3：裂空玩偶于(985,90)被生成
2018/3/1 22:21:18 房间 3：恶魔于(985,166)被生成
2018/3/1 22:21:18 房间 3：裂空玩偶于(985,90)被生成
2018/3/1 22:21:18 房间 3：裂空玩偶于(985,166)被生成
2018/3/1 22:21:18 房间 3：巫师于(985,318)被生成
2018/3/1 22:21:18 房间 3：魔蝠于(985,318)被生成
2018/3/1 22:21:18 房间 3：恶魔于(985,318)被生成
2018/3/1 22:21:18 房间 3：恶魔于(985,394)被生成
2018/3/1 22:21:18 房间 3：巫师于(985,394)被生成
2018/3/1 22:21:18 房间 3：裂空玩偶于(985,90)被生成
2018/3/1 22:21:18 房间 3：巫师于(985,166)被生成
2018/3/1 22:21:18 房间 3：幽灵之花于(985,394)被生成
2018/3/1 22:21:18 房间 3：裂空玩偶于(985,394)被生成
2018/3/1 22:21:18 房间 3：病毒于(985,242)被生成
2018/3/1 22:21:18 房间 3：蜘蛛怪于(622.4,242)被生成
2018/3/1 22:21:18 房间 3：蜘蛛怪于(679.4,242)被生成
2018/3/1 22:21:18 房间 3：蜘蛛怪于(639.4,90)被生成
2018/3/1 22:21:18 房间 3：蜘蛛怪于(734.4,242)被生成
2018/3/1 22:21:18 房间 3：蜘蛛怪于(701.4,394)被生成
2018/3/1 22:21:18 房间 3：贞子于(657.4,394)被生成
2018/3/1 22:21:18 房间 3：贞子于(648.4,318)被生成
2018/3/1 22:21:18 房间 3：电视于(693.4,394)被生成
2018/3/1 22:21:18 房间 3：电视于(684.4,318)被生成
2018/3/1 22:21:18 房间 3：敌对魔兽1被加上Buff fire
2018/3/1 22:21:17 房间 3：魔兽19被使用滑稽能量
2018/3/1 22:21:17 房间 3：敌对魔兽1被加上Buff ice
2018/3/1 22:21:15 房间 3：玩家1把麒麟放在了(472,242)
2018/3/1 22:21:14 房间 3：敌对魔兽4被加上Buff fire
2018/3/1 22:21:14 房间 3：敌对魔兽2被加上Buff fire
2018/3/1 22:21:13 房间 3：敌对魔兽5被加上Buff fire
2018/3/1 22:21:10 房间 3：敌对魔兽3被加上Buff fire
2018/3/1 22:21:10 房间 3：电视于(620.4,166)被生成
2018/3/1 22:21:09 房间 3：电视于(589.4,318)被生成
2018/3/1 22:21:09 房间 3：魔蝠于(1050.5,318)被生成
2018/3/1 22:21:09 房间 3：敌对魔兽1被加上Buff fire
2018/3/1 22:21:08 房间 3：玩家1把坚硬的球放在了(548,394)
2018/3/1 22:21:08 房间 3：幽灵之花于(985,318)被生成
2018/3/1 22:21:08 房间 3：幽灵之花于(985,242)被生成
2018/3/1 22:21:08 房间 3：幽灵之花于(985,90)被生成
2018/3/1 22:21:08 房间 3：裂空玩偶于(985,318)被生成
2018/3/1 22:21:08 房间 3：电视于(690.4,242)被生成
2018/3/1 22:21:07 房间 3：敌对魔兽2被加上Buff fire
2018/3/1 22:21:03 房间 3：敌对魔兽4被加上Buff fire
2018/3/1 22:21:03 房间 3：敌对魔兽5被加上Buff fire
2018/3/1 22:21:02 房间 3：玩家3把迪莫放在了(396,90)
2018/3/1 22:21:02 房间 3：电视于(731.4,394)被生成
2018/3/1 22:21:00 房间 3：敌对魔兽2被加上Buff fire
2018/3/1 22:21:00 房间 3：魔兽17被使用滑稽能量
2018/3/1 22:21:00 房间 3：敌对魔兽4被加上Buff fire
2018/3/1 22:20:59 房间 3：404说：“噗哈哈”
2018/3/1 22:20:58 房间 3：幽灵之花于(985,242)被生成
2018/3/1 22:20:58 房间 3：深空莲花于(985,394)被生成
2018/3/1 22:20:58 房间 3：深空莲花于(985,394)被生成
2018/3/1 22:20:58 房间 3：恶魔于(985,394)被生成
2018/3/1 22:20:58 房间 3：电视于(689.4,166)被生成
2018/3/1 22:20:56 房间 3：魔兽18被使用滑稽能量
2018/3/1 22:20:54 房间 3：小小白说：“没关系的，反正又感觉不到”
2018/3/1 22:20:54 房间 3：敌对魔兽1被加上Buff fire
2018/3/1 22:20:53 房间 3：敌对魔兽2被加上Buff fire
2018/3/1 22:20:52 房间 3：敌对魔兽3被加上Buff fire
2018/3/1 22:20:49 房间 3：魔兽17被使用滑稽能量
2018/3/1 22:20:48 房间 3：敌对魔兽8被加上Buff fire
2018/3/1 22:20:48 房间 3：敌对魔兽12被加上Buff fire
2018/3/1 22:20:48 房间 3：敌对魔兽21被加上Buff fire
2018/3/1 22:20:48 日志太长了，已经将它保存并且清空了屏幕。

