2018/3/1 22:44:32 房间 3：电视于(754.4,394)被生成
2018/3/1 22:44:31 房间 3：敌对魔兽1被加上Buff ice
2018/3/1 22:44:28 房间 3：电视于(666.4,166)被生成
2018/3/1 22:44:28 房间 3：魔兽27被使用滑稽能量
2018/3/1 22:44:25 房间 3：电视于(737.4,394)被生成
2018/3/1 22:44:22 房间 3：敌对魔兽3被加上Buff ice
2018/3/1 22:44:21 房间 3：电视于(724.4,318)被生成
2018/3/1 22:44:20 房间 3：魔蝠于(985,242)被生成
2018/3/1 22:44:20 房间 3：恶魔于(985,90)被生成
2018/3/1 22:44:20 房间 3：恶魔于(985,166)被生成
2018/3/1 22:44:20 房间 3：魔蝠于(985,394)被生成
2018/3/1 22:44:16 房间 3：魔兽18被使用滑稽能量
2018/3/1 22:44:14 房间 3：敌对魔兽1被加上Buff fire
2018/3/1 22:44:10 房间 3：魔兽26被使用滑稽能量
2018/3/1 22:44:09 房间 3：幽灵之花于(985,166)被生成
2018/3/1 22:44:09 房间 3：恶魔于(985,318)被生成
2018/3/1 22:44:09 房间 3：幽灵之花于(985,318)被生成
2018/3/1 22:44:09 房间 3：巫师于(985,242)被生成
2018/3/1 22:44:08 房间 3：敌对魔兽1被加上Buff ice
2018/3/1 22:44:03 房间 3：玩家3把微软放在了(168,318)
2018/3/1 22:44:03 房间 3：魔兽6被使用滑稽能量
2018/3/1 22:44:02 房间 3：敌对魔兽4被加上Buff ice
2018/3/1 22:44:01 房间 3：敌对魔兽7被加上Buff ice
2018/3/1 22:43:59 房间 3：敌对魔兽3被加上Buff ice
2018/3/1 22:43:58 房间 3：幽灵之花于(985,394)被生成
2018/3/1 22:43:58 房间 3：幽灵之花于(985,318)被生成
2018/3/1 22:43:58 房间 3：魔花于(985,90)被生成
2018/3/1 22:43:58 房间 3：幽灵之花于(985,166)被生成
2018/3/1 22:43:55 房间 3：敌对魔兽1被加上Buff ice
2018/3/1 22:43:52 房间 3：敌对魔兽13被加上Buff fire
2018/3/1 22:43:52 房间 3：敌对魔兽18被加上Buff fire
2018/3/1 22:43:51 房间 3：敌对魔兽17被加上Buff fire
2018/3/1 22:43:51 房间 3：敌对魔兽13被加上Buff fire
2018/3/1 22:43:50 房间 3：敌对魔兽12被加上Buff ice
2018/3/1 22:43:50 房间 3：敌对魔兽21被加上Buff fire
2018/3/1 22:43:50 房间 3：敌对魔兽12被加上Buff ice
2018/3/1 22:43:49 房间 3：魔兽27被使用滑稽能量
2018/3/1 22:43:47 房间 3：幽灵之花于(985,318)被生成
2018/3/1 22:43:47 房间 3：幽灵之花于(985,166)被生成
2018/3/1 22:43:47 房间 3：幽灵之花于(985,318)被生成
2018/3/1 22:43:47 房间 3：幽灵之花于(985,242)被生成
2018/3/1 22:43:47 房间 3：魔花于(985,90)被生成
2018/3/1 22:43:47 房间 3：幽灵之花于(985,394)被生成
2018/3/1 22:43:47 房间 3：魔花于(985,242)被生成
2018/3/1 22:43:47 房间 3：幽灵之花于(985,242)被生成
2018/3/1 22:43:47 房间 3：幽灵之花于(985,90)被生成
2018/3/1 22:43:47 房间 3：幽灵之花于(985,90)被生成
2018/3/1 22:43:47 房间 3：魔花于(985,90)被生成
2018/3/1 22:43:47 房间 3：幽灵之花于(985,242)被生成
2018/3/1 22:43:47 房间 3：幽灵之花于(985,90)被生成
2018/3/1 22:43:47 房间 3：幽灵之花于(985,166)被生成
2018/3/1 22:43:47 房间 3：魔花于(985,166)被生成
2018/3/1 22:43:47 房间 3：幽灵之花于(985,394)被生成
2018/3/1 22:43:47 房间 3：幽灵之花于(985,318)被生成
2018/3/1 22:43:47 房间 3：幽灵之花于(985,166)被生成
2018/3/1 22:43:47 房间 3：幽灵之花于(985,318)被生成
2018/3/1 22:43:47 房间 3：幽灵之花于(985,166)被生成
2018/3/1 22:43:47 房间 3：幽灵之花于(985,242)被生成
2018/3/1 22:43:47 房间 3：魔花于(985,166)被生成
2018/3/1 22:43:47 房间 3：魔花于(985,166)被生成
2018/3/1 22:43:47 房间 3：幽灵之花于(985,394)被生成
2018/3/1 22:43:41 房间 3：魔兽7被使用滑稽能量
2018/3/1 22:43:41 房间 3：敌对魔兽1被加上Buff ice
2018/3/1 22:43:40 房间 3：电视于(619.4,90)被生成
2018/3/1 22:43:35 房间 3：幽灵之花于(985,318)被生成
2018/3/1 22:43:35 房间 3：幽灵之花于(985,394)被生成
2018/3/1 22:43:35 房间 3：幽灵之花于(985,242)被生成
2018/3/1 22:43:35 房间 3：幽灵之花于(985,394)被生成
2018/3/1 22:43:33 房间 3：魔兽19被使用滑稽能量
2018/3/1 22:43:28 房间 3：敌对魔兽4被加上Buff fire
2018/3/1 22:43:28 房间 3：敌对魔兽1被加上Buff ice
2018/3/1 22:43:24 房间 3：玩家1把千羽鹤放在了(396,318)
2018/3/1 22:43:24 房间 3：幽灵之花于(985,394)被生成
2018/3/1 22:43:24 房间 3：魔花于(985,166)被生成
2018/3/1 22:43:24 房间 3：魔花于(985,90)被生成
2018/3/1 22:43:24 房间 3：魔花于(985,90)被生成
2018/3/1 22:43:24 房间 3：玩家1把麒麟放在了(396,242)
2018/3/1 22:43:23 房间 3：玩家1把冰雪兽放在了(396,166)
2018/3/1 22:43:22 房间 3：玩家1把黑嘴放在了(320,242)
2018/3/1 22:43:20 房间 3：魔兽18被删除
2018/3/1 22:43:19 房间 3：魔兽7被删除
2018/3/1 22:43:19 房间 3：魔兽15被删除
2018/3/1 22:43:19 房间 3：魔兽5被删除
2018/3/1 22:43:16 房间 3：敌对魔兽2被加上Buff ice
2018/3/1 22:43:15 房间 3：敌对魔兽2被加上Buff ice
2018/3/1 22:43:15 房间 3：敌对魔兽2被加上Buff ice
2018/3/1 22:43:14 房间 3：电视于(591.4,166)被生成
2018/3/1 22:43:14 房间 3：敌对魔兽5被加上Buff fire
2018/3/1 22:43:13 房间 3：敌对魔兽4被加上Buff ice
2018/3/1 22:43:13 房间 3：幽灵之花于(985,318)被生成
2018/3/1 22:43:13 房间 3：魔花于(985,318)被生成
2018/3/1 22:43:13 房间 3：幽灵之花于(985,166)被生成
2018/3/1 22:43:13 房间 3：魔花于(985,90)被生成
2018/3/1 22:43:12 房间 3：电视于(591.4,242)被生成
2018/3/1 22:43:11 房间 3：敌对魔兽1被加上Buff ice
2018/3/1 22:43:09 房间 3：敌对魔兽10被加上Buff fire
2018/3/1 22:43:09 房间 3：魔兽13被使用滑稽能量
2018/3/1 22:43:08 房间 3：敌对魔兽16被加上Buff fire
2018/3/1 22:43:08 房间 3：敌对魔兽1被加上Buff fire
2018/3/1 22:43:06 房间 3：敌对魔兽13被加上Buff fire
2018/3/1 22:43:06 房间 3：敌对魔兽5被加上Buff fire
2018/3/1 22:43:05 房间 3：敌对魔兽11被加上Buff fire
2018/3/1 22:43:05 房间 3：敌对魔兽21被加上Buff fire
2018/3/1 22:43:05 房间 3：敌对魔兽19被加上Buff fire
2018/3/1 22:43:05 房间 3：敌对魔兽11被加上Buff fire
2018/3/1 22:43:05 房间 3：敌对魔兽11被加上Buff fire
2018/3/1 22:43:02 房间 3：幽灵之花于(985,90)被生成
2018/3/1 22:43:02 房间 3：魔花于(985,318)被生成
2018/3/1 22:43:02 房间 3：幽灵之花于(985,242)被生成
2018/3/1 22:43:02 房间 3：魔花于(985,242)被生成
2018/3/1 22:43:02 房间 3：幽灵之花于(985,242)被生成
2018/3/1 22:43:02 房间 3：幽灵之花于(985,394)被生成
2018/3/1 22:43:02 房间 3：魔花于(985,242)被生成
2018/3/1 22:43:02 房间 3：幽灵之花于(985,166)被生成
2018/3/1 22:43:02 房间 3：魔花于(985,242)被生成
2018/3/1 22:43:02 房间 3：幽灵之花于(985,242)被生成
2018/3/1 22:43:02 房间 3：幽灵之花于(985,242)被生成
2018/3/1 22:43:02 房间 3：魔花于(985,394)被生成
2018/3/1 22:43:02 房间 3：幽灵之花于(985,318)被生成
2018/3/1 22:43:02 房间 3：幽灵之花于(985,394)被生成
2018/3/1 22:43:02 房间 3：幽灵之花于(985,318)被生成
2018/3/1 22:43:02 房间 3：幽灵之花于(985,166)被生成
2018/3/1 22:43:02 日志太长了，已经将它保存并且清空了屏幕。

