2018/3/1 21:36:01 房间 1：玩家2把滑稽之花放在了(168,166)
2018/3/1 21:36:01 房间 1：玩家2把滑稽之花放在了(168,90)
2018/3/1 21:36:01 房间 1：玩家2把无面花放在了(168,166)
2018/3/1 21:36:01 房间 1：玩家2把滑稽之花放在了(168,242)
2018/3/1 21:36:01 房间 1：玩家2把微软放在了(320,394)
2018/3/1 21:36:01 房间 1：玩家2把滑稽之花放在了(168,166)
2018/3/1 21:36:01 房间 1：玩家2把滑稽之花放在了(168,90)
2018/3/1 21:36:01 房间 1：玩家2把无面花放在了(168,166)
2018/3/1 21:36:00 房间 1：玩家1把滑稽之花放在了(168,242)
2018/3/1 21:36:00 房间 1：玩家2把微软放在了(320,394)
2018/3/1 21:36:00 房间 1：玩家2把滑稽之花放在了(168,166)
2018/3/1 21:36:00 房间 1：玩家2把滑稽之花放在了(168,90)
2018/3/1 21:36:00 房间 1：玩家2把无面花放在了(168,166)
2018/3/1 21:36:00 房间 1：玩家2把微软放在了(320,394)
2018/3/1 21:36:00 房间 1：玩家2把滑稽之花放在了(168,166)
2018/3/1 21:36:00 房间 1：玩家2把滑稽之花放在了(168,90)
2018/3/1 21:36:00 房间 1：玩家2把无面花放在了(168,166)
2018/3/1 21:36:00 房间 1：玩家2把微软放在了(320,394)
2018/3/1 21:36:00 房间 1：玩家2把滑稽之花放在了(168,166)
2018/3/1 21:35:59 房间 1：玩家2把滑稽之花放在了(168,90)
2018/3/1 21:35:59 房间 1：玩家2把无面花放在了(168,166)
2018/3/1 21:35:59 房间 1：玩家2把微软放在了(320,394)
2018/3/1 21:35:59 房间 1：玩家2把滑稽之花放在了(168,166)
2018/3/1 21:35:59 房间 1：玩家2把滑稽之花放在了(168,90)
2018/3/1 21:35:59 房间 1：玩家2把无面花放在了(168,166)
2018/3/1 21:35:59 房间 1：玩家2把微软放在了(320,394)
2018/3/1 21:35:59 房间 1：玩家2把滑稽之花放在了(168,166)
2018/3/1 21:35:59 房间 1：玩家2把滑稽之花放在了(168,90)
2018/3/1 21:35:59 房间 1：玩家2把无面花放在了(168,166)
2018/3/1 21:35:59 房间 1：玩家2把微软放在了(320,394)
2018/3/1 21:35:59 房间 1：玩家2把滑稽之花放在了(168,166)
2018/3/1 21:35:58 房间 1：玩家2把滑稽之花放在了(168,90)
2018/3/1 21:35:58 房间 1：玩家2把无面花放在了(168,166)
2018/3/1 21:35:58 房间 1：玩家2把微软放在了(320,394)
2018/3/1 21:35:58 房间 1：玩家2把滑稽之花放在了(168,166)
2018/3/1 21:35:58 房间 1：玩家2把滑稽之花放在了(168,90)
2018/3/1 21:35:58 房间 1：玩家2把无面花放在了(168,166)
2018/3/1 21:35:58 房间 1：玩家2把微软放在了(320,394)
2018/3/1 21:35:58 房间 1：玩家2把滑稽之花放在了(168,166)
2018/3/1 21:35:58 房间 1：玩家2把滑稽之花放在了(168,90)
2018/3/1 21:35:58 房间 1：玩家2把无面花放在了(168,166)
2018/3/1 21:35:58 房间 1：玩家2把微软放在了(320,394)
2018/3/1 21:35:58 房间 1：玩家2把滑稽之花放在了(168,166)
2018/3/1 21:35:58 房间 1：玩家2把滑稽之花放在了(168,90)
2018/3/1 21:35:58 房间 1：玩家2把无面花放在了(168,166)
2018/3/1 21:35:57 房间 1：玩家2把微软放在了(320,394)
2018/3/1 21:35:57 房间 1：玩家2把滑稽之花放在了(168,166)
2018/3/1 21:35:57 房间 1：玩家2把滑稽之花放在了(168,90)
2018/3/1 21:35:57 房间 1：玩家2把无面花放在了(168,166)
2018/3/1 21:35:57 房间 1：玩家2把微软放在了(320,394)
2018/3/1 21:35:57 房间 1：玩家2把滑稽之花放在了(168,166)
2018/3/1 21:35:57 房间 1：玩家2把滑稽之花放在了(168,90)
2018/3/1 21:35:57 房间 1：玩家2把无面花放在了(168,166)
2018/3/1 21:35:57 房间 1：玩家1把微软放在了(320,394)
2018/3/1 21:35:57 房间 1：玩家2把滑稽之花放在了(168,166)
2018/3/1 21:35:57 房间 1：玩家2把滑稽之花放在了(168,90)
2018/3/1 21:35:57 房间 1：玩家2把无面花放在了(168,166)
2018/3/1 21:35:57 房间 1：玩家2把滑稽之花放在了(168,166)
2018/3/1 21:35:56 房间 1：玩家2把滑稽之花放在了(168,90)
2018/3/1 21:35:56 房间 1：玩家2把无面花放在了(168,166)
2018/3/1 21:35:56 房间 1：玩家2把滑稽之花放在了(168,166)
2018/3/1 21:35:56 房间 1：玩家2把滑稽之花放在了(168,90)
2018/3/1 21:35:56 房间 1：玩家2把无面花放在了(168,166)
2018/3/1 21:35:56 房间 1：玩家2把滑稽之花放在了(168,166)
2018/3/1 21:35:56 房间 1：玩家2把滑稽之花放在了(168,90)
2018/3/1 21:35:56 房间 1：玩家2把无面花放在了(168,166)
2018/3/1 21:35:55 房间 1：玩家2把滑稽之花放在了(168,166)
2018/3/1 21:35:55 房间 1：电视于(621.4,90)被生成
2018/3/1 21:35:55 房间 1：玩家2把滑稽之花放在了(168,90)
2018/3/1 21:35:55 房间 1：玩家2把无面花放在了(168,166)
2018/3/1 21:35:55 房间 1：玩家2把滑稽之花放在了(168,166)
2018/3/1 21:35:55 房间 1：玩家2把滑稽之花放在了(168,90)
2018/3/1 21:35:55 房间 1：玩家2把无面花放在了(168,166)
2018/3/1 21:35:55 房间 1：玩家2把滑稽之花放在了(168,166)
2018/3/1 21:35:55 房间 1：玩家2把滑稽之花放在了(168,90)
2018/3/1 21:35:55 房间 1：玩家2把无面花放在了(168,166)
2018/3/1 21:35:54 房间 1：玩家2把滑稽之花放在了(168,166)
2018/3/1 21:35:54 房间 1：玩家2把滑稽之花放在了(168,90)
2018/3/1 21:35:54 房间 1：玩家2把无面花放在了(168,166)
2018/3/1 21:35:54 房间 1：玩家1把滑稽之花放在了(168,166)
2018/3/1 21:35:54 房间 1：玩家2把滑稽之花放在了(168,90)
2018/3/1 21:35:54 房间 1：玩家2把无面花放在了(168,166)
2018/3/1 21:35:53 房间 1：玩家2把滑稽之花放在了(168,90)
2018/3/1 21:35:53 房间 1：玩家2把无面花放在了(168,166)
2018/3/1 21:35:53 房间 1：玩家2把滑稽之花放在了(168,90)
2018/3/1 21:35:53 房间 1：玩家2把无面花放在了(168,166)
2018/3/1 21:35:52 房间 1：玩家2把滑稽之花放在了(168,90)
2018/3/1 21:35:52 房间 1：玩家2把无面花放在了(168,166)
2018/3/1 21:35:52 房间 1：电视于(700.4,394)被生成
2018/3/1 21:35:52 房间 1：玩家2把滑稽之花放在了(168,90)
2018/3/1 21:35:52 房间 1：玩家2把无面花放在了(168,166)
2018/3/1 21:35:52 房间 1：玩家2把滑稽之花放在了(168,90)
2018/3/1 21:35:52 房间 1：玩家2把无面花放在了(168,166)
2018/3/1 21:35:52 房间 1：玩家2把滑稽之花放在了(168,90)
2018/3/1 21:35:51 房间 1：玩家2把无面花放在了(168,166)
2018/3/1 21:35:51 房间 1：玩家2把滑稽之花放在了(168,90)
2018/3/1 21:35:51 房间 1：玩家2把无面花放在了(168,166)
2018/3/1 21:35:51 房间 1：玩家2把滑稽之花放在了(168,90)
2018/3/1 21:35:51 房间 1：玩家2把无面花放在了(168,166)
2018/3/1 21:35:50 房间 1：玩家2把滑稽之花放在了(168,90)
2018/3/1 21:35:50 房间 1：玩家2把无面花放在了(168,166)
2018/3/1 21:35:50 房间 1：玩家2把滑稽之花放在了(168,90)
2018/3/1 21:35:50 房间 1：玩家2把滑稽之花放在了(168,90)
2018/3/1 21:35:50 房间 1：玩家2把滑稽之花放在了(168,90)
2018/3/1 21:35:49 房间 1：玩家2把滑稽之花放在了(168,90)
2018/3/1 21:35:49 房间 1：玩家2把滑稽之花放在了(168,90)
2018/3/1 21:35:49 房间 1：玩家2把滑稽之花放在了(168,90)
2018/3/1 21:35:48 房间 1：玩家2把滑稽之花放在了(168,90)
2018/3/1 21:35:48 房间 1：玩家1把滑稽之花放在了(168,90)
2018/3/1 21:35:41 获取玩家2的名字为404
2018/3/1 21:35:41 玩家2加入了房间1，开始战斗。
2018/3/1 21:35:39 玩家2 连接到了服务器。
2018/3/1 21:35:10 获取玩家1的名字为uvwxyz
2018/3/1 21:35:10 玩家1创建了房间
2018/3/1 21:35:10 玩家1 连接到了服务器。
2018/3/1 21:34:47 服务端启动。

