2018/3/1 21:31:20 房间 1：玩家1把无面花放在了(168,242)
2018/3/1 21:31:20 房间 1：玩家1把滑稽之花放在了(168,394)
2018/3/1 21:31:20 房间 1：玩家1把微软放在了(320,90)
2018/3/1 21:31:20 房间 1：玩家1把微软放在了(396,318)
2018/3/1 21:31:20 房间 1：玩家1把微软放在了(320,242)
2018/3/1 21:31:20 房间 1：玩家1把骑士放在了(320,394)
2018/3/1 21:31:20 房间 1：玩家1把微软放在了(320,318)
2018/3/1 21:31:20 房间 1：玩家1把滑稽之花放在了(244,318)
2018/3/1 21:31:20 房间 1：玩家1把骑士放在了(396,394)
2018/3/1 21:31:20 房间 1：玩家1把滑稽之花放在了(244,394)
2018/3/1 21:31:20 房间 1：玩家1把无面花放在了(168,242)
2018/3/1 21:31:20 房间 1：玩家1把滑稽之花放在了(168,394)
2018/3/1 21:31:20 房间 1：玩家1把微软放在了(320,90)
2018/3/1 21:31:20 房间 1：玩家1把微软放在了(396,318)
2018/3/1 21:31:20 房间 1：玩家1把微软放在了(320,242)
2018/3/1 21:31:20 房间 1：玩家1把骑士放在了(320,394)
2018/3/1 21:31:20 房间 1：玩家1把微软放在了(320,318)
2018/3/1 21:31:20 房间 1：玩家1把滑稽之花放在了(244,318)
2018/3/1 21:31:20 房间 1：玩家1把骑士放在了(396,394)
2018/3/1 21:31:20 房间 1：幽灵之花于(985,90)被生成
2018/3/1 21:31:20 房间 1：魔花于(985,166)被生成
2018/3/1 21:31:20 房间 1：幽灵之花于(985,394)被生成
2018/3/1 21:31:20 房间 1：幽灵之花于(985,242)被生成
2018/3/1 21:31:19 房间 1：玩家1把滑稽之花放在了(244,394)
2018/3/1 21:31:19 房间 1：玩家1把无面花放在了(168,242)
2018/3/1 21:31:19 房间 1：玩家1把滑稽之花放在了(168,394)
2018/3/1 21:31:19 房间 1：玩家1把微软放在了(320,90)
2018/3/1 21:31:19 房间 1：玩家1把微软放在了(396,318)
2018/3/1 21:31:19 房间 1：玩家1把微软放在了(320,242)
2018/3/1 21:31:19 房间 1：玩家1把骑士放在了(320,394)
2018/3/1 21:31:19 房间 1：玩家1把微软放在了(320,318)
2018/3/1 21:31:19 房间 1：玩家1把滑稽之花放在了(244,318)
2018/3/1 21:31:19 房间 1：玩家1把骑士放在了(396,394)
2018/3/1 21:31:18 房间 1：玩家1把滑稽之花放在了(244,394)
2018/3/1 21:31:18 房间 1：玩家1把无面花放在了(168,242)
2018/3/1 21:31:18 房间 1：玩家1把滑稽之花放在了(168,394)
2018/3/1 21:31:18 房间 1：玩家1把微软放在了(320,90)
2018/3/1 21:31:18 房间 1：玩家1把微软放在了(396,318)
2018/3/1 21:31:18 房间 1：玩家1把微软放在了(320,242)
2018/3/1 21:31:18 房间 1：玩家1把骑士放在了(320,394)
2018/3/1 21:31:18 房间 1：玩家1把微软放在了(320,318)
2018/3/1 21:31:18 房间 1：玩家1把滑稽之花放在了(244,318)
2018/3/1 21:31:18 房间 1：玩家1把骑士放在了(396,394)
2018/3/1 21:31:18 房间 1：电视于(677.4,394)被生成
2018/3/1 21:31:18 房间 1：玩家1把滑稽之花放在了(244,394)
2018/3/1 21:31:18 房间 1：玩家1把无面花放在了(168,242)
2018/3/1 21:31:18 房间 1：玩家1把滑稽之花放在了(168,394)
2018/3/1 21:31:18 房间 1：玩家1把微软放在了(320,90)
2018/3/1 21:31:18 房间 1：玩家1把微软放在了(396,318)
2018/3/1 21:31:18 房间 1：玩家1把微软放在了(320,242)
2018/3/1 21:31:18 房间 1：玩家1把骑士放在了(320,394)
2018/3/1 21:31:18 房间 1：玩家1把微软放在了(320,318)
2018/3/1 21:31:18 房间 1：玩家1把滑稽之花放在了(244,318)
2018/3/1 21:31:18 房间 1：玩家1把骑士放在了(396,394)
2018/3/1 21:31:17 房间 1：玩家1把滑稽之花放在了(244,394)
2018/3/1 21:31:17 房间 1：玩家1把无面花放在了(168,242)
2018/3/1 21:31:17 房间 1：玩家1把滑稽之花放在了(168,394)
2018/3/1 21:31:17 房间 1：玩家1把微软放在了(320,90)
2018/3/1 21:31:17 房间 1：玩家1把微软放在了(396,318)
2018/3/1 21:31:17 房间 1：玩家1把微软放在了(320,242)
2018/3/1 21:31:17 房间 1：玩家1把骑士放在了(320,394)
2018/3/1 21:31:17 房间 1：玩家1把微软放在了(320,318)
2018/3/1 21:31:17 房间 1：玩家1把滑稽之花放在了(244,318)
2018/3/1 21:31:17 房间 1：玩家1把骑士放在了(396,394)
2018/3/1 21:31:17 房间 1：玩家1把滑稽之花放在了(244,394)
2018/3/1 21:31:17 房间 1：玩家1把无面花放在了(168,242)
2018/3/1 21:31:17 房间 1：玩家1把滑稽之花放在了(168,394)
2018/3/1 21:31:17 房间 1：玩家1把微软放在了(320,90)
2018/3/1 21:31:17 房间 1：玩家1把微软放在了(396,318)
2018/3/1 21:31:17 房间 1：玩家1把微软放在了(320,242)
2018/3/1 21:31:17 房间 1：玩家1把骑士放在了(320,394)
2018/3/1 21:31:17 房间 1：玩家1把微软放在了(320,318)
2018/3/1 21:31:17 房间 1：玩家1把滑稽之花放在了(244,318)
2018/3/1 21:31:17 房间 1：玩家1把骑士放在了(396,394)
2018/3/1 21:31:16 房间 1：玩家1把滑稽之花放在了(244,394)
2018/3/1 21:31:16 房间 1：玩家1把无面花放在了(168,242)
2018/3/1 21:31:16 房间 1：玩家1把滑稽之花放在了(168,394)
2018/3/1 21:31:16 房间 1：玩家1把微软放在了(320,90)
2018/3/1 21:31:16 房间 1：玩家1把微软放在了(396,318)
2018/3/1 21:31:16 房间 1：玩家1把微软放在了(320,242)
2018/3/1 21:31:16 房间 1：玩家1把骑士放在了(320,394)
2018/3/1 21:31:16 房间 1：玩家1把微软放在了(320,318)
2018/3/1 21:31:16 房间 1：玩家1把滑稽之花放在了(244,318)
2018/3/1 21:31:16 房间 1：玩家1把骑士放在了(396,394)
2018/3/1 21:31:16 房间 1：玩家1把滑稽之花放在了(244,394)
2018/3/1 21:31:16 房间 1：玩家1把无面花放在了(168,242)
2018/3/1 21:31:16 房间 1：玩家1把滑稽之花放在了(168,394)
2018/3/1 21:31:16 房间 1：玩家1把微软放在了(320,90)
2018/3/1 21:31:16 房间 1：玩家1把微软放在了(396,318)
2018/3/1 21:31:16 房间 1：玩家1把微软放在了(320,242)
2018/3/1 21:31:16 房间 1：玩家1把骑士放在了(320,394)
2018/3/1 21:31:16 房间 1：玩家1把微软放在了(320,318)
2018/3/1 21:31:16 房间 1：玩家1把滑稽之花放在了(244,318)
2018/3/1 21:31:16 房间 1：玩家1把骑士放在了(396,394)
2018/3/1 21:31:16 房间 1：玩家1把滑稽之花放在了(244,394)
2018/3/1 21:31:16 房间 1：玩家1把无面花放在了(168,242)
2018/3/1 21:31:16 房间 1：玩家1把滑稽之花放在了(168,394)
2018/3/1 21:31:16 房间 1：玩家1把微软放在了(320,90)
2018/3/1 21:31:16 房间 1：玩家1把微软放在了(396,318)
2018/3/1 21:31:16 房间 1：玩家1把微软放在了(320,242)
2018/3/1 21:31:16 房间 1：玩家1把骑士放在了(320,394)
2018/3/1 21:31:16 房间 1：玩家1把微软放在了(320,318)
2018/3/1 21:31:16 房间 1：玩家1把滑稽之花放在了(244,318)
2018/3/1 21:31:16 房间 1：玩家1把骑士放在了(396,394)
2018/3/1 21:31:15 房间 1：玩家1把滑稽之花放在了(244,394)
2018/3/1 21:31:15 房间 1：玩家1把无面花放在了(168,242)
2018/3/1 21:31:15 房间 1：玩家1把滑稽之花放在了(168,394)
2018/3/1 21:31:15 房间 1：玩家1把微软放在了(320,90)
2018/3/1 21:31:15 房间 1：玩家1把微软放在了(396,318)
2018/3/1 21:31:15 房间 1：玩家1把微软放在了(320,242)
2018/3/1 21:31:15 房间 1：玩家1把骑士放在了(320,394)
2018/3/1 21:31:15 房间 1：玩家1把微软放在了(320,318)
2018/3/1 21:31:15 房间 1：玩家1把滑稽之花放在了(244,318)
2018/3/1 21:31:15 房间 1：玩家1把骑士放在了(396,394)
2018/3/1 21:31:14 房间 1：玩家1把滑稽之花放在了(244,394)
2018/3/1 21:31:14 日志太长了，已经将它保存并且清空了屏幕。

