2018/3/1 22:41:01 房间 3：魔兽1被使用滑稽能量
2018/3/1 22:41:00 房间 3：玩家1把无面花放在了(168,166)
2018/3/1 22:40:58 房间 3：玩家3把滑稽之花放在了(168,90)
2018/3/1 22:40:58 房间 3：404说：“神速啊”
2018/3/1 22:40:52 房间 3：电视于(581.4,242)被生成
2018/3/1 22:40:49 获取玩家1的名字为404
2018/3/1 22:40:49 玩家1加入了房间3，开始战斗。
2018/3/1 22:40:49 玩家1 连接到了服务器。
2018/3/1 22:40:49 获取玩家3的名字为uvwxyz
2018/3/1 22:40:49 玩家3创建了房间
2018/3/1 22:40:49 玩家3 连接到了服务器。
2018/3/1 22:40:09 玩家1 退出了游戏 .
2018/3/1 22:40:07 房间 1：电视于(677.4,318)被生成
2018/3/1 22:40:01 房间 1：魔花于(985,90)被生成
2018/3/1 22:40:01 房间 1：幽灵之花于(985,242)被生成
2018/3/1 22:40:01 房间 1：魔花于(985,166)被生成
2018/3/1 22:40:01 房间 1：幽灵之花于(985,166)被生成
2018/3/1 22:40:00 房间 1：电视于(646.4,242)被生成
2018/3/1 22:39:57 玩家2 退出了游戏 .
2018/3/1 22:39:57 房间 1：玩家1把滑稽之花放在了(548,394)
2018/3/1 22:39:54 房间 1：玩家1把骑士放在了(472,394)
2018/3/1 22:39:53 房间 1：电视于(646.4,394)被生成
2018/3/1 22:39:52 房间 1：玩家1把微软放在了(472,166)
2018/3/1 22:39:50 房间 1：魔花于(985,318)被生成
2018/3/1 22:39:50 房间 1：魔花于(985,242)被生成
2018/3/1 22:39:50 房间 1：幽灵之花于(985,90)被生成
2018/3/1 22:39:50 房间 1：幽灵之花于(985,90)被生成
2018/3/1 22:39:47 房间 1：魔兽16被使用滑稽能量
2018/3/1 22:39:45 房间 1：电视于(569.4,394)被生成
2018/3/1 22:39:39 房间 1：幽灵之花于(985,242)被生成
2018/3/1 22:39:39 房间 1：魔花于(985,90)被生成
2018/3/1 22:39:39 房间 1：魔花于(985,318)被生成
2018/3/1 22:39:39 房间 1：幽灵之花于(985,166)被生成
2018/3/1 22:39:35 房间 1：404说：“fffffffff”
2018/3/1 22:39:34 房间 1：玩家1把骑士放在了(472,318)
2018/3/1 22:39:32 房间 1：玩家1把微软放在了(396,166)
2018/3/1 22:39:30 房间 1：uvwxyz说：“2333”
2018/3/1 22:39:28 房间 1：幽灵之花于(985,394)被生成
2018/3/1 22:39:28 房间 1：幽灵之花于(985,318)被生成
2018/3/1 22:39:28 房间 1：幽灵之花于(985,166)被生成
2018/3/1 22:39:28 房间 1：幽灵之花于(985,242)被生成
2018/3/1 22:39:28 房间 1：魔花于(985,318)被生成
2018/3/1 22:39:28 房间 1：幽灵之花于(985,318)被生成
2018/3/1 22:39:28 房间 1：魔花于(985,394)被生成
2018/3/1 22:39:28 房间 1：魔花于(985,166)被生成
2018/3/1 22:39:28 房间 1：幽灵之花于(985,166)被生成
2018/3/1 22:39:28 房间 1：魔花于(985,394)被生成
2018/3/1 22:39:28 房间 1：魔花于(985,166)被生成
2018/3/1 22:39:28 房间 1：幽灵之花于(985,166)被生成
2018/3/1 22:39:28 房间 1：魔花于(985,90)被生成
2018/3/1 22:39:28 房间 1：幽灵之花于(985,318)被生成
2018/3/1 22:39:28 房间 1：幽灵之花于(985,242)被生成
2018/3/1 22:39:28 房间 1：幽灵之花于(985,242)被生成
2018/3/1 22:39:28 房间 1：幽灵之花于(985,90)被生成
2018/3/1 22:39:28 房间 1：幽灵之花于(985,318)被生成
2018/3/1 22:39:28 房间 1：魔花于(985,242)被生成
2018/3/1 22:39:28 房间 1：幽灵之花于(985,166)被生成
2018/3/1 22:39:28 房间 1：幽灵之花于(985,318)被生成
2018/3/1 22:39:28 房间 1：幽灵之花于(985,242)被生成
2018/3/1 22:39:28 房间 1：幽灵之花于(985,318)被生成
2018/3/1 22:39:28 房间 1：幽灵之花于(985,394)被生成
2018/3/1 22:39:28 房间 1：蜘蛛怪于(577.4,318)被生成
2018/3/1 22:39:28 房间 1：蜘蛛怪于(576.4,394)被生成
2018/3/1 22:39:28 房间 1：蜘蛛怪于(630.4,90)被生成
2018/3/1 22:39:28 房间 1：蜘蛛怪于(684.4,318)被生成
2018/3/1 22:39:28 房间 1：蜘蛛怪于(597.4,394)被生成
2018/3/1 22:39:28 房间 1：贞子于(608.4,318)被生成
2018/3/1 22:39:28 房间 1：电视于(644.4,318)被生成
2018/3/1 22:39:24 房间 1：404说：“ffff”
2018/3/1 22:39:22 房间 1：404说：“我这里出错了”
2018/3/1 22:39:20 房间 1：玩家1把微软放在了(320,394)
2018/3/1 22:39:19 房间 1：玩家1把骑士放在了(396,394)
2018/3/1 22:39:17 房间 1：幽灵之花于(985,90)被生成
2018/3/1 22:39:17 房间 1：魔花于(985,166)被生成
2018/3/1 22:39:17 房间 1：魔花于(985,318)被生成
2018/3/1 22:39:17 房间 1：幽灵之花于(985,318)被生成
2018/3/1 22:39:16 房间 1：玩家2把黑嘴放在了(396,242)
2018/3/1 22:39:07 房间 1：玩家1把滑稽之花放在了(320,242)
2018/3/1 22:39:06 房间 1：幽灵之花于(985,318)被生成
2018/3/1 22:39:06 房间 1：魔花于(985,166)被生成
2018/3/1 22:39:06 房间 1：魔花于(985,394)被生成
2018/3/1 22:39:06 房间 1：幽灵之花于(985,242)被生成
2018/3/1 22:39:05 房间 1：玩家1把骑士放在了(320,90)
2018/3/1 22:39:04 房间 1：玩家1把微软放在了(396,90)
2018/3/1 22:39:02 房间 1：uvwxyz说：“钦定的VIP”
2018/3/1 22:38:59 房间 1：电视于(720.4,166)被生成
2018/3/1 22:38:56 房间 1：uvwxyz说：“我操”
2018/3/1 22:38:56 房间 1：玩家2把千羽鹤放在了(244,394)
2018/3/1 22:38:55 房间 1：幽灵之花于(985,318)被生成
2018/3/1 22:38:55 房间 1：魔花于(985,90)被生成
2018/3/1 22:38:55 房间 1：幽灵之花于(985,394)被生成
2018/3/1 22:38:55 房间 1：幽灵之花于(985,318)被生成
2018/3/1 22:38:53 房间 1：魔兽13被删除
2018/3/1 22:38:49 房间 1：404说：“233我初始滑稽果多”
2018/3/1 22:38:47 房间 1：玩家1把滑稽之花放在了(244,394)
2018/3/1 22:38:44 房间 1：玩家1把微软放在了(396,318)
2018/3/1 22:38:42 房间 1：uvwxyz说：“你怎么一下子放这么多”
2018/3/1 22:38:41 房间 1：电视于(681.4,318)被生成
2018/3/1 22:38:41 房间 1：404说：“蛤蛤蛤”
2018/3/1 22:38:37 房间 1：uvwxyz说：“我操”
2018/3/1 22:38:33 房间 1：玩家2把冰雪兽放在了(244,318)
2018/3/1 22:38:33 房间 1：玩家1把滑稽之花放在了(168,394)
2018/3/1 22:38:32 房间 1：玩家2把黑嘴放在了(244,90)
2018/3/1 22:38:32 房间 1：玩家2把千羽鹤放在了(244,166)
2018/3/1 22:38:32 房间 1：玩家1把骑士放在了(320,318)
2018/3/1 22:38:30 房间 1：玩家2把玄武放在了(244,242)
2018/3/1 22:38:29 房间 1：电视于(710.4,318)被生成
2018/3/1 22:38:27 房间 1：玩家1把微软放在了(320,166)
2018/3/1 22:38:25 房间 1：玩家1把滑稽之花放在了(168,318)
2018/3/1 22:38:25 房间 1：电视于(719.4,166)被生成
2018/3/1 22:38:24 房间 1：uvwxyz说：“这么爽”
2018/3/1 22:38:16 房间 1：玩家1把滑稽之花放在了(168,242)
2018/3/1 22:38:16 房间 1：魔兽2被使用滑稽能量
2018/3/1 22:38:14 房间 1：玩家2把无面花放在了(168,166)
2018/3/1 22:38:12 房间 1：404说：“发送信息...”
2018/3/1 22:38:11 房间 1：魔兽1被使用滑稽能量
2018/3/1 22:38:09 房间 1：玩家1把滑稽之花放在了(168,90)
2018/3/1 22:38:03 房间 1：uvwxyz说：“dongman_发送信息...”
2018/3/1 22:38:00 获取玩家2的名字为404
2018/3/1 22:38:00 玩家2加入了房间1，开始战斗。
2018/3/1 22:37:59 玩家2 连接到了服务器。
2018/3/1 22:37:58 获取玩家1的名字为uvwxyz
2018/3/1 22:37:58 玩家1创建了房间
2018/3/1 22:37:58 玩家1 连接到了服务器。
2018/3/1 22:36:46 服务端启动。

