2018/3/1 22:20:47 房间 3：魔兽21被使用滑稽能量
2018/3/1 22:20:47 房间 3：幽灵之花于(985,318)被生成
2018/3/1 22:20:47 房间 3：魔花于(985,90)被生成
2018/3/1 22:20:47 房间 3：幽灵之花于(985,394)被生成
2018/3/1 22:20:47 房间 3：幽灵之花于(985,90)被生成
2018/3/1 22:20:47 房间 3：电视于(615.4,90)被生成
2018/3/1 22:20:46 房间 3：敌对魔兽17被加上Buff fire
2018/3/1 22:20:46 房间 3：魔兽17被使用滑稽能量
2018/3/1 22:20:45 房间 3：404说：“稍微有一点延迟”
2018/3/1 22:20:44 房间 3：敌对魔兽12被加上Buff fire
2018/3/1 22:20:44 房间 3：敌对魔兽12被加上Buff fire
2018/3/1 22:20:44 房间 3：敌对魔兽1被加上Buff fire
2018/3/1 22:20:44 房间 3：魔兽18被使用滑稽能量
2018/3/1 22:20:43 房间 3：敌对魔兽11被加上Buff fire
2018/3/1 22:20:43 房间 3：敌对魔兽2被加上Buff fire
2018/3/1 22:20:43 房间 3：魔兽19被使用滑稽能量
2018/3/1 22:20:42 房间 3：敌对魔兽8被加上Buff fire
2018/3/1 22:20:42 房间 3：敌对魔兽18被加上Buff ice
2018/3/1 22:20:42 房间 3：敌对魔兽18被加上Buff fire
2018/3/1 22:20:42 房间 3：敌对魔兽18被加上Buff fire
2018/3/1 22:20:41 房间 3：敌对魔兽5被加上Buff fire
2018/3/1 22:20:41 房间 3：魔兽16被使用滑稽能量
2018/3/1 22:20:41 房间 3：敌对魔兽5被加上Buff fire
2018/3/1 22:20:39 房间 3：敌对魔兽14被加上Buff fire
2018/3/1 22:20:39 房间 3：敌对魔兽5被加上Buff fire
2018/3/1 22:20:39 房间 3：敌对魔兽3被加上Buff fire
2018/3/1 22:20:39 房间 3：小小白说：“那就好”
2018/3/1 22:20:38 房间 3：敌对魔兽17被加上Buff fire
2018/3/1 22:20:38 房间 3：敌对魔兽14被加上Buff fire
2018/3/1 22:20:38 房间 3：敌对魔兽12被加上Buff fire
2018/3/1 22:20:37 房间 3：幽灵之花于(985,394)被生成
2018/3/1 22:20:37 房间 3：幽灵之花于(985,394)被生成
2018/3/1 22:20:37 房间 3：幽灵之花于(985,242)被生成
2018/3/1 22:20:37 房间 3：幽灵之花于(985,394)被生成
2018/3/1 22:20:37 房间 3：幽灵之花于(985,166)被生成
2018/3/1 22:20:37 房间 3：魔花于(985,90)被生成
2018/3/1 22:20:37 房间 3：幽灵之花于(985,242)被生成
2018/3/1 22:20:37 房间 3：魔花于(985,166)被生成
2018/3/1 22:20:37 房间 3：魔花于(985,90)被生成
2018/3/1 22:20:37 房间 3：魔花于(985,90)被生成
2018/3/1 22:20:37 房间 3：幽灵之花于(985,166)被生成
2018/3/1 22:20:37 房间 3：幽灵之花于(985,394)被生成
2018/3/1 22:20:37 房间 3：幽灵之花于(985,90)被生成
2018/3/1 22:20:37 房间 3：魔花于(985,318)被生成
2018/3/1 22:20:37 房间 3：魔花于(985,318)被生成
2018/3/1 22:20:37 房间 3：魔花于(985,394)被生成
2018/3/1 22:20:37 房间 3：幽灵之花于(985,166)被生成
2018/3/1 22:20:37 房间 3：幽灵之花于(985,318)被生成
2018/3/1 22:20:37 房间 3：幽灵之花于(985,90)被生成
2018/3/1 22:20:37 房间 3：魔花于(985,318)被生成
2018/3/1 22:20:37 房间 3：幽灵之花于(985,318)被生成
2018/3/1 22:20:37 房间 3：幽灵之花于(985,166)被生成
2018/3/1 22:20:37 房间 3：幽灵之花于(985,166)被生成
2018/3/1 22:20:37 房间 3：幽灵之花于(985,90)被生成
2018/3/1 22:20:37 房间 3：蜘蛛怪于(597.4,90)被生成
2018/3/1 22:20:37 房间 3：蜘蛛怪于(613.4,242)被生成
2018/3/1 22:20:37 房间 3：蜘蛛怪于(602.4,394)被生成
2018/3/1 22:20:37 房间 3：蜘蛛怪于(616.4,242)被生成
2018/3/1 22:20:37 房间 3：蜘蛛怪于(644.4,242)被生成
2018/3/1 22:20:37 房间 3：贞子于(679.4,394)被生成
2018/3/1 22:20:37 房间 3：电视于(715.4,394)被生成
2018/3/1 22:20:37 房间 3：玩家1把坚硬的球放在了(548,166)
2018/3/1 22:20:36 房间 3：敌对魔兽1被加上Buff fire
2018/3/1 22:20:36 房间 3：404说：“能”
2018/3/1 22:20:35 房间 3：魔兽18被使用滑稽能量
2018/3/1 22:20:35 房间 3：敌对魔兽1被加上Buff fire
2018/3/1 22:20:34 房间 3：小小白说：“我用了”
2018/3/1 22:20:33 房间 3：电视于(629.4,318)被生成
2018/3/1 22:20:33 房间 3：敌对魔兽1被加上Buff fire
2018/3/1 22:20:33 房间 3：敌对魔兽1被加上Buff ice
2018/3/1 22:20:32 房间 3：敌对魔兽2被加上Buff fire
2018/3/1 22:20:31 房间 3：小小白说：“你那里看得到我的滑稽能量吗”
2018/3/1 22:20:31 房间 3：敌对魔兽2被加上Buff fire
2018/3/1 22:20:27 房间 3：魔花于(985,242)被生成
2018/3/1 22:20:27 房间 3：魔花于(985,318)被生成
2018/3/1 22:20:27 房间 3：幽灵之花于(985,242)被生成
2018/3/1 22:20:27 房间 3：魔花于(985,242)被生成
2018/3/1 22:20:21 房间 3：敌对魔兽1被加上Buff fire
2018/3/1 22:20:21 房间 3：敌对魔兽2被加上Buff fire
2018/3/1 22:20:20 房间 3：404说：“讲了好多”
2018/3/1 22:20:18 房间 3：魔兽19被使用滑稽能量
2018/3/1 22:20:17 房间 3：敌对魔兽8被加上Buff fire
2018/3/1 22:20:17 房间 3：魔兽18被使用滑稽能量
2018/3/1 22:20:17 房间 3：404说：“15_FPS”
2018/3/1 22:20:16 房间 3：幽灵之花于(985,318)被生成
2018/3/1 22:20:16 房间 3：魔花于(985,90)被生成
2018/3/1 22:20:16 房间 3：魔花于(985,90)被生成
2018/3/1 22:20:16 房间 3：魔花于(985,318)被生成
2018/3/1 22:20:16 房间 3：敌对魔兽9被加上Buff ice
2018/3/1 22:20:16 房间 3：魔兽17被使用滑稽能量
2018/3/1 22:20:15 房间 3：敌对魔兽6被加上Buff fire
2018/3/1 22:20:14 房间 3：魔兽15被使用滑稽能量
2018/3/1 22:20:13 房间 3：敌对魔兽6被加上Buff fire
2018/3/1 22:20:13 房间 3：玩家3把天人放在了(396,394)
2018/3/1 22:20:12 房间 3：魔兽6被使用滑稽能量
2018/3/1 22:20:11 房间 3：魔兽16被使用滑稽能量
2018/3/1 22:20:11 房间 3：魔兽15被使用滑稽能量
2018/3/1 22:20:10 房间 3：敌对魔兽11被加上Buff fire
2018/3/1 22:20:10 房间 3：敌对魔兽3被加上Buff ice
2018/3/1 22:20:09 房间 3：魔兽13被使用滑稽能量
2018/3/1 22:20:09 房间 3：敌对魔兽11被加上Buff fire
2018/3/1 22:20:09 房间 3：敌对魔兽8被加上Buff fire
2018/3/1 22:20:09 房间 3：敌对魔兽28被加上Buff fire
2018/3/1 22:20:09 房间 3：魔兽14被使用滑稽能量
2018/3/1 22:20:08 房间 3：魔兽6被使用滑稽能量
2018/3/1 22:20:08 房间 3：敌对魔兽8被加上Buff fire
2018/3/1 22:20:06 房间 3：幽灵之花于(985,166)被生成
2018/3/1 22:20:06 房间 3：魔花于(985,394)被生成
2018/3/1 22:20:06 房间 3：魔花于(985,90)被生成
2018/3/1 22:20:06 房间 3：幽灵之花于(985,394)被生成
2018/3/1 22:20:06 房间 3：敌对魔兽24被加上Buff ice
2018/3/1 22:20:06 房间 3：玩家1把麒麟放在了(396,318)
2018/3/1 22:20:06 房间 3：敌对魔兽1被加上Buff ice
2018/3/1 22:20:06 房间 3：敌对魔兽23被加上Buff fire
2018/3/1 22:20:05 房间 3：敌对魔兽23被加上Buff ice
2018/3/1 22:20:05 房间 3：敌对魔兽15被加上Buff fire
2018/3/1 22:20:03 房间 3：敌对魔兽21被加上Buff fire
2018/3/1 22:20:03 房间 3：敌对魔兽24被加上Buff fire
2018/3/1 22:20:03 房间 3：敌对魔兽2被加上Buff ice
2018/3/1 22:20:03 房间 3：玩家1把坚硬的球放在了(548,242)
2018/3/1 22:20:02 房间 3：敌对魔兽7被加上Buff fire
2018/3/1 22:20:02 房间 3：敌对魔兽24被加上Buff fire
2018/3/1 22:20:01 日志太长了，已经将它保存并且清空了屏幕。

