2018/3/1 22:09:04 房间 4：蜘蛛怪于(647.4,242)被生成
2018/3/1 22:09:04 房间 4：蜘蛛怪于(728.4,90)被生成
2018/3/1 22:09:04 房间 4：蜘蛛怪于(665.4,318)被生成
2018/3/1 22:09:04 房间 4：蜘蛛怪于(588.4,318)被生成
2018/3/1 22:09:04 房间 4：蜘蛛怪于(674.4,394)被生成
2018/3/1 22:09:04 房间 4：贞子于(649.4,318)被生成
2018/3/1 22:09:04 房间 4：贞子于(646.4,90)被生成
2018/3/1 22:09:04 房间 4：贞子于(549.4,90)被生成
2018/3/1 22:09:04 房间 4：贞子于(877,166)被生成
2018/3/1 22:09:04 房间 4：贞子于(877,318)被生成
2018/3/1 22:09:04 房间 4：贞子于(877,166)被生成
2018/3/1 22:09:03 房间 4：敌对魔兽7被加上Buff ice
2018/3/1 22:09:03 房间 4：电视于(685.4,318)被生成
2018/3/1 22:09:02 房间 4：敌对魔兽4被加上Buff ice
2018/3/1 22:08:57 房间 4：电视于(682.4,90)被生成
2018/3/1 22:08:53 房间 4：魔花于(985,90)被生成
2018/3/1 22:08:53 房间 4：幽灵之花于(985,242)被生成
2018/3/1 22:08:53 房间 4：幽灵之花于(985,318)被生成
2018/3/1 22:08:53 房间 4：幽灵之花于(985,318)被生成
2018/3/1 22:08:35 房间 4：敌对魔兽3被加上Buff fire
2018/3/1 22:08:35 房间 4：敌对魔兽3被加上Buff fire
2018/3/1 22:08:33 房间 4：敌对魔兽4被加上Buff fire
2018/3/1 22:08:32 房间 4：敌对魔兽7被加上Buff fire
2018/3/1 22:08:30 房间 4：敌对魔兽9被加上Buff ice
2018/3/1 22:08:28 房间 4：敌对魔兽5被加上Buff ice
2018/3/1 22:08:27 房间 4：玩家1把黑鹰放在了(244,318)
2018/3/1 22:08:21 房间 4：玩家1把麒麟放在了(244,166)
2018/3/1 22:08:18 房间 4：玩家4把麒麟放在了(244,90)
2018/3/1 22:08:17 房间 4：幽灵之花于(985,90)被生成
2018/3/1 22:08:17 房间 4：幽灵之花于(985,318)被生成
2018/3/1 22:08:17 房间 4：魔花于(985,90)被生成
2018/3/1 22:08:17 房间 4：幽灵之花于(985,394)被生成
2018/3/1 22:08:16 房间 4：电视于(585.4,90)被生成
2018/3/1 22:08:15 房间 4：玩家1把黑鹰放在了(244,394)
2018/3/1 22:08:07 房间 4：幽灵之花于(985,394)被生成
2018/3/1 22:08:07 房间 4：幽灵之花于(985,166)被生成
2018/3/1 22:08:07 房间 4：幽灵之花于(985,394)被生成
2018/3/1 22:08:07 房间 4：魔花于(985,394)被生成
2018/3/1 22:08:02 房间 4：玩家1把黑鹰放在了(244,242)
2018/3/1 22:07:58 房间 4：玩家4把失落的滑稽放在了(320,242)
2018/3/1 22:07:52 房间 4：电视于(712.4,166)被生成
2018/3/1 22:07:50 房间 4：玩家1把无面花放在了(168,394)
2018/3/1 22:07:49 房间 4：玩家4把无面花放在了(168,318)
2018/3/1 22:07:40 房间 4：电视于(590.4,318)被生成
2018/3/1 22:07:35 房间 4：玩家4把无面花放在了(168,242)
2018/3/1 22:07:32 房间 4：玩家1把无面花放在了(168,166)
2018/3/1 22:07:29 房间 4：电视于(632.4,166)被生成
2018/3/1 22:07:27 房间 4：玩家4把无面花放在了(168,90)
2018/3/1 22:07:24 房间 4：404说：“”
2018/3/1 22:07:16 获取玩家1的名字为小小白
2018/3/1 22:07:16 玩家1加入了房间4，开始战斗。
2018/3/1 22:07:16 玩家1 连接到了服务器。
2018/3/1 22:07:11 获取玩家4的名字为404
2018/3/1 22:07:11 玩家4创建了房间
2018/3/1 22:07:11 玩家4 连接到了服务器。
2018/3/1 22:06:53 玩家2 退出了游戏 .
2018/3/1 22:06:45 房间 2：敌对魔兽1被加上Buff ice
2018/3/1 22:06:43 房间 2：魔蝠于(836,394)被生成
2018/3/1 22:06:35 房间 2：敌对魔兽1被加上Buff ice
2018/3/1 22:06:33 房间 2：敌对魔兽1被加上Buff ice
2018/3/1 22:06:33 房间 2：魔蝠于(910,394)被生成
2018/3/1 22:06:29 房间 2：敌对魔兽7被加上Buff ice
2018/3/1 22:06:28 房间 2：敌对魔兽7被加上Buff ice
2018/3/1 22:06:27 房间 2：敌对魔兽7被加上Buff ice
2018/3/1 22:06:25 房间 2：敌对魔兽11被加上Buff ice
2018/3/1 22:06:24 房间 2：敌对魔兽10被加上Buff ice
2018/3/1 22:06:23 房间 2：敌对魔兽10被加上Buff ice
2018/3/1 22:06:23 房间 2：魔蝠于(984.5,242)被生成
2018/3/1 22:06:23 房间 2：魔蝠于(984.5,394)被生成
2018/3/1 22:06:22 房间 2：敌对魔兽17被加上Buff ice
2018/3/1 22:06:22 房间 2：电视于(711.4,90)被生成
2018/3/1 22:06:21 房间 2：敌对魔兽20被加上Buff fire
2018/3/1 22:06:21 房间 2：敌对魔兽15被加上Buff fire
2018/3/1 22:06:20 房间 2：敌对魔兽19被加上Buff ice
2018/3/1 22:06:20 房间 2：敌对魔兽13被加上Buff ice
2018/3/1 22:06:20 房间 2：敌对魔兽13被加上Buff ice
2018/3/1 22:06:19 房间 2：敌对魔兽20被加上Buff fire
2018/3/1 22:06:18 房间 2：敌对魔兽22被加上Buff fire
2018/3/1 22:06:16 房间 2：敌对魔兽5被加上Buff ice
2018/3/1 22:06:16 房间 2：敌对魔兽7被加上Buff ice
2018/3/1 22:06:13 房间 2：魔蝠于(1058,394)被生成
2018/3/1 22:06:13 房间 2：魔蝠于(1058,242)被生成
2018/3/1 22:06:13 房间 2：幽灵之花于(985,394)被生成
2018/3/1 22:06:13 房间 2：绝望于(985,166)被生成
2018/3/1 22:06:13 房间 2：幽灵之花于(985,318)被生成
2018/3/1 22:06:13 房间 2：病毒于(985,318)被生成
2018/3/1 22:06:13 房间 2：深空之眼于(985,90)被生成
2018/3/1 22:06:13 房间 2：魔蝠于(985,394)被生成
2018/3/1 22:06:13 房间 2：幽灵之花于(985,242)被生成
2018/3/1 22:06:13 房间 2：裂空玩偶于(985,394)被生成
2018/3/1 22:06:13 房间 2：魔蝠于(985,90)被生成
2018/3/1 22:06:13 房间 2：深空之眼于(985,166)被生成
2018/3/1 22:06:13 房间 2：巫师于(985,90)被生成
2018/3/1 22:06:13 房间 2：巫师于(985,394)被生成
2018/3/1 22:06:13 房间 2：魔蝠于(985,394)被生成
2018/3/1 22:06:13 房间 2：幽灵之花于(985,394)被生成
2018/3/1 22:06:13 房间 2：裂空玩偶于(985,242)被生成
2018/3/1 22:06:13 房间 2：魔蝠于(985,242)被生成
2018/3/1 22:06:13 房间 2：幽灵之花于(985,242)被生成
2018/3/1 22:06:13 房间 2：深空之眼于(985,318)被生成
2018/3/1 22:06:13 房间 2：幽灵之花于(985,394)被生成
2018/3/1 22:06:13 房间 2：深空之眼于(985,242)被生成
2018/3/1 22:06:13 房间 2：巫师于(985,318)被生成
2018/3/1 22:06:13 房间 2：深空莲花于(985,166)被生成
2018/3/1 22:06:13 房间 2：幽灵之花于(985,318)被生成
2018/3/1 22:06:13 房间 2：巫师于(985,242)被生成
2018/3/1 22:06:13 房间 2：蜘蛛怪于(652.4,242)被生成
2018/3/1 22:06:13 房间 2：蜘蛛怪于(693.4,166)被生成
2018/3/1 22:06:13 房间 2：蜘蛛怪于(657.4,166)被生成
2018/3/1 22:06:13 房间 2：蜘蛛怪于(605.4,394)被生成
2018/3/1 22:06:13 房间 2：蜘蛛怪于(663.4,242)被生成
2018/3/1 22:06:13 房间 2：贞子于(674.4,318)被生成
2018/3/1 22:06:13 房间 2：贞子于(677.4,318)被生成
2018/3/1 22:06:11 房间 2：电视于(713.4,318)被生成
2018/3/1 22:06:10 房间 2：电视于(710.4,318)被生成
2018/3/1 22:06:03 房间 2：吸血鬼于(985,394)被生成
2018/3/1 22:06:03 房间 2：幽灵之花于(985,90)被生成
2018/3/1 22:06:03 房间 2：吸血鬼于(985,318)被生成
2018/3/1 22:06:03 房间 2：魔蝠于(985,394)被生成
2018/3/1 22:06:00 房间 2：敌对魔兽3被加上Buff fire
2018/3/1 22:05:59 房间 2：敌对魔兽2被加上Buff ice
2018/3/1 22:05:57 日志太长了，已经将它保存并且清空了屏幕。

