2018/3/1 22:14:47 房间 2：魔兽5被使用滑稽能量
2018/3/1 22:14:47 房间 2：魔兽5被使用滑稽能量
2018/3/1 22:14:47 房间 2：魔兽5被使用滑稽能量
2018/3/1 22:14:47 房间 2：敌对魔兽2被加上Buff fire
2018/3/1 22:14:46 房间 2：魔兽5被使用滑稽能量
2018/3/1 22:14:46 房间 2：魔兽5被使用滑稽能量
2018/3/1 22:14:46 房间 2：敌对魔兽4被加上Buff ice
2018/3/1 22:14:46 房间 2：魔兽5被使用滑稽能量
2018/3/1 22:14:45 房间 2：魔兽5被使用滑稽能量
2018/3/1 22:14:45 房间 2：魔兽5被使用滑稽能量
2018/3/1 22:14:44 房间 2：魔兽5被使用滑稽能量
2018/3/1 22:14:44 房间 2：敌对魔兽3被加上Buff fire
2018/3/1 22:14:44 房间 2：魔兽5被使用滑稽能量
2018/3/1 22:14:44 房间 2：敌对魔兽5被加上Buff ice
2018/3/1 22:14:44 房间 2：幽灵之花于(985,394)被生成
2018/3/1 22:14:44 房间 2：幽灵之花于(985,166)被生成
2018/3/1 22:14:44 房间 2：幽灵之花于(985,318)被生成
2018/3/1 22:14:44 房间 2：幽灵之花于(985,242)被生成
2018/3/1 22:14:44 房间 2：幽灵之花于(985,242)被生成
2018/3/1 22:14:44 房间 2：幽灵之花于(985,242)被生成
2018/3/1 22:14:44 房间 2：魔花于(985,394)被生成
2018/3/1 22:14:44 房间 2：幽灵之花于(985,166)被生成
2018/3/1 22:14:44 房间 2：幽灵之花于(985,394)被生成
2018/3/1 22:14:44 房间 2：幽灵之花于(985,90)被生成
2018/3/1 22:14:44 房间 2：幽灵之花于(985,90)被生成
2018/3/1 22:14:44 房间 2：幽灵之花于(985,242)被生成
2018/3/1 22:14:44 房间 2：魔花于(985,242)被生成
2018/3/1 22:14:44 房间 2：魔花于(985,166)被生成
2018/3/1 22:14:44 房间 2：幽灵之花于(985,166)被生成
2018/3/1 22:14:44 房间 2：幽灵之花于(985,242)被生成
2018/3/1 22:14:44 房间 2：幽灵之花于(985,242)被生成
2018/3/1 22:14:44 房间 2：幽灵之花于(985,242)被生成
2018/3/1 22:14:44 房间 2：魔花于(985,318)被生成
2018/3/1 22:14:44 房间 2：幽灵之花于(985,394)被生成
2018/3/1 22:14:44 房间 2：幽灵之花于(985,242)被生成
2018/3/1 22:14:44 房间 2：幽灵之花于(985,318)被生成
2018/3/1 22:14:44 房间 2：幽灵之花于(985,166)被生成
2018/3/1 22:14:44 房间 2：魔花于(985,242)被生成
2018/3/1 22:14:44 房间 2：蜘蛛怪于(758.4,318)被生成
2018/3/1 22:14:44 房间 2：蜘蛛怪于(731.4,166)被生成
2018/3/1 22:14:43 房间 2：蜘蛛怪于(692.4,90)被生成
2018/3/1 22:14:43 房间 2：蜘蛛怪于(722.4,394)被生成
2018/3/1 22:14:43 房间 2：蜘蛛怪于(597.4,242)被生成
2018/3/1 22:14:43 房间 2：魔兽5被使用滑稽能量
2018/3/1 22:14:43 房间 2：敌对魔兽3被加上Buff ice
2018/3/1 22:14:43 房间 2：魔兽5被使用滑稽能量
2018/3/1 22:14:43 房间 2：魔兽5被使用滑稽能量
2018/3/1 22:14:42 房间 2：魔兽5被使用滑稽能量
2018/3/1 22:14:42 房间 2：魔兽5被使用滑稽能量
2018/3/1 22:14:42 房间 2：魔兽5被使用滑稽能量
2018/3/1 22:14:41 房间 2：魔兽5被使用滑稽能量
2018/3/1 22:14:41 房间 2：敌对魔兽7被加上Buff ice
2018/3/1 22:14:41 房间 2：魔兽5被使用滑稽能量
2018/3/1 22:14:41 房间 2：魔兽5被使用滑稽能量
2018/3/1 22:14:40 房间 2：魔兽7被使用滑稽能量
2018/3/1 22:14:40 房间 2：魔兽7被使用滑稽能量
2018/3/1 22:14:40 房间 2：魔兽5被使用滑稽能量
2018/3/1 22:14:40 房间 2：魔兽7被使用滑稽能量
2018/3/1 22:14:40 房间 2：魔兽5被使用滑稽能量
2018/3/1 22:14:40 房间 2：敌对魔兽7被加上Buff ice
2018/3/1 22:14:40 房间 2：魔兽7被使用滑稽能量
2018/3/1 22:14:39 房间 2：魔兽5被使用滑稽能量
2018/3/1 22:14:39 房间 2：魔兽7被使用滑稽能量
2018/3/1 22:14:39 房间 2：魔兽5被使用滑稽能量
2018/3/1 22:14:39 房间 2：魔兽7被使用滑稽能量
2018/3/1 22:14:39 房间 2：魔兽5被使用滑稽能量
2018/3/1 22:14:39 房间 2：魔兽7被使用滑稽能量
2018/3/1 22:14:38 房间 2：魔兽5被使用滑稽能量
2018/3/1 22:14:36 房间 2：魔兽7被使用滑稽能量
2018/3/1 22:14:36 房间 2：敌对魔兽2被加上Buff ice
2018/3/1 22:14:35 房间 2：魔兽7被使用滑稽能量
2018/3/1 22:14:34 房间 2：敌对魔兽1被加上Buff fire
2018/3/1 22:14:33 房间 2：魔花于(985,166)被生成
2018/3/1 22:14:33 房间 2：幽灵之花于(985,166)被生成
2018/3/1 22:14:33 房间 2：幽灵之花于(985,394)被生成
2018/3/1 22:14:33 房间 2：魔花于(985,318)被生成
2018/3/1 22:14:33 房间 2：敌对魔兽7被加上Buff fire
2018/3/1 22:14:31 房间 2：魔兽7被使用滑稽能量
2018/3/1 22:14:30 房间 2：电视于(728.4,90)被生成
2018/3/1 22:14:30 房间 2：魔兽7被使用滑稽能量
2018/3/1 22:14:30 房间 2：魔兽7被使用滑稽能量
2018/3/1 22:14:29 房间 2：魔兽7被使用滑稽能量
2018/3/1 22:14:29 房间 2：敌对魔兽1被加上Buff fire
2018/3/1 22:14:29 房间 2：魔兽7被使用滑稽能量
2018/3/1 22:14:28 房间 2：魔兽7被使用滑稽能量
2018/3/1 22:14:28 房间 2：魔兽7被使用滑稽能量
2018/3/1 22:14:27 房间 2：魔兽7被使用滑稽能量
2018/3/1 22:14:27 房间 2：魔兽7被使用滑稽能量
2018/3/1 22:14:27 房间 2：魔兽7被使用滑稽能量
2018/3/1 22:14:26 房间 2：魔兽7被使用滑稽能量
2018/3/1 22:14:26 房间 2：魔兽7被使用滑稽能量
2018/3/1 22:14:25 房间 2：魔兽7被使用滑稽能量
2018/3/1 22:14:25 房间 2：魔兽7被使用滑稽能量
2018/3/1 22:14:25 房间 2：魔兽7被使用滑稽能量
2018/3/1 22:14:24 房间 2：魔兽7被使用滑稽能量
2018/3/1 22:14:24 房间 2：魔兽7被使用滑稽能量
2018/3/1 22:14:24 房间 2：魔兽7被使用滑稽能量
2018/3/1 22:14:24 房间 2：幽灵之花于(985,394)被生成
2018/3/1 22:14:24 房间 2：幽灵之花于(985,318)被生成
2018/3/1 22:14:24 房间 2：魔花于(985,318)被生成
2018/3/1 22:14:24 房间 2：魔花于(985,166)被生成
2018/3/1 22:14:23 房间 2：魔兽7被使用滑稽能量
2018/3/1 22:14:23 房间 2：魔兽7被使用滑稽能量
2018/3/1 22:14:23 房间 2：魔兽7被使用滑稽能量
2018/3/1 22:14:22 房间 2：魔兽7被使用滑稽能量
2018/3/1 22:14:22 房间 2：魔兽7被使用滑稽能量
2018/3/1 22:14:21 房间 2：魔兽7被使用滑稽能量
2018/3/1 22:14:21 房间 2：魔兽7被使用滑稽能量
2018/3/1 22:14:21 房间 2：魔兽7被使用滑稽能量
2018/3/1 22:14:20 房间 2：魔兽7被使用滑稽能量
2018/3/1 22:14:20 房间 2：敌对魔兽22被加上Buff fire
2018/3/1 22:14:20 房间 2：魔兽7被使用滑稽能量
2018/3/1 22:14:19 房间 2：魔兽7被使用滑稽能量
2018/3/1 22:14:19 房间 2：魔兽7被使用滑稽能量
2018/3/1 22:14:18 房间 2：魔兽7被使用滑稽能量
2018/3/1 22:14:18 房间 2：魔兽7被使用滑稽能量
2018/3/1 22:14:18 房间 2：魔兽7被使用滑稽能量
2018/3/1 22:14:17 房间 2：魔兽7被使用滑稽能量
2018/3/1 22:14:17 房间 2：电视于(746.4,242)被生成
2018/3/1 22:14:17 房间 2：魔兽7被使用滑稽能量
2018/3/1 22:14:17 房间 2：魔兽7被使用滑稽能量
2018/3/1 22:14:16 房间 2：魔兽7被使用滑稽能量
2018/3/1 22:14:16 房间 2：魔兽7被使用滑稽能量
2018/3/1 22:14:16 房间 2：魔兽7被使用滑稽能量
2018/3/1 22:14:16 房间 2：魔兽7被使用滑稽能量
2018/3/1 22:14:15 房间 2：魔兽7被使用滑稽能量
2018/3/1 22:14:15 房间 2：魔兽7被使用滑稽能量
2018/3/1 22:14:15 房间 2：魔兽7被使用滑稽能量
2018/3/1 22:14:14 房间 2：魔兽7被使用滑稽能量
2018/3/1 22:14:14 房间 2：魔兽7被使用滑稽能量
2018/3/1 22:14:14 房间 2：幽灵之花于(985,394)被生成
2018/3/1 22:14:14 房间 2：幽灵之花于(985,394)被生成
2018/3/1 22:14:13 日志太长了，已经将它保存并且清空了屏幕。

