2018/3/1 21:56:06 房间 2：幽灵之花于(985,242)被生成
2018/3/1 21:56:06 房间 2：蜘蛛怪于(586.4,166)被生成
2018/3/1 21:56:06 房间 2：蜘蛛怪于(593.4,90)被生成
2018/3/1 21:56:06 房间 2：蜘蛛怪于(727.4,90)被生成
2018/3/1 21:56:06 房间 2：蜘蛛怪于(711.4,90)被生成
2018/3/1 21:56:06 房间 2：蜘蛛怪于(618.4,166)被生成
2018/3/1 21:56:04 房间 3：玩家3把滑稽之花放在了(320,242)
2018/3/1 21:56:03 房间 2：玩家1把迪莫放在了(472,166)
2018/3/1 21:56:03 房间 2：敌对魔兽3被加上Buff ice
2018/3/1 21:56:03 房间 2：敌对魔兽3被加上Buff fire
2018/3/1 21:56:02 房间 2：敌对魔兽5被加上Buff ice
2018/3/1 21:55:59 房间 2：敌对魔兽7被加上Buff fire
2018/3/1 21:55:57 房间 2：敌对魔兽7被加上Buff fire
2018/3/1 21:55:56 房间 2：敌对魔兽7被加上Buff ice
2018/3/1 21:55:55 房间 2：幽灵之花于(985,242)被生成
2018/3/1 21:55:55 房间 2：幽灵之花于(985,242)被生成
2018/3/1 21:55:55 房间 2：魔花于(985,166)被生成
2018/3/1 21:55:55 房间 2：幽灵之花于(985,166)被生成
2018/3/1 21:55:52 房间 2：敌对魔兽8被加上Buff fire
2018/3/1 21:55:52 房间 2：电视于(642.4,242)被生成
2018/3/1 21:55:50 房间 3：电视于(630.4,242)被生成
2018/3/1 21:55:49 房间 2：敌对魔兽1被加上Buff ice
2018/3/1 21:55:47 房间 3：电视于(669.4,242)被生成
2018/3/1 21:55:45 房间 3：玩家3把滑稽之花放在了(168,90)
2018/3/1 21:55:45 房间 2：魔花于(985,318)被生成
2018/3/1 21:55:45 房间 2：幽灵之花于(985,394)被生成
2018/3/1 21:55:45 房间 2：幽灵之花于(985,166)被生成
2018/3/1 21:55:45 房间 2：魔花于(985,394)被生成
2018/3/1 21:55:44 房间 2：敌对魔兽2被加上Buff ice
2018/3/1 21:55:43 房间 2：敌对魔兽1被加上Buff ice
2018/3/1 21:55:43 房间 2：玩家1把黑嘴放在了(472,318)
2018/3/1 21:55:42 房间 2：电视于(757.4,242)被生成
2018/3/1 21:55:41 房间 2：敌对魔兽8被加上Buff fire
2018/3/1 21:55:41 房间 2：玩家1把迪莫放在了(472,394)
2018/3/1 21:55:39 房间 2：玩家1把麒麟放在了(472,90)
2018/3/1 21:55:37 房间 3：电视于(719.4,242)被生成
2018/3/1 21:55:36 房间 2：敌对魔兽12被加上Buff ice
2018/3/1 21:55:36 房间 2：敌对魔兽3被加上Buff ice
2018/3/1 21:55:35 房间 2：幽灵之花于(985,166)被生成
2018/3/1 21:55:35 房间 2：魔花于(985,394)被生成
2018/3/1 21:55:35 房间 2：魔花于(985,166)被生成
2018/3/1 21:55:35 房间 2：幽灵之花于(985,318)被生成
2018/3/1 21:55:35 房间 2：敌对魔兽15被加上Buff ice
2018/3/1 21:55:34 房间 2：敌对魔兽19被加上Buff fire
2018/3/1 21:55:33 房间 2：敌对魔兽23被加上Buff fire
2018/3/1 21:55:33 房间 2：敌对魔兽19被加上Buff fire
2018/3/1 21:55:32 房间 2：敌对魔兽20被加上Buff fire
2018/3/1 21:55:32 房间 2：敌对魔兽7被加上Buff fire
2018/3/1 21:55:32 房间 2：敌对魔兽14被加上Buff ice
2018/3/1 21:55:32 房间 2：敌对魔兽14被加上Buff ice
2018/3/1 21:55:32 房间 2：敌对魔兽22被加上Buff fire
2018/3/1 21:55:32 房间 2：玩家2把坚硬的球放在了(548,318)
2018/3/1 21:55:32 房间 2：敌对魔兽37被加上Buff fire
2018/3/1 21:55:32 房间 2：敌对魔兽37被加上Buff fire
2018/3/1 21:55:32 房间 2：敌对魔兽8被加上Buff fire
2018/3/1 21:55:31 房间 2：敌对魔兽2被加上Buff ice
2018/3/1 21:55:31 房间 2：敌对魔兽10被加上Buff fire
2018/3/1 21:55:26 房间 2：敌对魔兽17被加上Buff ice
2018/3/1 21:55:26 房间 2：魔花于(985,318)被生成
2018/3/1 21:55:26 房间 2：幽灵之花于(985,394)被生成
2018/3/1 21:55:26 房间 2：幽灵之花于(985,166)被生成
2018/3/1 21:55:26 房间 2：幽灵之花于(985,166)被生成
2018/3/1 21:55:26 房间 2：魔花于(985,394)被生成
2018/3/1 21:55:26 房间 2：魔花于(985,394)被生成
2018/3/1 21:55:26 房间 2：幽灵之花于(985,318)被生成
2018/3/1 21:55:26 房间 2：幽灵之花于(985,242)被生成
2018/3/1 21:55:26 房间 2：幽灵之花于(985,90)被生成
2018/3/1 21:55:26 房间 2：魔花于(985,318)被生成
2018/3/1 21:55:26 房间 2：幽灵之花于(985,242)被生成
2018/3/1 21:55:26 房间 2：幽灵之花于(985,242)被生成
2018/3/1 21:55:26 房间 2：幽灵之花于(985,166)被生成
2018/3/1 21:55:26 房间 2：魔花于(985,394)被生成
2018/3/1 21:55:26 房间 2：幽灵之花于(985,90)被生成
2018/3/1 21:55:26 房间 2：幽灵之花于(985,166)被生成
2018/3/1 21:55:26 房间 2：魔花于(985,166)被生成
2018/3/1 21:55:26 房间 2：魔花于(985,90)被生成
2018/3/1 21:55:26 房间 2：幽灵之花于(985,242)被生成
2018/3/1 21:55:26 房间 2：魔花于(985,90)被生成
2018/3/1 21:55:26 房间 2：幽灵之花于(985,242)被生成
2018/3/1 21:55:26 房间 2：幽灵之花于(985,166)被生成
2018/3/1 21:55:26 房间 2：魔花于(985,242)被生成
2018/3/1 21:55:26 房间 2：幽灵之花于(985,242)被生成
2018/3/1 21:55:26 房间 2：蜘蛛怪于(686.4,318)被生成
2018/3/1 21:55:26 房间 2：蜘蛛怪于(585.4,90)被生成
2018/3/1 21:55:26 房间 2：蜘蛛怪于(722.4,90)被生成
2018/3/1 21:55:26 房间 2：蜘蛛怪于(638.4,90)被生成
2018/3/1 21:55:26 房间 2：蜘蛛怪于(703.4,166)被生成
2018/3/1 21:55:26 房间 2：贞子于(877,318)被生成
2018/3/1 21:55:17 房间 2：敌对魔兽2被加上Buff ice
2018/3/1 21:55:15 房间 2：幽灵之花于(985,394)被生成
2018/3/1 21:55:15 房间 2：幽灵之花于(985,90)被生成
2018/3/1 21:55:15 房间 2：魔花于(985,318)被生成
2018/3/1 21:55:15 房间 2：幽灵之花于(985,166)被生成
2018/3/1 21:55:13 房间 2：敌对魔兽2被加上Buff fire
2018/3/1 21:55:13 房间 2：敌对魔兽3被加上Buff fire
2018/3/1 21:55:11 房间 2：敌对魔兽4被加上Buff fire
2018/3/1 21:55:07 房间 2：玩家2把冰棍放在了(396,318)
2018/3/1 21:55:06 房间 2：玩家1把无面花放在了(168,90)
2018/3/1 21:55:05 房间 2：幽灵之花于(985,242)被生成
2018/3/1 21:55:05 房间 2：幽灵之花于(985,394)被生成
2018/3/1 21:55:05 房间 2：幽灵之花于(985,318)被生成
2018/3/1 21:55:05 房间 2：幽灵之花于(985,318)被生成
2018/3/1 21:55:05 房间 2：玩家1把麒麟放在了(396,242)
2018/3/1 21:55:04 房间 2：敌对魔兽10被加上Buff fire
2018/3/1 21:55:04 房间 2：敌对魔兽6被加上Buff fire
2018/3/1 21:55:03 房间 2：敌对魔兽14被加上Buff ice
2018/3/1 21:55:02 房间 2：敌对魔兽9被加上Buff ice
2018/3/1 21:55:01 房间 2：敌对魔兽10被加上Buff fire
2018/3/1 21:55:01 房间 2：敌对魔兽3被加上Buff fire
2018/3/1 21:54:59 房间 2：电视于(721.4,394)被生成
2018/3/1 21:54:58 房间 2：敌对魔兽14被加上Buff fire
2018/3/1 21:54:58 房间 2：敌对魔兽1被加上Buff fire
2018/3/1 21:54:57 房间 2：敌对魔兽10被加上Buff fire
2018/3/1 21:54:57 房间 2：敌对魔兽12被加上Buff fire
2018/3/1 21:54:57 房间 2：敌对魔兽5被加上Buff fire
2018/3/1 21:54:56 房间 2：玩家2把坚硬的球放在了(548,166)
2018/3/1 21:54:56 房间 2：幽灵之花于(985,394)被生成
2018/3/1 21:54:56 房间 2：幽灵之花于(985,394)被生成
2018/3/1 21:54:56 房间 2：幽灵之花于(985,318)被生成
2018/3/1 21:54:55 日志太长了，已经将它保存并且清空了屏幕。

