2018/3/1 22:22:40 房间 3：裂空玩偶于(985,318)被生成
2018/3/1 22:22:40 房间 3：魔蝠于(985,90)被生成
2018/3/1 22:22:40 房间 3：幽灵之花于(985,90)被生成
2018/3/1 22:22:40 房间 3：恶魔于(985,242)被生成
2018/3/1 22:22:40 房间 3：深空莲花于(985,242)被生成
2018/3/1 22:22:40 房间 3：裂空玩偶于(985,242)被生成
2018/3/1 22:22:40 房间 3：病毒于(985,394)被生成
2018/3/1 22:22:40 房间 3：魔蝠于(985,242)被生成
2018/3/1 22:22:40 房间 3：裂空玩偶于(985,90)被生成
2018/3/1 22:22:40 房间 3：巫师于(985,394)被生成
2018/3/1 22:22:40 房间 3：恶魔于(985,90)被生成
2018/3/1 22:22:40 房间 3：深空莲花于(985,90)被生成
2018/3/1 22:22:40 房间 3：幽灵之花于(985,90)被生成
2018/3/1 22:22:40 房间 3：魔蝠于(985,90)被生成
2018/3/1 22:22:40 房间 3：恶魔于(985,90)被生成
2018/3/1 22:22:40 房间 3：恶魔于(985,166)被生成
2018/3/1 22:22:40 房间 3：恶魔于(985,242)被生成
2018/3/1 22:22:40 房间 3：深空莲花于(985,90)被生成
2018/3/1 22:22:40 房间 3：魔蝠于(985,242)被生成
2018/3/1 22:22:40 房间 3：幽灵之花于(985,90)被生成
2018/3/1 22:22:39 房间 3：小小白说：“在哪看”
2018/3/1 22:22:34 房间 3：敌对魔兽1被加上Buff ice
2018/3/1 22:22:34 房间 3：敌对魔兽3被加上Buff fire
2018/3/1 22:22:32 房间 3：404说：“我这边才14FPS”
2018/3/1 22:22:32 房间 3：敌对魔兽3被加上Buff fire
2018/3/1 22:22:30 房间 3：敌对魔兽1被加上Buff fire
2018/3/1 22:22:30 房间 3：深空莲花于(985,242)被生成
2018/3/1 22:22:30 房间 3：巫师于(985,394)被生成
2018/3/1 22:22:30 房间 3：魔蝠于(985,90)被生成
2018/3/1 22:22:30 房间 3：幽灵之花于(985,394)被生成
2018/3/1 22:22:27 房间 3：小小白说：“你看我们都百毒不侵了”
2018/3/1 22:22:25 房间 3：敌对魔兽3被加上Buff fire
2018/3/1 22:22:25 房间 3：敌对魔兽2被加上Buff fire
2018/3/1 22:22:22 房间 3：小小白说：“没事”
2018/3/1 22:22:20 房间 3：魔蝠于(1056.5,166)被生成
2018/3/1 22:22:20 房间 3：敌对魔兽3被加上Buff fire
2018/3/1 22:22:20 房间 3：幽灵之花于(985,242)被生成
2018/3/1 22:22:20 房间 3：裂空玩偶于(985,166)被生成
2018/3/1 22:22:20 房间 3：幽灵之花于(985,394)被生成
2018/3/1 22:22:20 房间 3：幽灵之花于(985,318)被生成
2018/3/1 22:22:17 房间 3：404说：“我觉得我该降低难度了”
2018/3/1 22:22:13 房间 3：敌对魔兽2被加上Buff fire
2018/3/1 22:22:12 房间 3：敌对魔兽6被加上Buff fire
2018/3/1 22:22:12 房间 3：魔兽26被使用滑稽能量
2018/3/1 22:22:12 房间 3：敌对魔兽6被加上Buff fire
2018/3/1 22:22:12 房间 3：404说：“天啊你看进度条”
2018/3/1 22:22:11 房间 3：敌对魔兽6被加上Buff fire
2018/3/1 22:22:10 房间 3：电视于(634.4,394)被生成
2018/3/1 22:22:10 房间 3：小小白说：“我就喜欢这么干”
2018/3/1 22:22:10 房间 3：敌对魔兽6被加上Buff fire
2018/3/1 22:22:09 房间 3：魔蝠于(1024.5,166)被生成
2018/3/1 22:22:09 房间 3：幽灵之花于(985,242)被生成
2018/3/1 22:22:09 房间 3：病毒于(985,318)被生成
2018/3/1 22:22:09 房间 3：幽灵之花于(985,90)被生成
2018/3/1 22:22:09 房间 3：幽灵之花于(985,394)被生成
2018/3/1 22:22:08 房间 3：敌对魔兽3被加上Buff fire
2018/3/1 22:22:08 房间 3：敌对魔兽11被加上Buff fire
2018/3/1 22:22:08 房间 3：敌对魔兽7被加上Buff fire
2018/3/1 22:22:08 房间 3：敌对魔兽1被加上Buff fire
2018/3/1 22:22:07 房间 3：魔兽27被使用滑稽能量
2018/3/1 22:22:07 房间 3：敌对魔兽16被加上Buff fire
2018/3/1 22:22:07 房间 3：敌对魔兽14被加上Buff fire
2018/3/1 22:22:07 房间 3：敌对魔兽6被加上Buff fire
2018/3/1 22:22:06 房间 3：敌对魔兽7被加上Buff fire
2018/3/1 22:22:06 房间 3：魔兽29被使用滑稽能量
2018/3/1 22:22:05 房间 3：敌对魔兽17被加上Buff fire
2018/3/1 22:22:05 房间 3：敌对魔兽2被加上Buff ice
2018/3/1 22:22:05 房间 3：敌对魔兽1被加上Buff fire
2018/3/1 22:22:05 房间 3：魔兽30被使用滑稽能量
2018/3/1 22:22:04 房间 3：敌对魔兽20被加上Buff fire
2018/3/1 22:22:04 房间 3：电视于(711.4,318)被生成
2018/3/1 22:22:04 房间 3：敌对魔兽2被加上Buff ice
2018/3/1 22:22:04 房间 3：404说：“2333”
2018/3/1 22:22:04 房间 3：敌对魔兽5被加上Buff fire
2018/3/1 22:22:03 房间 3：敌对魔兽12被加上Buff fire
2018/3/1 22:22:03 房间 3：魔兽27被使用滑稽能量
2018/3/1 22:22:03 房间 3：敌对魔兽9被加上Buff fire
2018/3/1 22:22:03 房间 3：敌对魔兽15被加上Buff fire
2018/3/1 22:22:03 房间 3：敌对魔兽9被加上Buff fire
2018/3/1 22:22:03 房间 3：敌对魔兽23被加上Buff fire
2018/3/1 22:22:03 房间 3：敌对魔兽11被加上Buff fire
2018/3/1 22:22:01 房间 3：敌对魔兽4被加上Buff fire
2018/3/1 22:22:01 房间 3：敌对魔兽8被加上Buff fire
2018/3/1 22:22:01 房间 3：敌对魔兽5被加上Buff fire
2018/3/1 22:22:00 房间 3：魔兽28被使用滑稽能量
2018/3/1 22:22:00 房间 3：敌对魔兽24被加上Buff fire
2018/3/1 22:21:59 房间 3：敌对魔兽14被加上Buff fire
2018/3/1 22:21:59 房间 3：魔蝠于(1058,166)被生成
2018/3/1 22:21:59 房间 3：魔蝠于(1058,318)被生成
2018/3/1 22:21:59 房间 3：巫师于(985,318)被生成
2018/3/1 22:21:59 房间 3：裂空玩偶于(985,166)被生成
2018/3/1 22:21:59 房间 3：深空莲花于(985,318)被生成
2018/3/1 22:21:59 房间 3：魔蝠于(985,242)被生成
2018/3/1 22:21:59 房间 3：深空莲花于(985,90)被生成
2018/3/1 22:21:59 房间 3：裂空玩偶于(985,318)被生成
2018/3/1 22:21:59 房间 3：恶魔于(985,394)被生成
2018/3/1 22:21:59 房间 3：病毒于(985,90)被生成
2018/3/1 22:21:59 房间 3：恶魔于(985,166)被生成
2018/3/1 22:21:59 房间 3：深空莲花于(985,166)被生成
2018/3/1 22:21:59 房间 3：巫师于(985,242)被生成
2018/3/1 22:21:59 房间 3：巫师于(985,242)被生成
2018/3/1 22:21:59 房间 3：巫师于(985,166)被生成
2018/3/1 22:21:59 房间 3：幽灵之花于(985,166)被生成
2018/3/1 22:21:59 房间 3：幽灵之花于(985,166)被生成
2018/3/1 22:21:59 房间 3：巫师于(985,318)被生成
2018/3/1 22:21:59 房间 3：恶魔于(985,90)被生成
2018/3/1 22:21:59 房间 3：恶魔于(985,242)被生成
2018/3/1 22:21:59 房间 3：病毒于(985,90)被生成
2018/3/1 22:21:59 房间 3：深空莲花于(985,166)被生成
2018/3/1 22:21:59 房间 3：幽灵之花于(985,394)被生成
2018/3/1 22:21:59 房间 3：幽灵之花于(985,394)被生成
2018/3/1 22:21:59 房间 3：幽灵之花于(985,166)被生成
2018/3/1 22:21:59 房间 3：深空莲花于(985,394)被生成
2018/3/1 22:21:59 房间 3：蜘蛛怪于(617.4,394)被生成
2018/3/1 22:21:59 房间 3：蜘蛛怪于(594.4,394)被生成
2018/3/1 22:21:59 房间 3：蜘蛛怪于(627.4,394)被生成
2018/3/1 22:21:59 房间 3：蜘蛛怪于(622.4,90)被生成
2018/3/1 22:21:59 房间 3：蜘蛛怪于(664.4,242)被生成
2018/3/1 22:21:57 房间 3：玩家1把冰棍放在了(472,90)
2018/3/1 22:21:56 房间 3：玩家1把麒麟放在了(472,394)
2018/3/1 22:21:55 房间 3：404说：“比如对着一个用了好几个”
2018/3/1 22:21:53 日志太长了，已经将它保存并且清空了屏幕。

